CRITICAL - 2024-11-20 13:05:37 --> ErrorException: Undefined property: App\Controllers\Home::$rquest
[Method: POST, Route: Connexion]
in APPPATH/Controllers/Home.php on line 77.
 1 APPPATH/Controllers/Home.php(77): CodeIgniter\Debug\Exceptions->errorHandler()
 2 SYSTEMPATH/CodeIgniter.php(933): App\Controllers\Home->Connexion()
 3 SYSTEMPATH/CodeIgniter.php(509): CodeIgniter\CodeIgniter->runController()
 4 SYSTEMPATH/CodeIgniter.php(355): CodeIgniter\CodeIgniter->handleRequest()
 5 SYSTEMPATH/Boot.php(325): CodeIgniter\CodeIgniter->run()
 6 SYSTEMPATH/Boot.php(67): CodeIgniter\Boot::runCodeIgniter()
 7 FCPATH/index.php(56): CodeIgniter\Boot::bootWeb()
 8 SYSTEMPATH/rewrite.php(44): require_once('/home/vagrant/TestCodeIgniter/public/index.php')
CRITICAL - 2024-11-20 13:08:39 --> ErrorException: Undefined property: App\Controllers\Home::$rquest
[Method: POST, Route: Connexion]
in APPPATH/Controllers/Home.php on line 77.
 1 APPPATH/Controllers/Home.php(77): CodeIgniter\Debug\Exceptions->errorHandler()
 2 SYSTEMPATH/CodeIgniter.php(933): App\Controllers\Home->Connexion()
 3 SYSTEMPATH/CodeIgniter.php(509): CodeIgniter\CodeIgniter->runController()
 4 SYSTEMPATH/CodeIgniter.php(355): CodeIgniter\CodeIgniter->handleRequest()
 5 SYSTEMPATH/Boot.php(325): CodeIgniter\CodeIgniter->run()
 6 SYSTEMPATH/Boot.php(67): CodeIgniter\Boot::runCodeIgniter()
 7 FCPATH/index.php(56): CodeIgniter\Boot::bootWeb()
 8 SYSTEMPATH/rewrite.php(44): require_once('/home/vagrant/TestCodeIgniter/public/index.php')
CRITICAL - 2024-11-20 13:11:08 --> ErrorException: Undefined property: App\Controllers\Home::$rquest
[Method: POST, Route: Connexion]
in APPPATH/Controllers/Home.php on line 77.
 1 APPPATH/Controllers/Home.php(77): CodeIgniter\Debug\Exceptions->errorHandler()
 2 SYSTEMPATH/CodeIgniter.php(933): App\Controllers\Home->Connexion()
 3 SYSTEMPATH/CodeIgniter.php(509): CodeIgniter\CodeIgniter->runController()
 4 SYSTEMPATH/CodeIgniter.php(355): CodeIgniter\CodeIgniter->handleRequest()
 5 SYSTEMPATH/Boot.php(325): CodeIgniter\CodeIgniter->run()
 6 SYSTEMPATH/Boot.php(67): CodeIgniter\Boot::runCodeIgniter()
 7 FCPATH/index.php(56): CodeIgniter\Boot::bootWeb()
 8 SYSTEMPATH/rewrite.php(44): require_once('/home/vagrant/TestCodeIgniter/public/index.php')
CRITICAL - 2024-11-20 13:16:55 --> ErrorException: Undefined property: App\Controllers\Home::$rquest
[Method: POST, Route: Connexion]
in APPPATH/Controllers/Home.php on line 77.
 1 APPPATH/Controllers/Home.php(77): CodeIgniter\Debug\Exceptions->errorHandler()
 2 SYSTEMPATH/CodeIgniter.php(933): App\Controllers\Home->Connexion()
 3 SYSTEMPATH/CodeIgniter.php(509): CodeIgniter\CodeIgniter->runController()
 4 SYSTEMPATH/CodeIgniter.php(355): CodeIgniter\CodeIgniter->handleRequest()
 5 SYSTEMPATH/Boot.php(325): CodeIgniter\CodeIgniter->run()
 6 SYSTEMPATH/Boot.php(67): CodeIgniter\Boot::runCodeIgniter()
 7 FCPATH/index.php(56): CodeIgniter\Boot::bootWeb()
 8 SYSTEMPATH/rewrite.php(44): require_once('/home/vagrant/TestCodeIgniter/public/index.php')
CRITICAL - 2024-11-20 13:17:12 --> ErrorException: Undefined property: App\Controllers\Home::$rquest
[Method: POST, Route: Connexion]
in APPPATH/Controllers/Home.php on line 77.
 1 APPPATH/Controllers/Home.php(77): CodeIgniter\Debug\Exceptions->errorHandler()
 2 SYSTEMPATH/CodeIgniter.php(933): App\Controllers\Home->Connexion()
 3 SYSTEMPATH/CodeIgniter.php(509): CodeIgniter\CodeIgniter->runController()
 4 SYSTEMPATH/CodeIgniter.php(355): CodeIgniter\CodeIgniter->handleRequest()
 5 SYSTEMPATH/Boot.php(325): CodeIgniter\CodeIgniter->run()
 6 SYSTEMPATH/Boot.php(67): CodeIgniter\Boot::runCodeIgniter()
 7 FCPATH/index.php(56): CodeIgniter\Boot::bootWeb()
 8 SYSTEMPATH/rewrite.php(44): require_once('/home/vagrant/TestCodeIgniter/public/index.php')
CRITICAL - 2024-11-20 13:18:56 --> Twig\Error\RuntimeError: An exception has been thrown during the rendering of a template ("Failed to write cache file "/home/vagrant/TestCodeIgniter/writable/cache/twig/e2/e26257b4797b55e92c5aea25bbc8caed.php".").
[Method: GET, Route: ConnexionForm]
in APPPATH/Views/connexion.html.twig on line 1.
 1 VENDORPATH/twig/twig/src/Template.php(349): Twig\Template->yield()
 2 VENDORPATH/twig/twig/src/Template.php(364): Twig\Template->display()
 3 VENDORPATH/twig/twig/src/TemplateWrapper.php(35): Twig\Template->render()
 4 VENDORPATH/twig/twig/src/Environment.php(306): Twig\TemplateWrapper->render()
 5 VENDORPATH/daycry/twig/src/Twig.php(213): Twig\Environment->render()
 6 APPPATH/Controllers/Home.php(72): Daycry\Twig\Twig->render()
 7 SYSTEMPATH/CodeIgniter.php(933): App\Controllers\Home->ConnexionForm()
 8 SYSTEMPATH/CodeIgniter.php(509): CodeIgniter\CodeIgniter->runController()
 9 SYSTEMPATH/CodeIgniter.php(355): CodeIgniter\CodeIgniter->handleRequest()
10 SYSTEMPATH/Boot.php(325): CodeIgniter\CodeIgniter->run()
11 SYSTEMPATH/Boot.php(67): CodeIgniter\Boot::runCodeIgniter()
12 FCPATH/index.php(56): CodeIgniter\Boot::bootWeb()
13 SYSTEMPATH/rewrite.php(44): require_once('/home/vagrant/TestCodeIgniter/public/index.php')
CRITICAL - 2024-11-20 13:18:56 --> [Caused by] RuntimeException: Failed to write cache file "/home/vagrant/TestCodeIgniter/writable/cache/twig/e2/e26257b4797b55e92c5aea25bbc8caed.php".
in VENDORPATH/twig/twig/src/Cache/FilesystemCache.php on line 76.
 1 VENDORPATH/twig/twig/src/Environment.php(382): Twig\Cache\FilesystemCache->write()
 2 VENDORPATH/twig/twig/src/Template.php(306): Twig\Environment->loadTemplate()
 3 ROOTPATH/writable/cache/twig/ff/ff67b1a39047018434befb421ac0c3cc.php(47): Twig\Template->loadTemplate()
 4 VENDORPATH/twig/twig/src/Template.php(393): __TwigTemplate_8f1fcf123a0a52563fd263bccde5a100->doDisplay()
 5 VENDORPATH/twig/twig/src/Template.php(349): Twig\Template->yield()
 6 VENDORPATH/twig/twig/src/Template.php(364): Twig\Template->display()
 7 VENDORPATH/twig/twig/src/TemplateWrapper.php(35): Twig\Template->render()
 8 VENDORPATH/twig/twig/src/Environment.php(306): Twig\TemplateWrapper->render()
 9 VENDORPATH/daycry/twig/src/Twig.php(213): Twig\Environment->render()
10 APPPATH/Controllers/Home.php(72): Daycry\Twig\Twig->render()
11 SYSTEMPATH/CodeIgniter.php(933): App\Controllers\Home->ConnexionForm()
12 SYSTEMPATH/CodeIgniter.php(509): CodeIgniter\CodeIgniter->runController()
13 SYSTEMPATH/CodeIgniter.php(355): CodeIgniter\CodeIgniter->handleRequest()
14 SYSTEMPATH/Boot.php(325): CodeIgniter\CodeIgniter->run()
15 SYSTEMPATH/Boot.php(67): CodeIgniter\Boot::runCodeIgniter()
16 FCPATH/index.php(56): CodeIgniter\Boot::bootWeb()
17 SYSTEMPATH/rewrite.php(44): require_once('/home/vagrant/TestCodeIgniter/public/index.php')
CRITICAL - 2024-11-20 13:19:25 --> Twig\Error\RuntimeError: An exception has been thrown during the rendering of a template ("Failed to write cache file "/home/vagrant/TestCodeIgniter/writable/cache/twig/e2/e26257b4797b55e92c5aea25bbc8caed.php".").
[Method: GET, Route: ConnexionForm]
in APPPATH/Views/connexion.html.twig on line 1.
 1 VENDORPATH/twig/twig/src/Template.php(349): Twig\Template->yield()
 2 VENDORPATH/twig/twig/src/Template.php(364): Twig\Template->display()
 3 VENDORPATH/twig/twig/src/TemplateWrapper.php(35): Twig\Template->render()
 4 VENDORPATH/twig/twig/src/Environment.php(306): Twig\TemplateWrapper->render()
 5 VENDORPATH/daycry/twig/src/Twig.php(213): Twig\Environment->render()
 6 APPPATH/Controllers/Home.php(72): Daycry\Twig\Twig->render()
 7 SYSTEMPATH/CodeIgniter.php(933): App\Controllers\Home->ConnexionForm()
 8 SYSTEMPATH/CodeIgniter.php(509): CodeIgniter\CodeIgniter->runController()
 9 SYSTEMPATH/CodeIgniter.php(355): CodeIgniter\CodeIgniter->handleRequest()
10 SYSTEMPATH/Boot.php(325): CodeIgniter\CodeIgniter->run()
11 SYSTEMPATH/Boot.php(67): CodeIgniter\Boot::runCodeIgniter()
12 FCPATH/index.php(56): CodeIgniter\Boot::bootWeb()
13 SYSTEMPATH/rewrite.php(44): require_once('/home/vagrant/TestCodeIgniter/public/index.php')
CRITICAL - 2024-11-20 13:19:25 --> [Caused by] RuntimeException: Failed to write cache file "/home/vagrant/TestCodeIgniter/writable/cache/twig/e2/e26257b4797b55e92c5aea25bbc8caed.php".
in VENDORPATH/twig/twig/src/Cache/FilesystemCache.php on line 76.
 1 VENDORPATH/twig/twig/src/Environment.php(382): Twig\Cache\FilesystemCache->write()
 2 VENDORPATH/twig/twig/src/Template.php(306): Twig\Environment->loadTemplate()
 3 ROOTPATH/writable/cache/twig/ff/ff67b1a39047018434befb421ac0c3cc.php(47): Twig\Template->loadTemplate()
 4 VENDORPATH/twig/twig/src/Template.php(393): __TwigTemplate_8f1fcf123a0a52563fd263bccde5a100->doDisplay()
 5 VENDORPATH/twig/twig/src/Template.php(349): Twig\Template->yield()
 6 VENDORPATH/twig/twig/src/Template.php(364): Twig\Template->display()
 7 VENDORPATH/twig/twig/src/TemplateWrapper.php(35): Twig\Template->render()
 8 VENDORPATH/twig/twig/src/Environment.php(306): Twig\TemplateWrapper->render()
 9 VENDORPATH/daycry/twig/src/Twig.php(213): Twig\Environment->render()
10 APPPATH/Controllers/Home.php(72): Daycry\Twig\Twig->render()
11 SYSTEMPATH/CodeIgniter.php(933): App\Controllers\Home->ConnexionForm()
12 SYSTEMPATH/CodeIgniter.php(509): CodeIgniter\CodeIgniter->runController()
13 SYSTEMPATH/CodeIgniter.php(355): CodeIgniter\CodeIgniter->handleRequest()
14 SYSTEMPATH/Boot.php(325): CodeIgniter\CodeIgniter->run()
15 SYSTEMPATH/Boot.php(67): CodeIgniter\Boot::runCodeIgniter()
16 FCPATH/index.php(56): CodeIgniter\Boot::bootWeb()
17 SYSTEMPATH/rewrite.php(44): require_once('/home/vagrant/TestCodeIgniter/public/index.php')
INFO - 2024-11-20 13:24:43 --> Session: Class initialized using 'CodeIgniter\Session\Handlers\FileHandler' driver.
CRITICAL - 2024-11-20 13:24:43 --> TypeError: App\Controllers\Home::Connexion(): Return value must be of type string, CodeIgniter\HTTP\RedirectResponse returned
[Method: POST, Route: Connexion]
in APPPATH/Controllers/Home.php on line 82.
 1 SYSTEMPATH/CodeIgniter.php(933): App\Controllers\Home->Connexion()
 2 SYSTEMPATH/CodeIgniter.php(509): CodeIgniter\CodeIgniter->runController()
 3 SYSTEMPATH/CodeIgniter.php(355): CodeIgniter\CodeIgniter->handleRequest()
 4 SYSTEMPATH/Boot.php(325): CodeIgniter\CodeIgniter->run()
 5 SYSTEMPATH/Boot.php(67): CodeIgniter\Boot::runCodeIgniter()
 6 FCPATH/index.php(56): CodeIgniter\Boot::bootWeb()
 7 SYSTEMPATH/rewrite.php(44): require_once('/home/vagrant/TestCodeIgniter/public/index.php')
INFO - 2024-11-20 13:27:17 --> Session: Class initialized using 'CodeIgniter\Session\Handlers\FileHandler' driver.
CRITICAL - 2024-11-20 13:27:17 --> TypeError: App\Controllers\Home::Connexion(): Return value must be of type string, CodeIgniter\HTTP\RedirectResponse returned
[Method: POST, Route: Connexion]
in APPPATH/Controllers/Home.php on line 82.
 1 SYSTEMPATH/CodeIgniter.php(933): App\Controllers\Home->Connexion()
 2 SYSTEMPATH/CodeIgniter.php(509): CodeIgniter\CodeIgniter->runController()
 3 SYSTEMPATH/CodeIgniter.php(355): CodeIgniter\CodeIgniter->handleRequest()
 4 SYSTEMPATH/Boot.php(325): CodeIgniter\CodeIgniter->run()
 5 SYSTEMPATH/Boot.php(67): CodeIgniter\Boot::runCodeIgniter()
 6 FCPATH/index.php(56): CodeIgniter\Boot::bootWeb()
 7 SYSTEMPATH/rewrite.php(44): require_once('/home/vagrant/TestCodeIgniter/public/index.php')
INFO - 2024-11-20 13:28:45 --> Session: Class initialized using 'CodeIgniter\Session\Handlers\FileHandler' driver.
CRITICAL - 2024-11-20 13:28:45 --> TypeError: App\Controllers\Home::Connexion(): Return value must be of type string, CodeIgniter\HTTP\RedirectResponse returned
[Method: POST, Route: Connexion]
in APPPATH/Controllers/Home.php on line 82.
 1 SYSTEMPATH/CodeIgniter.php(933): App\Controllers\Home->Connexion()
 2 SYSTEMPATH/CodeIgniter.php(509): CodeIgniter\CodeIgniter->runController()
 3 SYSTEMPATH/CodeIgniter.php(355): CodeIgniter\CodeIgniter->handleRequest()
 4 SYSTEMPATH/Boot.php(325): CodeIgniter\CodeIgniter->run()
 5 SYSTEMPATH/Boot.php(67): CodeIgniter\Boot::runCodeIgniter()
 6 FCPATH/index.php(56): CodeIgniter\Boot::bootWeb()
 7 SYSTEMPATH/rewrite.php(44): require_once('/home/vagrant/TestCodeIgniter/public/index.php')
ERROR - 2024-11-20 13:36:10 --> mysqli_sql_exception: Unknown column 'nom' in 'field list' in /home/vagrant/TestCodeIgniter/vendor/codeigniter4/framework/system/Database/MySQLi/Connection.php:312
Stack trace:
#0 /home/vagrant/TestCodeIgniter/vendor/codeigniter4/framework/system/Database/MySQLi/Connection.php(312): mysqli->query()
#1 /home/vagrant/TestCodeIgniter/vendor/codeigniter4/framework/system/Database/BaseConnection.php(734): CodeIgniter\Database\MySQLi\Connection->execute()
#2 /home/vagrant/TestCodeIgniter/vendor/codeigniter4/framework/system/Database/BaseConnection.php(648): CodeIgniter\Database\BaseConnection->simpleQuery()
#3 /home/vagrant/TestCodeIgniter/vendor/codeigniter4/framework/system/Database/BaseBuilder.php(2340): CodeIgniter\Database\BaseConnection->query()
#4 /home/vagrant/TestCodeIgniter/app/Database/Seeds/Blog.php(19): CodeIgniter\Database\BaseBuilder->insert()
#5 /home/vagrant/TestCodeIgniter/vendor/codeigniter4/framework/system/Database/Seeder.php(147): App\Database\Seeds\Blog->run()
#6 /home/vagrant/TestCodeIgniter/vendor/codeigniter4/framework/system/Commands/Database/Seed.php(79): CodeIgniter\Database\Seeder->call()
#7 /home/vagrant/TestCodeIgniter/vendor/codeigniter4/framework/system/CLI/Commands.php(70): CodeIgniter\Commands\Database\Seed->run()
#8 /home/vagrant/TestCodeIgniter/vendor/codeigniter4/framework/system/CLI/Console.php(48): CodeIgniter\CLI\Commands->run()
#9 /home/vagrant/TestCodeIgniter/vendor/codeigniter4/framework/system/Boot.php(351): CodeIgniter\CLI\Console->run()
#10 /home/vagrant/TestCodeIgniter/vendor/codeigniter4/framework/system/Boot.php(104): CodeIgniter\Boot::runCommand()
#11 /home/vagrant/TestCodeIgniter/spark(84): CodeIgniter\Boot::bootSpark()
#12 {main}
CRITICAL - 2024-11-20 13:36:10 --> ErrorException: require(/home/vagrant/TestCodeIgniter/app/Views/errors/cli/error_exception.php): Failed to open stream: No such file or directory
[Method: CLI, Route: db:seed/Blog]
in SYSTEMPATH/CLI/BaseCommand.php on line 133.
 1 SYSTEMPATH/CLI/BaseCommand.php(133): CodeIgniter\Debug\Exceptions->errorHandler()
 2 SYSTEMPATH/CLI/BaseCommand.php(133): require()
 3 SYSTEMPATH/Commands/Database/Seed.php(81): CodeIgniter\CLI\BaseCommand->showError()
 4 SYSTEMPATH/CLI/Commands.php(70): CodeIgniter\Commands\Database\Seed->run()
 5 SYSTEMPATH/CLI/Console.php(48): CodeIgniter\CLI\Commands->run()
 6 SYSTEMPATH/Boot.php(351): CodeIgniter\CLI\Console->run()
 7 SYSTEMPATH/Boot.php(104): CodeIgniter\Boot::runCommand()
 8 ROOTPATH/spark(84): CodeIgniter\Boot::bootSpark()
ERROR - 2024-11-20 13:38:30 --> mysqli_sql_exception: Unknown column 'nom' in 'field list' in /home/vagrant/TestCodeIgniter/vendor/codeigniter4/framework/system/Database/MySQLi/Connection.php:312
Stack trace:
#0 /home/vagrant/TestCodeIgniter/vendor/codeigniter4/framework/system/Database/MySQLi/Connection.php(312): mysqli->query()
#1 /home/vagrant/TestCodeIgniter/vendor/codeigniter4/framework/system/Database/BaseConnection.php(734): CodeIgniter\Database\MySQLi\Connection->execute()
#2 /home/vagrant/TestCodeIgniter/vendor/codeigniter4/framework/system/Database/BaseConnection.php(648): CodeIgniter\Database\BaseConnection->simpleQuery()
#3 /home/vagrant/TestCodeIgniter/vendor/codeigniter4/framework/system/Database/BaseBuilder.php(2340): CodeIgniter\Database\BaseConnection->query()
#4 /home/vagrant/TestCodeIgniter/app/Database/Seeds/blog.php(19): CodeIgniter\Database\BaseBuilder->insert()
#5 /home/vagrant/TestCodeIgniter/vendor/codeigniter4/framework/system/Database/Seeder.php(147): App\Database\Seeds\Blog->run()
#6 /home/vagrant/TestCodeIgniter/vendor/codeigniter4/framework/system/Commands/Database/Seed.php(79): CodeIgniter\Database\Seeder->call()
#7 /home/vagrant/TestCodeIgniter/vendor/codeigniter4/framework/system/CLI/Commands.php(70): CodeIgniter\Commands\Database\Seed->run()
#8 /home/vagrant/TestCodeIgniter/vendor/codeigniter4/framework/system/CLI/Console.php(48): CodeIgniter\CLI\Commands->run()
#9 /home/vagrant/TestCodeIgniter/vendor/codeigniter4/framework/system/Boot.php(351): CodeIgniter\CLI\Console->run()
#10 /home/vagrant/TestCodeIgniter/vendor/codeigniter4/framework/system/Boot.php(104): CodeIgniter\Boot::runCommand()
#11 /home/vagrant/TestCodeIgniter/spark(84): CodeIgniter\Boot::bootSpark()
#12 {main}
CRITICAL - 2024-11-20 13:38:30 --> ErrorException: require(/home/vagrant/TestCodeIgniter/app/Views/errors/cli/error_exception.php): Failed to open stream: No such file or directory
[Method: CLI, Route: db:seed/blog]
in SYSTEMPATH/CLI/BaseCommand.php on line 133.
 1 SYSTEMPATH/CLI/BaseCommand.php(133): CodeIgniter\Debug\Exceptions->errorHandler()
 2 SYSTEMPATH/CLI/BaseCommand.php(133): require()
 3 SYSTEMPATH/Commands/Database/Seed.php(81): CodeIgniter\CLI\BaseCommand->showError()
 4 SYSTEMPATH/CLI/Commands.php(70): CodeIgniter\Commands\Database\Seed->run()
 5 SYSTEMPATH/CLI/Console.php(48): CodeIgniter\CLI\Commands->run()
 6 SYSTEMPATH/Boot.php(351): CodeIgniter\CLI\Console->run()
 7 SYSTEMPATH/Boot.php(104): CodeIgniter\Boot::runCommand()
 8 ROOTPATH/spark(84): CodeIgniter\Boot::bootSpark()
ERROR - 2024-11-20 13:38:42 --> mysqli_sql_exception: Unknown column 'nom' in 'field list' in /home/vagrant/TestCodeIgniter/vendor/codeigniter4/framework/system/Database/MySQLi/Connection.php:312
Stack trace:
#0 /home/vagrant/TestCodeIgniter/vendor/codeigniter4/framework/system/Database/MySQLi/Connection.php(312): mysqli->query()
#1 /home/vagrant/TestCodeIgniter/vendor/codeigniter4/framework/system/Database/BaseConnection.php(734): CodeIgniter\Database\MySQLi\Connection->execute()
#2 /home/vagrant/TestCodeIgniter/vendor/codeigniter4/framework/system/Database/BaseConnection.php(648): CodeIgniter\Database\BaseConnection->simpleQuery()
#3 /home/vagrant/TestCodeIgniter/vendor/codeigniter4/framework/system/Database/BaseBuilder.php(2340): CodeIgniter\Database\BaseConnection->query()
#4 /home/vagrant/TestCodeIgniter/app/Database/Seeds/Blog.php(19): CodeIgniter\Database\BaseBuilder->insert()
#5 /home/vagrant/TestCodeIgniter/vendor/codeigniter4/framework/system/Database/Seeder.php(147): App\Database\Seeds\Blog->run()
#6 /home/vagrant/TestCodeIgniter/vendor/codeigniter4/framework/system/Commands/Database/Seed.php(79): CodeIgniter\Database\Seeder->call()
#7 /home/vagrant/TestCodeIgniter/vendor/codeigniter4/framework/system/CLI/Commands.php(70): CodeIgniter\Commands\Database\Seed->run()
#8 /home/vagrant/TestCodeIgniter/vendor/codeigniter4/framework/system/CLI/Console.php(48): CodeIgniter\CLI\Commands->run()
#9 /home/vagrant/TestCodeIgniter/vendor/codeigniter4/framework/system/Boot.php(351): CodeIgniter\CLI\Console->run()
#10 /home/vagrant/TestCodeIgniter/vendor/codeigniter4/framework/system/Boot.php(104): CodeIgniter\Boot::runCommand()
#11 /home/vagrant/TestCodeIgniter/spark(84): CodeIgniter\Boot::bootSpark()
#12 {main}
CRITICAL - 2024-11-20 13:38:42 --> ErrorException: require(/home/vagrant/TestCodeIgniter/app/Views/errors/cli/error_exception.php): Failed to open stream: No such file or directory
[Method: CLI, Route: db:seed/Blog]
in SYSTEMPATH/CLI/BaseCommand.php on line 133.
 1 SYSTEMPATH/CLI/BaseCommand.php(133): CodeIgniter\Debug\Exceptions->errorHandler()
 2 SYSTEMPATH/CLI/BaseCommand.php(133): require()
 3 SYSTEMPATH/Commands/Database/Seed.php(81): CodeIgniter\CLI\BaseCommand->showError()
 4 SYSTEMPATH/CLI/Commands.php(70): CodeIgniter\Commands\Database\Seed->run()
 5 SYSTEMPATH/CLI/Console.php(48): CodeIgniter\CLI\Commands->run()
 6 SYSTEMPATH/Boot.php(351): CodeIgniter\CLI\Console->run()
 7 SYSTEMPATH/Boot.php(104): CodeIgniter\Boot::runCommand()
 8 ROOTPATH/spark(84): CodeIgniter\Boot::bootSpark()
ERROR - 2024-11-20 13:38:59 --> mysqli_sql_exception: Unknown column 'nom' in 'field list' in /home/vagrant/TestCodeIgniter/vendor/codeigniter4/framework/system/Database/MySQLi/Connection.php:312
Stack trace:
#0 /home/vagrant/TestCodeIgniter/vendor/codeigniter4/framework/system/Database/MySQLi/Connection.php(312): mysqli->query()
#1 /home/vagrant/TestCodeIgniter/vendor/codeigniter4/framework/system/Database/BaseConnection.php(734): CodeIgniter\Database\MySQLi\Connection->execute()
#2 /home/vagrant/TestCodeIgniter/vendor/codeigniter4/framework/system/Database/BaseConnection.php(648): CodeIgniter\Database\BaseConnection->simpleQuery()
#3 /home/vagrant/TestCodeIgniter/vendor/codeigniter4/framework/system/Database/BaseBuilder.php(2340): CodeIgniter\Database\BaseConnection->query()
#4 /home/vagrant/TestCodeIgniter/app/Database/Seeds/Blog.php(19): CodeIgniter\Database\BaseBuilder->insert()
#5 /home/vagrant/TestCodeIgniter/vendor/codeigniter4/framework/system/Database/Seeder.php(147): App\Database\Seeds\Blog->run()
#6 /home/vagrant/TestCodeIgniter/vendor/codeigniter4/framework/system/Commands/Database/Seed.php(79): CodeIgniter\Database\Seeder->call()
#7 /home/vagrant/TestCodeIgniter/vendor/codeigniter4/framework/system/CLI/Commands.php(70): CodeIgniter\Commands\Database\Seed->run()
#8 /home/vagrant/TestCodeIgniter/vendor/codeigniter4/framework/system/CLI/Console.php(48): CodeIgniter\CLI\Commands->run()
#9 /home/vagrant/TestCodeIgniter/vendor/codeigniter4/framework/system/Boot.php(351): CodeIgniter\CLI\Console->run()
#10 /home/vagrant/TestCodeIgniter/vendor/codeigniter4/framework/system/Boot.php(104): CodeIgniter\Boot::runCommand()
#11 /home/vagrant/TestCodeIgniter/spark(84): CodeIgniter\Boot::bootSpark()
#12 {main}
CRITICAL - 2024-11-20 13:38:59 --> ErrorException: require(/home/vagrant/TestCodeIgniter/app/Views/errors/cli/error_exception.php): Failed to open stream: No such file or directory
[Method: CLI, Route: db:seed/Blog]
in SYSTEMPATH/CLI/BaseCommand.php on line 133.
 1 SYSTEMPATH/CLI/BaseCommand.php(133): CodeIgniter\Debug\Exceptions->errorHandler()
 2 SYSTEMPATH/CLI/BaseCommand.php(133): require()
 3 SYSTEMPATH/Commands/Database/Seed.php(81): CodeIgniter\CLI\BaseCommand->showError()
 4 SYSTEMPATH/CLI/Commands.php(70): CodeIgniter\Commands\Database\Seed->run()
 5 SYSTEMPATH/CLI/Console.php(48): CodeIgniter\CLI\Commands->run()
 6 SYSTEMPATH/Boot.php(351): CodeIgniter\CLI\Console->run()
 7 SYSTEMPATH/Boot.php(104): CodeIgniter\Boot::runCommand()
 8 ROOTPATH/spark(84): CodeIgniter\Boot::bootSpark()
ERROR - 2024-11-20 13:39:14 --> mysqli_sql_exception: Unknown column 'nom' in 'field list' in /home/vagrant/TestCodeIgniter/vendor/codeigniter4/framework/system/Database/MySQLi/Connection.php:312
Stack trace:
#0 /home/vagrant/TestCodeIgniter/vendor/codeigniter4/framework/system/Database/MySQLi/Connection.php(312): mysqli->query()
#1 /home/vagrant/TestCodeIgniter/vendor/codeigniter4/framework/system/Database/BaseConnection.php(734): CodeIgniter\Database\MySQLi\Connection->execute()
#2 /home/vagrant/TestCodeIgniter/vendor/codeigniter4/framework/system/Database/BaseConnection.php(648): CodeIgniter\Database\BaseConnection->simpleQuery()
#3 /home/vagrant/TestCodeIgniter/vendor/codeigniter4/framework/system/Database/BaseBuilder.php(2340): CodeIgniter\Database\BaseConnection->query()
#4 /home/vagrant/TestCodeIgniter/app/Database/Seeds/Blog.php(19): CodeIgniter\Database\BaseBuilder->insert()
#5 /home/vagrant/TestCodeIgniter/vendor/codeigniter4/framework/system/Database/Seeder.php(147): App\Database\Seeds\Blog->run()
#6 /home/vagrant/TestCodeIgniter/vendor/codeigniter4/framework/system/Commands/Database/Seed.php(79): CodeIgniter\Database\Seeder->call()
#7 /home/vagrant/TestCodeIgniter/vendor/codeigniter4/framework/system/CLI/Commands.php(70): CodeIgniter\Commands\Database\Seed->run()
#8 /home/vagrant/TestCodeIgniter/vendor/codeigniter4/framework/system/CLI/Console.php(48): CodeIgniter\CLI\Commands->run()
#9 /home/vagrant/TestCodeIgniter/vendor/codeigniter4/framework/system/Boot.php(351): CodeIgniter\CLI\Console->run()
#10 /home/vagrant/TestCodeIgniter/vendor/codeigniter4/framework/system/Boot.php(104): CodeIgniter\Boot::runCommand()
#11 /home/vagrant/TestCodeIgniter/spark(84): CodeIgniter\Boot::bootSpark()
#12 {main}
ERROR - 2024-11-20 13:39:39 --> mysqli_sql_exception: Unknown column 'nom' in 'field list' in /home/vagrant/TestCodeIgniter/vendor/codeigniter4/framework/system/Database/MySQLi/Connection.php:312
Stack trace:
#0 /home/vagrant/TestCodeIgniter/vendor/codeigniter4/framework/system/Database/MySQLi/Connection.php(312): mysqli->query()
#1 /home/vagrant/TestCodeIgniter/vendor/codeigniter4/framework/system/Database/BaseConnection.php(734): CodeIgniter\Database\MySQLi\Connection->execute()
#2 /home/vagrant/TestCodeIgniter/vendor/codeigniter4/framework/system/Database/BaseConnection.php(648): CodeIgniter\Database\BaseConnection->simpleQuery()
#3 /home/vagrant/TestCodeIgniter/vendor/codeigniter4/framework/system/Database/BaseBuilder.php(2340): CodeIgniter\Database\BaseConnection->query()
#4 /home/vagrant/TestCodeIgniter/app/Database/Seeds/blog.php(19): CodeIgniter\Database\BaseBuilder->insert()
#5 /home/vagrant/TestCodeIgniter/vendor/codeigniter4/framework/system/Database/Seeder.php(147): App\Database\Seeds\Blog->run()
#6 /home/vagrant/TestCodeIgniter/vendor/codeigniter4/framework/system/Commands/Database/Seed.php(79): CodeIgniter\Database\Seeder->call()
#7 /home/vagrant/TestCodeIgniter/vendor/codeigniter4/framework/system/CLI/Commands.php(70): CodeIgniter\Commands\Database\Seed->run()
#8 /home/vagrant/TestCodeIgniter/vendor/codeigniter4/framework/system/CLI/Console.php(48): CodeIgniter\CLI\Commands->run()
#9 /home/vagrant/TestCodeIgniter/vendor/codeigniter4/framework/system/Boot.php(351): CodeIgniter\CLI\Console->run()
#10 /home/vagrant/TestCodeIgniter/vendor/codeigniter4/framework/system/Boot.php(104): CodeIgniter\Boot::runCommand()
#11 /home/vagrant/TestCodeIgniter/spark(84): CodeIgniter\Boot::bootSpark()
#12 {main}
CRITICAL - 2024-11-20 13:39:39 --> ErrorException: require(/home/vagrant/TestCodeIgniter/app/Views/errors/cli/error_exception.php): Failed to open stream: No such file or directory
[Method: CLI, Route: db:seed/blog]
in SYSTEMPATH/CLI/BaseCommand.php on line 133.
 1 SYSTEMPATH/CLI/BaseCommand.php(133): CodeIgniter\Debug\Exceptions->errorHandler()
 2 SYSTEMPATH/CLI/BaseCommand.php(133): require()
 3 SYSTEMPATH/Commands/Database/Seed.php(81): CodeIgniter\CLI\BaseCommand->showError()
 4 SYSTEMPATH/CLI/Commands.php(70): CodeIgniter\Commands\Database\Seed->run()
 5 SYSTEMPATH/CLI/Console.php(48): CodeIgniter\CLI\Commands->run()
 6 SYSTEMPATH/Boot.php(351): CodeIgniter\CLI\Console->run()
 7 SYSTEMPATH/Boot.php(104): CodeIgniter\Boot::runCommand()
 8 ROOTPATH/spark(84): CodeIgniter\Boot::bootSpark()
ERROR - 2024-11-20 13:40:03 --> mysqli_sql_exception: Unknown column 'nom' in 'field list' in /home/vagrant/TestCodeIgniter/vendor/codeigniter4/framework/system/Database/MySQLi/Connection.php:312
Stack trace:
#0 /home/vagrant/TestCodeIgniter/vendor/codeigniter4/framework/system/Database/MySQLi/Connection.php(312): mysqli->query()
#1 /home/vagrant/TestCodeIgniter/vendor/codeigniter4/framework/system/Database/BaseConnection.php(734): CodeIgniter\Database\MySQLi\Connection->execute()
#2 /home/vagrant/TestCodeIgniter/vendor/codeigniter4/framework/system/Database/BaseConnection.php(648): CodeIgniter\Database\BaseConnection->simpleQuery()
#3 /home/vagrant/TestCodeIgniter/vendor/codeigniter4/framework/system/Database/BaseBuilder.php(2340): CodeIgniter\Database\BaseConnection->query()
#4 /home/vagrant/TestCodeIgniter/app/Database/Seeds/Blog.php(19): CodeIgniter\Database\BaseBuilder->insert()
#5 /home/vagrant/TestCodeIgniter/vendor/codeigniter4/framework/system/Database/Seeder.php(147): App\Database\Seeds\Blog->run()
#6 /home/vagrant/TestCodeIgniter/vendor/codeigniter4/framework/system/Commands/Database/Seed.php(79): CodeIgniter\Database\Seeder->call()
#7 /home/vagrant/TestCodeIgniter/vendor/codeigniter4/framework/system/CLI/Commands.php(70): CodeIgniter\Commands\Database\Seed->run()
#8 /home/vagrant/TestCodeIgniter/vendor/codeigniter4/framework/system/CLI/Console.php(48): CodeIgniter\CLI\Commands->run()
#9 /home/vagrant/TestCodeIgniter/vendor/codeigniter4/framework/system/Boot.php(351): CodeIgniter\CLI\Console->run()
#10 /home/vagrant/TestCodeIgniter/vendor/codeigniter4/framework/system/Boot.php(104): CodeIgniter\Boot::runCommand()
#11 /home/vagrant/TestCodeIgniter/spark(84): CodeIgniter\Boot::bootSpark()
#12 {main}
CRITICAL - 2024-11-20 13:40:14 --> ErrorException: require(/home/vagrant/TestCodeIgniter/app/Views/errors/cli/error_exception.php): Failed to open stream: No such file or directory
[Method: CLI, Route: db:seed/Blog]
in SYSTEMPATH/CLI/BaseCommand.php on line 133.
 1 SYSTEMPATH/CLI/BaseCommand.php(133): CodeIgniter\Debug\Exceptions->errorHandler()
 2 SYSTEMPATH/CLI/BaseCommand.php(133): require()
 3 SYSTEMPATH/Commands/Database/Seed.php(81): CodeIgniter\CLI\BaseCommand->showError()
 4 SYSTEMPATH/CLI/Commands.php(70): CodeIgniter\Commands\Database\Seed->run()
 5 SYSTEMPATH/CLI/Console.php(48): CodeIgniter\CLI\Commands->run()
 6 SYSTEMPATH/Boot.php(351): CodeIgniter\CLI\Console->run()
 7 SYSTEMPATH/Boot.php(104): CodeIgniter\Boot::runCommand()
 8 ROOTPATH/spark(84): CodeIgniter\Boot::bootSpark()
ERROR - 2024-11-20 13:42:40 --> mysqli_sql_exception: Unknown column 'nom' in 'field list' in /home/vagrant/TestCodeIgniter/vendor/codeigniter4/framework/system/Database/MySQLi/Connection.php:312
Stack trace:
#0 /home/vagrant/TestCodeIgniter/vendor/codeigniter4/framework/system/Database/MySQLi/Connection.php(312): mysqli->query()
#1 /home/vagrant/TestCodeIgniter/vendor/codeigniter4/framework/system/Database/BaseConnection.php(734): CodeIgniter\Database\MySQLi\Connection->execute()
#2 /home/vagrant/TestCodeIgniter/vendor/codeigniter4/framework/system/Database/BaseConnection.php(648): CodeIgniter\Database\BaseConnection->simpleQuery()
#3 /home/vagrant/TestCodeIgniter/vendor/codeigniter4/framework/system/Database/BaseBuilder.php(2340): CodeIgniter\Database\BaseConnection->query()
#4 /home/vagrant/TestCodeIgniter/app/Database/Seeds/Blog.php(19): CodeIgniter\Database\BaseBuilder->insert()
#5 /home/vagrant/TestCodeIgniter/vendor/codeigniter4/framework/system/Database/Seeder.php(147): App\Database\Seeds\Blog->run()
#6 /home/vagrant/TestCodeIgniter/vendor/codeigniter4/framework/system/Commands/Database/Seed.php(79): CodeIgniter\Database\Seeder->call()
#7 /home/vagrant/TestCodeIgniter/vendor/codeigniter4/framework/system/CLI/Commands.php(70): CodeIgniter\Commands\Database\Seed->run()
#8 /home/vagrant/TestCodeIgniter/vendor/codeigniter4/framework/system/CLI/Console.php(48): CodeIgniter\CLI\Commands->run()
#9 /home/vagrant/TestCodeIgniter/vendor/codeigniter4/framework/system/Boot.php(351): CodeIgniter\CLI\Console->run()
#10 /home/vagrant/TestCodeIgniter/vendor/codeigniter4/framework/system/Boot.php(104): CodeIgniter\Boot::runCommand()
#11 /home/vagrant/TestCodeIgniter/spark(84): CodeIgniter\Boot::bootSpark()
#12 {main}
CRITICAL - 2024-11-20 13:42:40 --> ErrorException: require(/home/vagrant/TestCodeIgniter/app/Views/errors/cli/error_exception.php): Failed to open stream: No such file or directory
[Method: CLI, Route: db:seed/Blog]
in SYSTEMPATH/CLI/BaseCommand.php on line 133.
 1 SYSTEMPATH/CLI/BaseCommand.php(133): CodeIgniter\Debug\Exceptions->errorHandler()
 2 SYSTEMPATH/CLI/BaseCommand.php(133): require()
 3 SYSTEMPATH/Commands/Database/Seed.php(81): CodeIgniter\CLI\BaseCommand->showError()
 4 SYSTEMPATH/CLI/Commands.php(70): CodeIgniter\Commands\Database\Seed->run()
 5 SYSTEMPATH/CLI/Console.php(48): CodeIgniter\CLI\Commands->run()
 6 SYSTEMPATH/Boot.php(351): CodeIgniter\CLI\Console->run()
 7 SYSTEMPATH/Boot.php(104): CodeIgniter\Boot::runCommand()
 8 ROOTPATH/spark(84): CodeIgniter\Boot::bootSpark()
ERROR - 2024-11-20 13:42:59 --> mysqli_sql_exception: Unknown column 'nom' in 'field list' in /home/vagrant/TestCodeIgniter/vendor/codeigniter4/framework/system/Database/MySQLi/Connection.php:312
Stack trace:
#0 /home/vagrant/TestCodeIgniter/vendor/codeigniter4/framework/system/Database/MySQLi/Connection.php(312): mysqli->query()
#1 /home/vagrant/TestCodeIgniter/vendor/codeigniter4/framework/system/Database/BaseConnection.php(734): CodeIgniter\Database\MySQLi\Connection->execute()
#2 /home/vagrant/TestCodeIgniter/vendor/codeigniter4/framework/system/Database/BaseConnection.php(648): CodeIgniter\Database\BaseConnection->simpleQuery()
#3 /home/vagrant/TestCodeIgniter/vendor/codeigniter4/framework/system/Database/BaseBuilder.php(2340): CodeIgniter\Database\BaseConnection->query()
#4 /home/vagrant/TestCodeIgniter/app/Database/Seeds/Blog.php(19): CodeIgniter\Database\BaseBuilder->insert()
#5 /home/vagrant/TestCodeIgniter/vendor/codeigniter4/framework/system/Database/Seeder.php(147): App\Database\Seeds\Blog->run()
#6 /home/vagrant/TestCodeIgniter/vendor/codeigniter4/framework/system/Commands/Database/Seed.php(79): CodeIgniter\Database\Seeder->call()
#7 /home/vagrant/TestCodeIgniter/vendor/codeigniter4/framework/system/CLI/Commands.php(70): CodeIgniter\Commands\Database\Seed->run()
#8 /home/vagrant/TestCodeIgniter/vendor/codeigniter4/framework/system/CLI/Console.php(48): CodeIgniter\CLI\Commands->run()
#9 /home/vagrant/TestCodeIgniter/vendor/codeigniter4/framework/system/Boot.php(351): CodeIgniter\CLI\Console->run()
#10 /home/vagrant/TestCodeIgniter/vendor/codeigniter4/framework/system/Boot.php(104): CodeIgniter\Boot::runCommand()
#11 /home/vagrant/TestCodeIgniter/spark(84): CodeIgniter\Boot::bootSpark()
#12 {main}
CRITICAL - 2024-11-20 13:46:11 --> ErrorException: require(/home/vagrant/TestCodeIgniter/app/Views/errors/cli/error_exception.php): Failed to open stream: No such file or directory
[Method: CLI, Route: db:seed/guigui]
in SYSTEMPATH/CLI/BaseCommand.php on line 133.
 1 SYSTEMPATH/CLI/BaseCommand.php(133): CodeIgniter\Debug\Exceptions->errorHandler()
 2 SYSTEMPATH/CLI/BaseCommand.php(133): require()
 3 SYSTEMPATH/Commands/Database/Seed.php(81): CodeIgniter\CLI\BaseCommand->showError()
 4 SYSTEMPATH/CLI/Commands.php(70): CodeIgniter\Commands\Database\Seed->run()
 5 SYSTEMPATH/CLI/Console.php(48): CodeIgniter\CLI\Commands->run()
 6 SYSTEMPATH/Boot.php(351): CodeIgniter\CLI\Console->run()
 7 SYSTEMPATH/Boot.php(104): CodeIgniter\Boot::runCommand()
 8 ROOTPATH/spark(84): CodeIgniter\Boot::bootSpark()
INFO - 2024-11-20 13:48:37 --> Session: Class initialized using 'CodeIgniter\Session\Handlers\FileHandler' driver.
CRITICAL - 2024-11-20 13:48:38 --> TypeError: App\Controllers\Home::Connexion(): Return value must be of type string, CodeIgniter\HTTP\RedirectResponse returned
[Method: POST, Route: Connexion]
in APPPATH/Controllers/Home.php on line 82.
 1 SYSTEMPATH/CodeIgniter.php(933): App\Controllers\Home->Connexion()
 2 SYSTEMPATH/CodeIgniter.php(509): CodeIgniter\CodeIgniter->runController()
 3 SYSTEMPATH/CodeIgniter.php(355): CodeIgniter\CodeIgniter->handleRequest()
 4 SYSTEMPATH/Boot.php(325): CodeIgniter\CodeIgniter->run()
 5 SYSTEMPATH/Boot.php(67): CodeIgniter\Boot::runCodeIgniter()
 6 FCPATH/index.php(56): CodeIgniter\Boot::bootWeb()
 7 SYSTEMPATH/rewrite.php(44): require_once('/home/vagrant/TestCodeIgniter/public/index.php')
CRITICAL - 2024-11-20 13:52:20 --> RuntimeException: Failed to write cache file "/home/vagrant/TestCodeIgniter/writable/cache/twig/ff/ff67b1a39047018434befb421ac0c3cc.php".
[Method: GET, Route: ConnexionForm]
in VENDORPATH/twig/twig/src/Cache/FilesystemCache.php on line 76.
 1 VENDORPATH/twig/twig/src/Environment.php(382): Twig\Cache\FilesystemCache->write()
 2 VENDORPATH/twig/twig/src/Environment.php(343): Twig\Environment->loadTemplate()
 3 VENDORPATH/twig/twig/src/Environment.php(306): Twig\Environment->load()
 4 VENDORPATH/daycry/twig/src/Twig.php(213): Twig\Environment->render()
 5 APPPATH/Controllers/Home.php(72): Daycry\Twig\Twig->render()
 6 SYSTEMPATH/CodeIgniter.php(933): App\Controllers\Home->ConnexionForm()
 7 SYSTEMPATH/CodeIgniter.php(509): CodeIgniter\CodeIgniter->runController()
 8 SYSTEMPATH/CodeIgniter.php(355): CodeIgniter\CodeIgniter->handleRequest()
 9 SYSTEMPATH/Boot.php(325): CodeIgniter\CodeIgniter->run()
10 SYSTEMPATH/Boot.php(67): CodeIgniter\Boot::runCodeIgniter()
11 FCPATH/index.php(56): CodeIgniter\Boot::bootWeb()
12 SYSTEMPATH/rewrite.php(44): require_once('/home/vagrant/TestCodeIgniter/public/index.php')
INFO - 2024-11-20 13:53:12 --> Session: Class initialized using 'CodeIgniter\Session\Handlers\FileHandler' driver.
CRITICAL - 2024-11-20 13:53:12 --> TypeError: App\Controllers\Home::Connexion(): Return value must be of type string, CodeIgniter\HTTP\RedirectResponse returned
[Method: POST, Route: Connexion]
in APPPATH/Controllers/Home.php on line 82.
 1 SYSTEMPATH/CodeIgniter.php(933): App\Controllers\Home->Connexion()
 2 SYSTEMPATH/CodeIgniter.php(509): CodeIgniter\CodeIgniter->runController()
 3 SYSTEMPATH/CodeIgniter.php(355): CodeIgniter\CodeIgniter->handleRequest()
 4 SYSTEMPATH/Boot.php(325): CodeIgniter\CodeIgniter->run()
 5 SYSTEMPATH/Boot.php(67): CodeIgniter\Boot::runCodeIgniter()
 6 FCPATH/index.php(56): CodeIgniter\Boot::bootWeb()
 7 SYSTEMPATH/rewrite.php(44): require_once('/home/vagrant/TestCodeIgniter/public/index.php')
INFO - 2024-11-20 13:53:27 --> Session: Class initialized using 'CodeIgniter\Session\Handlers\FileHandler' driver.
CRITICAL - 2024-11-20 13:53:27 --> TypeError: App\Controllers\Home::Connexion(): Return value must be of type string, CodeIgniter\HTTP\RedirectResponse returned
[Method: POST, Route: Connexion]
in APPPATH/Controllers/Home.php on line 82.
 1 SYSTEMPATH/CodeIgniter.php(933): App\Controllers\Home->Connexion()
 2 SYSTEMPATH/CodeIgniter.php(509): CodeIgniter\CodeIgniter->runController()
 3 SYSTEMPATH/CodeIgniter.php(355): CodeIgniter\CodeIgniter->handleRequest()
 4 SYSTEMPATH/Boot.php(325): CodeIgniter\CodeIgniter->run()
 5 SYSTEMPATH/Boot.php(67): CodeIgniter\Boot::runCodeIgniter()
 6 FCPATH/index.php(56): CodeIgniter\Boot::bootWeb()
 7 SYSTEMPATH/rewrite.php(44): require_once('/home/vagrant/TestCodeIgniter/public/index.php')
INFO - 2024-11-20 13:57:15 --> Session: Class initialized using 'CodeIgniter\Session\Handlers\FileHandler' driver.
CRITICAL - 2024-11-20 13:57:15 --> TypeError: App\Controllers\Home::Connexion(): Return value must be of type string, CodeIgniter\HTTP\RedirectResponse returned
[Method: POST, Route: Connexion]
in APPPATH/Controllers/Home.php on line 82.
 1 SYSTEMPATH/CodeIgniter.php(933): App\Controllers\Home->Connexion()
 2 SYSTEMPATH/CodeIgniter.php(509): CodeIgniter\CodeIgniter->runController()
 3 SYSTEMPATH/CodeIgniter.php(355): CodeIgniter\CodeIgniter->handleRequest()
 4 SYSTEMPATH/Boot.php(325): CodeIgniter\CodeIgniter->run()
 5 SYSTEMPATH/Boot.php(67): CodeIgniter\Boot::runCodeIgniter()
 6 FCPATH/index.php(56): CodeIgniter\Boot::bootWeb()
 7 SYSTEMPATH/rewrite.php(44): require_once('/home/vagrant/TestCodeIgniter/public/index.php')
INFO - 2024-11-20 13:58:30 --> Session: Class initialized using 'CodeIgniter\Session\Handlers\FileHandler' driver.
CRITICAL - 2024-11-20 13:58:30 --> TypeError: App\Controllers\Home::Connexion(): Return value must be of type string, CodeIgniter\HTTP\RedirectResponse returned
[Method: POST, Route: Connexion]
in APPPATH/Controllers/Home.php on line 82.
 1 SYSTEMPATH/CodeIgniter.php(933): App\Controllers\Home->Connexion()
 2 SYSTEMPATH/CodeIgniter.php(509): CodeIgniter\CodeIgniter->runController()
 3 SYSTEMPATH/CodeIgniter.php(355): CodeIgniter\CodeIgniter->handleRequest()
 4 SYSTEMPATH/Boot.php(325): CodeIgniter\CodeIgniter->run()
 5 SYSTEMPATH/Boot.php(67): CodeIgniter\Boot::runCodeIgniter()
 6 FCPATH/index.php(56): CodeIgniter\Boot::bootWeb()
 7 SYSTEMPATH/rewrite.php(44): require_once('/home/vagrant/TestCodeIgniter/public/index.php')
INFO - 2024-11-20 13:58:44 --> Session: Class initialized using 'CodeIgniter\Session\Handlers\FileHandler' driver.
CRITICAL - 2024-11-20 13:58:44 --> TypeError: App\Controllers\Home::Connexion(): Return value must be of type string, CodeIgniter\HTTP\RedirectResponse returned
[Method: POST, Route: Connexion]
in APPPATH/Controllers/Home.php on line 82.
 1 SYSTEMPATH/CodeIgniter.php(933): App\Controllers\Home->Connexion()
 2 SYSTEMPATH/CodeIgniter.php(509): CodeIgniter\CodeIgniter->runController()
 3 SYSTEMPATH/CodeIgniter.php(355): CodeIgniter\CodeIgniter->handleRequest()
 4 SYSTEMPATH/Boot.php(325): CodeIgniter\CodeIgniter->run()
 5 SYSTEMPATH/Boot.php(67): CodeIgniter\Boot::runCodeIgniter()
 6 FCPATH/index.php(56): CodeIgniter\Boot::bootWeb()
 7 SYSTEMPATH/rewrite.php(44): require_once('/home/vagrant/TestCodeIgniter/public/index.php')
INFO - 2024-11-20 14:08:01 --> Session: Class initialized using 'CodeIgniter\Session\Handlers\FileHandler' driver.
CRITICAL - 2024-11-20 14:08:01 --> TypeError: App\Controllers\Home::Connexion(): Return value must be of type string, CodeIgniter\HTTP\RedirectResponse returned
[Method: POST, Route: Connexion]
in APPPATH/Controllers/Home.php on line 82.
 1 SYSTEMPATH/CodeIgniter.php(933): App\Controllers\Home->Connexion()
 2 SYSTEMPATH/CodeIgniter.php(509): CodeIgniter\CodeIgniter->runController()
 3 SYSTEMPATH/CodeIgniter.php(355): CodeIgniter\CodeIgniter->handleRequest()
 4 SYSTEMPATH/Boot.php(325): CodeIgniter\CodeIgniter->run()
 5 SYSTEMPATH/Boot.php(67): CodeIgniter\Boot::runCodeIgniter()
 6 FCPATH/index.php(56): CodeIgniter\Boot::bootWeb()
 7 SYSTEMPATH/rewrite.php(44): require_once('/home/vagrant/TestCodeIgniter/public/index.php')
INFO - 2024-11-20 14:58:30 --> Session: Class initialized using 'CodeIgniter\Session\Handlers\FileHandler' driver.
CRITICAL - 2024-11-20 14:58:30 --> TypeError: App\Controllers\Home::Connexion(): Return value must be of type string, CodeIgniter\HTTP\RedirectResponse returned
[Method: POST, Route: Connexion]
in APPPATH/Controllers/Home.php on line 82.
 1 SYSTEMPATH/CodeIgniter.php(933): App\Controllers\Home->Connexion()
 2 SYSTEMPATH/CodeIgniter.php(509): CodeIgniter\CodeIgniter->runController()
 3 SYSTEMPATH/CodeIgniter.php(355): CodeIgniter\CodeIgniter->handleRequest()
 4 SYSTEMPATH/Boot.php(325): CodeIgniter\CodeIgniter->run()
 5 SYSTEMPATH/Boot.php(67): CodeIgniter\Boot::runCodeIgniter()
 6 FCPATH/index.php(56): CodeIgniter\Boot::bootWeb()
 7 SYSTEMPATH/rewrite.php(44): require_once('/home/vagrant/TestCodeIgniter/public/index.php')
INFO - 2024-11-20 15:09:19 --> Session: Class initialized using 'CodeIgniter\Session\Handlers\FileHandler' driver.
CRITICAL - 2024-11-20 15:09:19 --> TypeError: App\Controllers\Home::Connexion(): Return value must be of type string, CodeIgniter\HTTP\RedirectResponse returned
[Method: POST, Route: Connexion]
in APPPATH/Controllers/Home.php on line 82.
 1 SYSTEMPATH/CodeIgniter.php(933): App\Controllers\Home->Connexion()
 2 SYSTEMPATH/CodeIgniter.php(509): CodeIgniter\CodeIgniter->runController()
 3 SYSTEMPATH/CodeIgniter.php(355): CodeIgniter\CodeIgniter->handleRequest()
 4 SYSTEMPATH/Boot.php(325): CodeIgniter\CodeIgniter->run()
 5 SYSTEMPATH/Boot.php(67): CodeIgniter\Boot::runCodeIgniter()
 6 FCPATH/index.php(56): CodeIgniter\Boot::bootWeb()
 7 SYSTEMPATH/rewrite.php(44): require_once('/home/vagrant/TestCodeIgniter/public/index.php')
INFO - 2024-11-20 15:17:40 --> Session: Class initialized using 'CodeIgniter\Session\Handlers\FileHandler' driver.
CRITICAL - 2024-11-20 15:17:40 --> TypeError: App\Controllers\Home::Connexion(): Return value must be of type string, CodeIgniter\HTTP\RedirectResponse returned
[Method: POST, Route: Connexion]
in APPPATH/Controllers/Home.php on line 82.
 1 SYSTEMPATH/CodeIgniter.php(933): App\Controllers\Home->Connexion()
 2 SYSTEMPATH/CodeIgniter.php(509): CodeIgniter\CodeIgniter->runController()
 3 SYSTEMPATH/CodeIgniter.php(355): CodeIgniter\CodeIgniter->handleRequest()
 4 SYSTEMPATH/Boot.php(325): CodeIgniter\CodeIgniter->run()
 5 SYSTEMPATH/Boot.php(67): CodeIgniter\Boot::runCodeIgniter()
 6 FCPATH/index.php(56): CodeIgniter\Boot::bootWeb()
 7 SYSTEMPATH/rewrite.php(44): require_once('/home/vagrant/TestCodeIgniter/public/index.php')
INFO - 2024-11-20 15:20:10 --> Session: Class initialized using 'CodeIgniter\Session\Handlers\FileHandler' driver.
CRITICAL - 2024-11-20 15:20:10 --> TypeError: App\Controllers\Home::Connexion(): Return value must be of type string, CodeIgniter\HTTP\RedirectResponse returned
[Method: POST, Route: Connexion]
in APPPATH/Controllers/Home.php on line 82.
 1 SYSTEMPATH/CodeIgniter.php(933): App\Controllers\Home->Connexion()
 2 SYSTEMPATH/CodeIgniter.php(509): CodeIgniter\CodeIgniter->runController()
 3 SYSTEMPATH/CodeIgniter.php(355): CodeIgniter\CodeIgniter->handleRequest()
 4 SYSTEMPATH/Boot.php(325): CodeIgniter\CodeIgniter->run()
 5 SYSTEMPATH/Boot.php(67): CodeIgniter\Boot::runCodeIgniter()
 6 FCPATH/index.php(56): CodeIgniter\Boot::bootWeb()
 7 SYSTEMPATH/rewrite.php(44): require_once('/home/vagrant/TestCodeIgniter/public/index.php')
INFO - 2024-11-20 15:26:09 --> Session: Class initialized using 'CodeIgniter\Session\Handlers\FileHandler' driver.
CRITICAL - 2024-11-20 15:26:09 --> TypeError: App\Controllers\Home::Connexion(): Return value must be of type string, CodeIgniter\HTTP\RedirectResponse returned
[Method: POST, Route: Connexion]
in APPPATH/Controllers/Home.php on line 82.
 1 SYSTEMPATH/CodeIgniter.php(933): App\Controllers\Home->Connexion()
 2 SYSTEMPATH/CodeIgniter.php(509): CodeIgniter\CodeIgniter->runController()
 3 SYSTEMPATH/CodeIgniter.php(355): CodeIgniter\CodeIgniter->handleRequest()
 4 SYSTEMPATH/Boot.php(325): CodeIgniter\CodeIgniter->run()
 5 SYSTEMPATH/Boot.php(67): CodeIgniter\Boot::runCodeIgniter()
 6 FCPATH/index.php(56): CodeIgniter\Boot::bootWeb()
 7 SYSTEMPATH/rewrite.php(44): require_once('/home/vagrant/TestCodeIgniter/public/index.php')
CRITICAL - 2024-11-20 15:27:54 --> RuntimeException: Failed to write cache file "/home/vagrant/TestCodeIgniter/writable/cache/twig/ff/ff67b1a39047018434befb421ac0c3cc.php".
[Method: GET, Route: ConnexionForm]
in VENDORPATH/twig/twig/src/Cache/FilesystemCache.php on line 76.
 1 VENDORPATH/twig/twig/src/Environment.php(382): Twig\Cache\FilesystemCache->write()
 2 VENDORPATH/twig/twig/src/Environment.php(343): Twig\Environment->loadTemplate()
 3 VENDORPATH/twig/twig/src/Environment.php(306): Twig\Environment->load()
 4 VENDORPATH/daycry/twig/src/Twig.php(213): Twig\Environment->render()
 5 APPPATH/Controllers/Home.php(72): Daycry\Twig\Twig->render()
 6 SYSTEMPATH/CodeIgniter.php(933): App\Controllers\Home->ConnexionForm()
 7 SYSTEMPATH/CodeIgniter.php(509): CodeIgniter\CodeIgniter->runController()
 8 SYSTEMPATH/CodeIgniter.php(355): CodeIgniter\CodeIgniter->handleRequest()
 9 SYSTEMPATH/Boot.php(325): CodeIgniter\CodeIgniter->run()
10 SYSTEMPATH/Boot.php(67): CodeIgniter\Boot::runCodeIgniter()
11 FCPATH/index.php(56): CodeIgniter\Boot::bootWeb()
12 SYSTEMPATH/rewrite.php(44): require_once('/home/vagrant/TestCodeIgniter/public/index.php')
CRITICAL - 2024-11-20 15:47:26 --> Error: Call to undefined method CodeIgniter\HTTP\IncomingRequest::get()
[Method: GET, Route: Connexion]
in APPPATH/Controllers/Home.php on line 76.
 1 SYSTEMPATH/CodeIgniter.php(933): App\Controllers\Home->Connexion()
 2 SYSTEMPATH/CodeIgniter.php(509): CodeIgniter\CodeIgniter->runController()
 3 SYSTEMPATH/CodeIgniter.php(355): CodeIgniter\CodeIgniter->handleRequest()
 4 SYSTEMPATH/Boot.php(325): CodeIgniter\CodeIgniter->run()
 5 SYSTEMPATH/Boot.php(67): CodeIgniter\Boot::runCodeIgniter()
 6 FCPATH/index.php(56): CodeIgniter\Boot::bootWeb()
 7 SYSTEMPATH/rewrite.php(44): require_once('/home/vagrant/TestCodeIgniter/public/index.php')
CRITICAL - 2024-11-20 15:48:28 --> Error: Call to undefined method CodeIgniter\HTTP\IncomingRequest::get()
[Method: GET, Route: Connexion]
in APPPATH/Controllers/Home.php on line 76.
 1 SYSTEMPATH/CodeIgniter.php(933): App\Controllers\Home->Connexion()
 2 SYSTEMPATH/CodeIgniter.php(509): CodeIgniter\CodeIgniter->runController()
 3 SYSTEMPATH/CodeIgniter.php(355): CodeIgniter\CodeIgniter->handleRequest()
 4 SYSTEMPATH/Boot.php(325): CodeIgniter\CodeIgniter->run()
 5 SYSTEMPATH/Boot.php(67): CodeIgniter\Boot::runCodeIgniter()
 6 FCPATH/index.php(56): CodeIgniter\Boot::bootWeb()
 7 SYSTEMPATH/rewrite.php(44): require_once('/home/vagrant/TestCodeIgniter/public/index.php')
INFO - 2024-11-20 15:51:24 --> Session: Class initialized using 'CodeIgniter\Session\Handlers\FileHandler' driver.
CRITICAL - 2024-11-20 15:51:24 --> TypeError: App\Controllers\Home::Connexion(): Return value must be of type string, CodeIgniter\HTTP\RedirectResponse returned
[Method: GET, Route: Connexion]
in APPPATH/Controllers/Home.php on line 82.
 1 SYSTEMPATH/CodeIgniter.php(933): App\Controllers\Home->Connexion()
 2 SYSTEMPATH/CodeIgniter.php(509): CodeIgniter\CodeIgniter->runController()
 3 SYSTEMPATH/CodeIgniter.php(355): CodeIgniter\CodeIgniter->handleRequest()
 4 SYSTEMPATH/Boot.php(325): CodeIgniter\CodeIgniter->run()
 5 SYSTEMPATH/Boot.php(67): CodeIgniter\Boot::runCodeIgniter()
 6 FCPATH/index.php(56): CodeIgniter\Boot::bootWeb()
 7 SYSTEMPATH/rewrite.php(44): require_once('/home/vagrant/TestCodeIgniter/public/index.php')
INFO - 2024-11-20 15:53:03 --> Session: Class initialized using 'CodeIgniter\Session\Handlers\FileHandler' driver.
CRITICAL - 2024-11-20 15:53:03 --> TypeError: App\Controllers\Home::Connexion(): Return value must be of type string, CodeIgniter\HTTP\RedirectResponse returned
[Method: GET, Route: Connexion]
in APPPATH/Controllers/Home.php on line 82.
 1 SYSTEMPATH/CodeIgniter.php(933): App\Controllers\Home->Connexion()
 2 SYSTEMPATH/CodeIgniter.php(509): CodeIgniter\CodeIgniter->runController()
 3 SYSTEMPATH/CodeIgniter.php(355): CodeIgniter\CodeIgniter->handleRequest()
 4 SYSTEMPATH/Boot.php(325): CodeIgniter\CodeIgniter->run()
 5 SYSTEMPATH/Boot.php(67): CodeIgniter\Boot::runCodeIgniter()
 6 FCPATH/index.php(56): CodeIgniter\Boot::bootWeb()
 7 SYSTEMPATH/rewrite.php(44): require_once('/home/vagrant/TestCodeIgniter/public/index.php')
CRITICAL - 2024-11-20 15:53:29 --> TypeError: App\Controllers\Home::Connexion(): Return value must be of type string, CodeIgniter\HTTP\Response returned
[Method: GET, Route: Connexion]
in APPPATH/Controllers/Home.php on line 94.
 1 SYSTEMPATH/CodeIgniter.php(933): App\Controllers\Home->Connexion()
 2 SYSTEMPATH/CodeIgniter.php(509): CodeIgniter\CodeIgniter->runController()
 3 SYSTEMPATH/CodeIgniter.php(355): CodeIgniter\CodeIgniter->handleRequest()
 4 SYSTEMPATH/Boot.php(325): CodeIgniter\CodeIgniter->run()
 5 SYSTEMPATH/Boot.php(67): CodeIgniter\Boot::runCodeIgniter()
 6 FCPATH/index.php(56): CodeIgniter\Boot::bootWeb()
 7 SYSTEMPATH/rewrite.php(44): require_once('/home/vagrant/TestCodeIgniter/public/index.php')
CRITICAL - 2024-11-20 15:54:02 --> TypeError: App\Controllers\Home::Connexion(): Return value must be of type string, CodeIgniter\HTTP\Response returned
[Method: GET, Route: Connexion]
in APPPATH/Controllers/Home.php on line 94.
 1 SYSTEMPATH/CodeIgniter.php(933): App\Controllers\Home->Connexion()
 2 SYSTEMPATH/CodeIgniter.php(509): CodeIgniter\CodeIgniter->runController()
 3 SYSTEMPATH/CodeIgniter.php(355): CodeIgniter\CodeIgniter->handleRequest()
 4 SYSTEMPATH/Boot.php(325): CodeIgniter\CodeIgniter->run()
 5 SYSTEMPATH/Boot.php(67): CodeIgniter\Boot::runCodeIgniter()
 6 FCPATH/index.php(56): CodeIgniter\Boot::bootWeb()
 7 SYSTEMPATH/rewrite.php(44): require_once('/home/vagrant/TestCodeIgniter/public/index.php')
CRITICAL - 2024-11-20 15:55:15 --> TypeError: App\Controllers\Home::Connexion(): Return value must be of type string, CodeIgniter\HTTP\Response returned
[Method: GET, Route: Connexion]
in APPPATH/Controllers/Home.php on line 94.
 1 SYSTEMPATH/CodeIgniter.php(933): App\Controllers\Home->Connexion()
 2 SYSTEMPATH/CodeIgniter.php(509): CodeIgniter\CodeIgniter->runController()
 3 SYSTEMPATH/CodeIgniter.php(355): CodeIgniter\CodeIgniter->handleRequest()
 4 SYSTEMPATH/Boot.php(325): CodeIgniter\CodeIgniter->run()
 5 SYSTEMPATH/Boot.php(67): CodeIgniter\Boot::runCodeIgniter()
 6 FCPATH/index.php(56): CodeIgniter\Boot::bootWeb()
 7 SYSTEMPATH/rewrite.php(44): require_once('/home/vagrant/TestCodeIgniter/public/index.php')
CRITICAL - 2024-11-20 15:59:22 --> TypeError: App\Controllers\Home::Connexion(): Return value must be of type string, CodeIgniter\HTTP\Response returned
[Method: GET, Route: Connexion]
in APPPATH/Controllers/Home.php on line 94.
 1 SYSTEMPATH/CodeIgniter.php(933): App\Controllers\Home->Connexion()
 2 SYSTEMPATH/CodeIgniter.php(509): CodeIgniter\CodeIgniter->runController()
 3 SYSTEMPATH/CodeIgniter.php(355): CodeIgniter\CodeIgniter->handleRequest()
 4 SYSTEMPATH/Boot.php(325): CodeIgniter\CodeIgniter->run()
 5 SYSTEMPATH/Boot.php(67): CodeIgniter\Boot::runCodeIgniter()
 6 FCPATH/index.php(56): CodeIgniter\Boot::bootWeb()
 7 SYSTEMPATH/rewrite.php(44): require_once('/home/vagrant/TestCodeIgniter/public/index.php')
CRITICAL - 2024-11-20 15:59:56 --> TypeError: App\Controllers\Home::Connexion(): Return value must be of type string, CodeIgniter\HTTP\Response returned
[Method: GET, Route: Connexion]
in APPPATH/Controllers/Home.php on line 94.
 1 SYSTEMPATH/CodeIgniter.php(933): App\Controllers\Home->Connexion()
 2 SYSTEMPATH/CodeIgniter.php(509): CodeIgniter\CodeIgniter->runController()
 3 SYSTEMPATH/CodeIgniter.php(355): CodeIgniter\CodeIgniter->handleRequest()
 4 SYSTEMPATH/Boot.php(325): CodeIgniter\CodeIgniter->run()
 5 SYSTEMPATH/Boot.php(67): CodeIgniter\Boot::runCodeIgniter()
 6 FCPATH/index.php(56): CodeIgniter\Boot::bootWeb()
 7 SYSTEMPATH/rewrite.php(44): require_once('/home/vagrant/TestCodeIgniter/public/index.php')
CRITICAL - 2024-11-20 16:11:04 --> Twig\Error\LoaderError: Unable to find template "/.twig" (looked into: /home/vagrant/TestCodeIgniter/app/Views).
[Method: GET, Route: Connexion]
in VENDORPATH/twig/twig/src/Loader/FilesystemLoader.php on line 234.
 1 VENDORPATH/twig/twig/src/Loader/FilesystemLoader.php(138): Twig\Loader\FilesystemLoader->findTemplate()
 2 VENDORPATH/twig/twig/src/Environment.php(304): Twig\Loader\FilesystemLoader->getCacheKey()
 3 VENDORPATH/twig/twig/src/Environment.php(357): Twig\Environment->getTemplateClass()
 4 VENDORPATH/twig/twig/src/Environment.php(320): Twig\Environment->load()
 5 VENDORPATH/kenjis/codeigniter-ss-twig/src/CI4Twig/Twig.php(205): Twig\Environment->render()
 6 APPPATH/Controllers/Home.php(90): Kenjis\CI4Twig\Twig->render()
 7 SYSTEMPATH/CodeIgniter.php(933): App\Controllers\Home->Connexion()
 8 SYSTEMPATH/CodeIgniter.php(509): CodeIgniter\CodeIgniter->runController()
 9 SYSTEMPATH/CodeIgniter.php(355): CodeIgniter\CodeIgniter->handleRequest()
10 SYSTEMPATH/Boot.php(325): CodeIgniter\CodeIgniter->run()
11 SYSTEMPATH/Boot.php(67): CodeIgniter\Boot::runCodeIgniter()
12 FCPATH/index.php(56): CodeIgniter\Boot::bootWeb()
13 SYSTEMPATH/rewrite.php(44): require_once('/home/vagrant/TestCodeIgniter/public/index.php')
