CRITICAL - 2024-11-14 10:27:41 --> Twig\Error\SyntaxError: Unknown "importmap" function.
[Method: GET, Route: /]
in APPPATH/Views/base.html.twig on line 12.
 1 VENDORPATH/twig/twig/src/ExpressionParser.php(468): Twig\ExpressionParser->getFunction()
 2 VENDORPATH/twig/twig/src/ExpressionParser.php(238): Twig\ExpressionParser->getFunctionNode()
 3 VENDORPATH/twig/twig/src/ExpressionParser.php(175): Twig\ExpressionParser->parsePrimaryExpression()
 4 VENDORPATH/twig/twig/src/ExpressionParser.php(70): Twig\ExpressionParser->getPrimary()
 5 VENDORPATH/twig/twig/src/Parser.php(130): Twig\ExpressionParser->parseExpression()
 6 VENDORPATH/twig/twig/src/TokenParser/BlockTokenParser.php(44): Twig\Parser->subparse()
 7 VENDORPATH/twig/twig/src/Parser.php(174): Twig\TokenParser\BlockTokenParser->parse()
 8 VENDORPATH/twig/twig/src/TokenParser/BlockTokenParser.php(44): Twig\Parser->subparse()
 9 VENDORPATH/twig/twig/src/Parser.php(174): Twig\TokenParser\BlockTokenParser->parse()
10 VENDORPATH/twig/twig/src/Parser.php(83): Twig\Parser->subparse()
11 VENDORPATH/twig/twig/src/Environment.php(523): Twig\Parser->parse()
12 VENDORPATH/twig/twig/src/Environment.php(551): Twig\Environment->parse()
13 VENDORPATH/twig/twig/src/Environment.php(381): Twig\Environment->compileSource()
14 VENDORPATH/twig/twig/src/Environment.php(343): Twig\Environment->loadTemplate()
15 VENDORPATH/twig/twig/src/Environment.php(306): Twig\Environment->load()
16 VENDORPATH/daycry/twig/src/Twig.php(213): Twig\Environment->render()
17 APPPATH/Controllers/Home.php(9): Daycry\Twig\Twig->render()
18 SYSTEMPATH/CodeIgniter.php(933): App\Controllers\Home->index()
19 SYSTEMPATH/CodeIgniter.php(509): CodeIgniter\CodeIgniter->runController()
20 SYSTEMPATH/CodeIgniter.php(355): CodeIgniter\CodeIgniter->handleRequest()
21 SYSTEMPATH/Boot.php(325): CodeIgniter\CodeIgniter->run()
22 SYSTEMPATH/Boot.php(67): CodeIgniter\Boot::runCodeIgniter()
23 FCPATH/index.php(56): CodeIgniter\Boot::bootWeb()
CRITICAL - 2024-11-14 10:28:03 --> Twig\Error\SyntaxError: Unknown "url" function. Did you mean "base_url", "site_url", "current_url"?
[Method: GET, Route: /]
in APPPATH/Views/base.html.twig on line 16.
 1 VENDORPATH/twig/twig/src/ExpressionParser.php(468): Twig\ExpressionParser->getFunction()
 2 VENDORPATH/twig/twig/src/ExpressionParser.php(238): Twig\ExpressionParser->getFunctionNode()
 3 VENDORPATH/twig/twig/src/ExpressionParser.php(175): Twig\ExpressionParser->parsePrimaryExpression()
 4 VENDORPATH/twig/twig/src/ExpressionParser.php(70): Twig\ExpressionParser->getPrimary()
 5 VENDORPATH/twig/twig/src/Parser.php(130): Twig\ExpressionParser->parseExpression()
 6 VENDORPATH/twig/twig/src/Parser.php(83): Twig\Parser->subparse()
 7 VENDORPATH/twig/twig/src/Environment.php(523): Twig\Parser->parse()
 8 VENDORPATH/twig/twig/src/Environment.php(551): Twig\Environment->parse()
 9 VENDORPATH/twig/twig/src/Environment.php(381): Twig\Environment->compileSource()
10 VENDORPATH/twig/twig/src/Environment.php(343): Twig\Environment->loadTemplate()
11 VENDORPATH/twig/twig/src/Environment.php(306): Twig\Environment->load()
12 VENDORPATH/daycry/twig/src/Twig.php(213): Twig\Environment->render()
13 APPPATH/Controllers/Home.php(9): Daycry\Twig\Twig->render()
14 SYSTEMPATH/CodeIgniter.php(933): App\Controllers\Home->index()
15 SYSTEMPATH/CodeIgniter.php(509): CodeIgniter\CodeIgniter->runController()
16 SYSTEMPATH/CodeIgniter.php(355): CodeIgniter\CodeIgniter->handleRequest()
17 SYSTEMPATH/Boot.php(325): CodeIgniter\CodeIgniter->run()
18 SYSTEMPATH/Boot.php(67): CodeIgniter\Boot::runCodeIgniter()
19 FCPATH/index.php(56): CodeIgniter\Boot::bootWeb()
CRITICAL - 2024-11-14 10:29:50 --> Twig\Error\SyntaxError: Unknown "url" function. Did you mean "base_url", "site_url", "current_url"?
[Method: GET, Route: /]
in APPPATH/Views/base.html.twig on line 16.
 1 VENDORPATH/twig/twig/src/ExpressionParser.php(468): Twig\ExpressionParser->getFunction()
 2 VENDORPATH/twig/twig/src/ExpressionParser.php(238): Twig\ExpressionParser->getFunctionNode()
 3 VENDORPATH/twig/twig/src/ExpressionParser.php(175): Twig\ExpressionParser->parsePrimaryExpression()
 4 VENDORPATH/twig/twig/src/ExpressionParser.php(70): Twig\ExpressionParser->getPrimary()
 5 VENDORPATH/twig/twig/src/Parser.php(130): Twig\ExpressionParser->parseExpression()
 6 VENDORPATH/twig/twig/src/Parser.php(83): Twig\Parser->subparse()
 7 VENDORPATH/twig/twig/src/Environment.php(523): Twig\Parser->parse()
 8 VENDORPATH/twig/twig/src/Environment.php(551): Twig\Environment->parse()
 9 VENDORPATH/twig/twig/src/Environment.php(381): Twig\Environment->compileSource()
10 VENDORPATH/twig/twig/src/Environment.php(343): Twig\Environment->loadTemplate()
11 VENDORPATH/twig/twig/src/Environment.php(306): Twig\Environment->load()
12 VENDORPATH/daycry/twig/src/Twig.php(213): Twig\Environment->render()
13 APPPATH/Controllers/Home.php(9): Daycry\Twig\Twig->render()
14 SYSTEMPATH/CodeIgniter.php(933): App\Controllers\Home->index()
15 SYSTEMPATH/CodeIgniter.php(509): CodeIgniter\CodeIgniter->runController()
16 SYSTEMPATH/CodeIgniter.php(355): CodeIgniter\CodeIgniter->handleRequest()
17 SYSTEMPATH/Boot.php(325): CodeIgniter\CodeIgniter->run()
18 SYSTEMPATH/Boot.php(67): CodeIgniter\Boot::runCodeIgniter()
19 FCPATH/index.php(56): CodeIgniter\Boot::bootWeb()
CRITICAL - 2024-11-14 10:30:47 --> Twig\Error\SyntaxError: Unknown "url" function. Did you mean "base_url", "site_url", "current_url"?
[Method: GET, Route: /]
in APPPATH/Views/base.html.twig on line 16.
 1 VENDORPATH/twig/twig/src/ExpressionParser.php(468): Twig\ExpressionParser->getFunction()
 2 VENDORPATH/twig/twig/src/ExpressionParser.php(238): Twig\ExpressionParser->getFunctionNode()
 3 VENDORPATH/twig/twig/src/ExpressionParser.php(175): Twig\ExpressionParser->parsePrimaryExpression()
 4 VENDORPATH/twig/twig/src/ExpressionParser.php(70): Twig\ExpressionParser->getPrimary()
 5 VENDORPATH/twig/twig/src/Parser.php(130): Twig\ExpressionParser->parseExpression()
 6 VENDORPATH/twig/twig/src/Parser.php(83): Twig\Parser->subparse()
 7 VENDORPATH/twig/twig/src/Environment.php(523): Twig\Parser->parse()
 8 VENDORPATH/twig/twig/src/Environment.php(551): Twig\Environment->parse()
 9 VENDORPATH/twig/twig/src/Environment.php(381): Twig\Environment->compileSource()
10 VENDORPATH/twig/twig/src/Environment.php(343): Twig\Environment->loadTemplate()
11 VENDORPATH/twig/twig/src/Environment.php(306): Twig\Environment->load()
12 VENDORPATH/daycry/twig/src/Twig.php(213): Twig\Environment->render()
13 APPPATH/Controllers/Home.php(9): Daycry\Twig\Twig->render()
14 SYSTEMPATH/CodeIgniter.php(933): App\Controllers\Home->index()
15 SYSTEMPATH/CodeIgniter.php(509): CodeIgniter\CodeIgniter->runController()
16 SYSTEMPATH/CodeIgniter.php(355): CodeIgniter\CodeIgniter->handleRequest()
17 SYSTEMPATH/Boot.php(325): CodeIgniter\CodeIgniter->run()
18 SYSTEMPATH/Boot.php(67): CodeIgniter\Boot::runCodeIgniter()
19 FCPATH/index.php(56): CodeIgniter\Boot::bootWeb()
CRITICAL - 2024-11-14 10:34:46 --> Twig\Error\SyntaxError: Unknown "importmap" function.
[Method: GET, Route: /]
in APPPATH/Views/base.html.twig on line 12.
 1 VENDORPATH/twig/twig/src/ExpressionParser.php(468): Twig\ExpressionParser->getFunction()
 2 VENDORPATH/twig/twig/src/ExpressionParser.php(238): Twig\ExpressionParser->getFunctionNode()
 3 VENDORPATH/twig/twig/src/ExpressionParser.php(175): Twig\ExpressionParser->parsePrimaryExpression()
 4 VENDORPATH/twig/twig/src/ExpressionParser.php(70): Twig\ExpressionParser->getPrimary()
 5 VENDORPATH/twig/twig/src/Parser.php(130): Twig\ExpressionParser->parseExpression()
 6 VENDORPATH/twig/twig/src/TokenParser/BlockTokenParser.php(44): Twig\Parser->subparse()
 7 VENDORPATH/twig/twig/src/Parser.php(174): Twig\TokenParser\BlockTokenParser->parse()
 8 VENDORPATH/twig/twig/src/TokenParser/BlockTokenParser.php(44): Twig\Parser->subparse()
 9 VENDORPATH/twig/twig/src/Parser.php(174): Twig\TokenParser\BlockTokenParser->parse()
10 VENDORPATH/twig/twig/src/Parser.php(83): Twig\Parser->subparse()
11 VENDORPATH/twig/twig/src/Environment.php(523): Twig\Parser->parse()
12 VENDORPATH/twig/twig/src/Environment.php(551): Twig\Environment->parse()
13 VENDORPATH/twig/twig/src/Environment.php(381): Twig\Environment->compileSource()
14 VENDORPATH/twig/twig/src/Environment.php(343): Twig\Environment->loadTemplate()
15 VENDORPATH/twig/twig/src/Environment.php(306): Twig\Environment->load()
16 VENDORPATH/daycry/twig/src/Twig.php(213): Twig\Environment->render()
17 APPPATH/Controllers/Home.php(9): Daycry\Twig\Twig->render()
18 SYSTEMPATH/CodeIgniter.php(933): App\Controllers\Home->index()
19 SYSTEMPATH/CodeIgniter.php(509): CodeIgniter\CodeIgniter->runController()
20 SYSTEMPATH/CodeIgniter.php(355): CodeIgniter\CodeIgniter->handleRequest()
21 SYSTEMPATH/Boot.php(325): CodeIgniter\CodeIgniter->run()
22 SYSTEMPATH/Boot.php(67): CodeIgniter\Boot::runCodeIgniter()
23 FCPATH/index.php(56): CodeIgniter\Boot::bootWeb()
CRITICAL - 2024-11-14 10:34:59 --> Twig\Error\SyntaxError: Unknown "url" function. Did you mean "base_url", "site_url", "current_url"?
[Method: GET, Route: /]
in APPPATH/Views/base.html.twig on line 16.
 1 VENDORPATH/twig/twig/src/ExpressionParser.php(468): Twig\ExpressionParser->getFunction()
 2 VENDORPATH/twig/twig/src/ExpressionParser.php(238): Twig\ExpressionParser->getFunctionNode()
 3 VENDORPATH/twig/twig/src/ExpressionParser.php(175): Twig\ExpressionParser->parsePrimaryExpression()
 4 VENDORPATH/twig/twig/src/ExpressionParser.php(70): Twig\ExpressionParser->getPrimary()
 5 VENDORPATH/twig/twig/src/Parser.php(130): Twig\ExpressionParser->parseExpression()
 6 VENDORPATH/twig/twig/src/Parser.php(83): Twig\Parser->subparse()
 7 VENDORPATH/twig/twig/src/Environment.php(523): Twig\Parser->parse()
 8 VENDORPATH/twig/twig/src/Environment.php(551): Twig\Environment->parse()
 9 VENDORPATH/twig/twig/src/Environment.php(381): Twig\Environment->compileSource()
10 VENDORPATH/twig/twig/src/Environment.php(343): Twig\Environment->loadTemplate()
11 VENDORPATH/twig/twig/src/Environment.php(306): Twig\Environment->load()
12 VENDORPATH/daycry/twig/src/Twig.php(213): Twig\Environment->render()
13 APPPATH/Controllers/Home.php(9): Daycry\Twig\Twig->render()
14 SYSTEMPATH/CodeIgniter.php(933): App\Controllers\Home->index()
15 SYSTEMPATH/CodeIgniter.php(509): CodeIgniter\CodeIgniter->runController()
16 SYSTEMPATH/CodeIgniter.php(355): CodeIgniter\CodeIgniter->handleRequest()
17 SYSTEMPATH/Boot.php(325): CodeIgniter\CodeIgniter->run()
18 SYSTEMPATH/Boot.php(67): CodeIgniter\Boot::runCodeIgniter()
19 FCPATH/index.php(56): CodeIgniter\Boot::bootWeb()
CRITICAL - 2024-11-14 10:39:56 --> RuntimeException: Failed to write cache file "/home/vagrant/TestCodeIgniter/writable/cache/twig/e2/e26257b4797b55e92c5aea25bbc8caed.php".
[Method: GET, Route: /]
in VENDORPATH/twig/twig/src/Cache/FilesystemCache.php on line 76.
 1 VENDORPATH/twig/twig/src/Environment.php(382): Twig\Cache\FilesystemCache->write()
 2 VENDORPATH/twig/twig/src/Environment.php(343): Twig\Environment->loadTemplate()
 3 VENDORPATH/twig/twig/src/Environment.php(306): Twig\Environment->load()
 4 VENDORPATH/daycry/twig/src/Twig.php(213): Twig\Environment->render()
 5 APPPATH/Controllers/Home.php(9): Daycry\Twig\Twig->render()
 6 SYSTEMPATH/CodeIgniter.php(933): App\Controllers\Home->index()
 7 SYSTEMPATH/CodeIgniter.php(509): CodeIgniter\CodeIgniter->runController()
 8 SYSTEMPATH/CodeIgniter.php(355): CodeIgniter\CodeIgniter->handleRequest()
 9 SYSTEMPATH/Boot.php(325): CodeIgniter\CodeIgniter->run()
10 SYSTEMPATH/Boot.php(67): CodeIgniter\Boot::runCodeIgniter()
11 FCPATH/index.php(56): CodeIgniter\Boot::bootWeb()
CRITICAL - 2024-11-14 10:41:33 --> RuntimeException: Failed to write cache file "/home/vagrant/TestCodeIgniter/writable/cache/twig/e2/e26257b4797b55e92c5aea25bbc8caed.php".
[Method: GET, Route: /]
in VENDORPATH/twig/twig/src/Cache/FilesystemCache.php on line 76.
 1 VENDORPATH/twig/twig/src/Environment.php(382): Twig\Cache\FilesystemCache->write()
 2 VENDORPATH/twig/twig/src/Environment.php(343): Twig\Environment->loadTemplate()
 3 VENDORPATH/twig/twig/src/Environment.php(306): Twig\Environment->load()
 4 VENDORPATH/daycry/twig/src/Twig.php(213): Twig\Environment->render()
 5 APPPATH/Controllers/Home.php(9): Daycry\Twig\Twig->render()
 6 SYSTEMPATH/CodeIgniter.php(933): App\Controllers\Home->index()
 7 SYSTEMPATH/CodeIgniter.php(509): CodeIgniter\CodeIgniter->runController()
 8 SYSTEMPATH/CodeIgniter.php(355): CodeIgniter\CodeIgniter->handleRequest()
 9 SYSTEMPATH/Boot.php(325): CodeIgniter\CodeIgniter->run()
10 SYSTEMPATH/Boot.php(67): CodeIgniter\Boot::runCodeIgniter()
11 FCPATH/index.php(56): CodeIgniter\Boot::bootWeb()
CRITICAL - 2024-11-14 10:47:05 --> RuntimeException: Failed to write cache file "/home/vagrant/TestCodeIgniter/writable/cache/twig/e2/e26257b4797b55e92c5aea25bbc8caed.php".
[Method: GET, Route: /]
in VENDORPATH/twig/twig/src/Cache/FilesystemCache.php on line 76.
 1 VENDORPATH/twig/twig/src/Environment.php(382): Twig\Cache\FilesystemCache->write()
 2 VENDORPATH/twig/twig/src/Environment.php(343): Twig\Environment->loadTemplate()
 3 VENDORPATH/twig/twig/src/Environment.php(306): Twig\Environment->load()
 4 VENDORPATH/daycry/twig/src/Twig.php(213): Twig\Environment->render()
 5 APPPATH/Controllers/Home.php(9): Daycry\Twig\Twig->render()
 6 SYSTEMPATH/CodeIgniter.php(933): App\Controllers\Home->index()
 7 SYSTEMPATH/CodeIgniter.php(509): CodeIgniter\CodeIgniter->runController()
 8 SYSTEMPATH/CodeIgniter.php(355): CodeIgniter\CodeIgniter->handleRequest()
 9 SYSTEMPATH/Boot.php(325): CodeIgniter\CodeIgniter->run()
10 SYSTEMPATH/Boot.php(67): CodeIgniter\Boot::runCodeIgniter()
11 FCPATH/index.php(56): CodeIgniter\Boot::bootWeb()
CRITICAL - 2024-11-14 10:47:16 --> RuntimeException: Failed to write cache file "/home/vagrant/TestCodeIgniter/writable/cache/twig/e2/e26257b4797b55e92c5aea25bbc8caed.php".
[Method: GET, Route: /]
in VENDORPATH/twig/twig/src/Cache/FilesystemCache.php on line 76.
 1 VENDORPATH/twig/twig/src/Environment.php(382): Twig\Cache\FilesystemCache->write()
 2 VENDORPATH/twig/twig/src/Environment.php(343): Twig\Environment->loadTemplate()
 3 VENDORPATH/twig/twig/src/Environment.php(306): Twig\Environment->load()
 4 VENDORPATH/daycry/twig/src/Twig.php(213): Twig\Environment->render()
 5 APPPATH/Controllers/Home.php(9): Daycry\Twig\Twig->render()
 6 SYSTEMPATH/CodeIgniter.php(933): App\Controllers\Home->index()
 7 SYSTEMPATH/CodeIgniter.php(509): CodeIgniter\CodeIgniter->runController()
 8 SYSTEMPATH/CodeIgniter.php(355): CodeIgniter\CodeIgniter->handleRequest()
 9 SYSTEMPATH/Boot.php(325): CodeIgniter\CodeIgniter->run()
10 SYSTEMPATH/Boot.php(67): CodeIgniter\Boot::runCodeIgniter()
11 FCPATH/index.php(56): CodeIgniter\Boot::bootWeb()
CRITICAL - 2024-11-14 10:47:18 --> RuntimeException: Failed to write cache file "/home/vagrant/TestCodeIgniter/writable/cache/twig/e2/e26257b4797b55e92c5aea25bbc8caed.php".
[Method: GET, Route: /]
in VENDORPATH/twig/twig/src/Cache/FilesystemCache.php on line 76.
 1 VENDORPATH/twig/twig/src/Environment.php(382): Twig\Cache\FilesystemCache->write()
 2 VENDORPATH/twig/twig/src/Environment.php(343): Twig\Environment->loadTemplate()
 3 VENDORPATH/twig/twig/src/Environment.php(306): Twig\Environment->load()
 4 VENDORPATH/daycry/twig/src/Twig.php(213): Twig\Environment->render()
 5 APPPATH/Controllers/Home.php(9): Daycry\Twig\Twig->render()
 6 SYSTEMPATH/CodeIgniter.php(933): App\Controllers\Home->index()
 7 SYSTEMPATH/CodeIgniter.php(509): CodeIgniter\CodeIgniter->runController()
 8 SYSTEMPATH/CodeIgniter.php(355): CodeIgniter\CodeIgniter->handleRequest()
 9 SYSTEMPATH/Boot.php(325): CodeIgniter\CodeIgniter->run()
10 SYSTEMPATH/Boot.php(67): CodeIgniter\Boot::runCodeIgniter()
11 FCPATH/index.php(56): CodeIgniter\Boot::bootWeb()
CRITICAL - 2024-11-14 10:47:21 --> RuntimeException: Failed to write cache file "/home/vagrant/TestCodeIgniter/writable/cache/twig/e2/e26257b4797b55e92c5aea25bbc8caed.php".
[Method: GET, Route: /]
in VENDORPATH/twig/twig/src/Cache/FilesystemCache.php on line 76.
 1 VENDORPATH/twig/twig/src/Environment.php(382): Twig\Cache\FilesystemCache->write()
 2 VENDORPATH/twig/twig/src/Environment.php(343): Twig\Environment->loadTemplate()
 3 VENDORPATH/twig/twig/src/Environment.php(306): Twig\Environment->load()
 4 VENDORPATH/daycry/twig/src/Twig.php(213): Twig\Environment->render()
 5 APPPATH/Controllers/Home.php(9): Daycry\Twig\Twig->render()
 6 SYSTEMPATH/CodeIgniter.php(933): App\Controllers\Home->index()
 7 SYSTEMPATH/CodeIgniter.php(509): CodeIgniter\CodeIgniter->runController()
 8 SYSTEMPATH/CodeIgniter.php(355): CodeIgniter\CodeIgniter->handleRequest()
 9 SYSTEMPATH/Boot.php(325): CodeIgniter\CodeIgniter->run()
10 SYSTEMPATH/Boot.php(67): CodeIgniter\Boot::runCodeIgniter()
11 FCPATH/index.php(56): CodeIgniter\Boot::bootWeb()
CRITICAL - 2024-11-14 10:48:01 --> RuntimeException: Failed to write cache file "/home/vagrant/TestCodeIgniter/writable/cache/twig/e2/e26257b4797b55e92c5aea25bbc8caed.php".
[Method: GET, Route: /]
in VENDORPATH/twig/twig/src/Cache/FilesystemCache.php on line 76.
 1 VENDORPATH/twig/twig/src/Environment.php(382): Twig\Cache\FilesystemCache->write()
 2 VENDORPATH/twig/twig/src/Environment.php(343): Twig\Environment->loadTemplate()
 3 VENDORPATH/twig/twig/src/Environment.php(306): Twig\Environment->load()
 4 VENDORPATH/daycry/twig/src/Twig.php(213): Twig\Environment->render()
 5 APPPATH/Controllers/Home.php(9): Daycry\Twig\Twig->render()
 6 SYSTEMPATH/CodeIgniter.php(933): App\Controllers\Home->index()
 7 SYSTEMPATH/CodeIgniter.php(509): CodeIgniter\CodeIgniter->runController()
 8 SYSTEMPATH/CodeIgniter.php(355): CodeIgniter\CodeIgniter->handleRequest()
 9 SYSTEMPATH/Boot.php(325): CodeIgniter\CodeIgniter->run()
10 SYSTEMPATH/Boot.php(67): CodeIgniter\Boot::runCodeIgniter()
11 FCPATH/index.php(56): CodeIgniter\Boot::bootWeb()
CRITICAL - 2024-11-14 10:51:51 --> RuntimeException: Failed to write cache file "/home/vagrant/TestCodeIgniter/writable/cache/twig/ae/ae41490f8a314b1b1e93a1ea57745da1.php".
[Method: GET, Route: test]
in VENDORPATH/twig/twig/src/Cache/FilesystemCache.php on line 76.
 1 VENDORPATH/twig/twig/src/Environment.php(382): Twig\Cache\FilesystemCache->write()
 2 VENDORPATH/twig/twig/src/Environment.php(343): Twig\Environment->loadTemplate()
 3 VENDORPATH/twig/twig/src/Environment.php(306): Twig\Environment->load()
 4 VENDORPATH/daycry/twig/src/Twig.php(213): Twig\Environment->render()
 5 APPPATH/Controllers/Home.php(15): Daycry\Twig\Twig->render()
 6 SYSTEMPATH/CodeIgniter.php(933): App\Controllers\Home->test()
 7 SYSTEMPATH/CodeIgniter.php(509): CodeIgniter\CodeIgniter->runController()
 8 SYSTEMPATH/CodeIgniter.php(355): CodeIgniter\CodeIgniter->handleRequest()
 9 SYSTEMPATH/Boot.php(325): CodeIgniter\CodeIgniter->run()
10 SYSTEMPATH/Boot.php(67): CodeIgniter\Boot::runCodeIgniter()
11 FCPATH/index.php(56): CodeIgniter\Boot::bootWeb()
CRITICAL - 2024-11-14 10:55:04 --> Twig\Error\RuntimeError: An exception has been thrown during the rendering of a template ("Failed to write cache file "/home/vagrant/TestCodeIgniter/writable/cache/twig/e2/e26257b4797b55e92c5aea25bbc8caed.php".").
[Method: GET, Route: test]
in APPPATH/Views/hello.twig on line 1.
 1 VENDORPATH/twig/twig/src/Template.php(349): Twig\Template->yield()
 2 VENDORPATH/twig/twig/src/Template.php(364): Twig\Template->display()
 3 VENDORPATH/twig/twig/src/TemplateWrapper.php(35): Twig\Template->render()
 4 VENDORPATH/twig/twig/src/Environment.php(306): Twig\TemplateWrapper->render()
 5 VENDORPATH/daycry/twig/src/Twig.php(213): Twig\Environment->render()
 6 APPPATH/Controllers/Home.php(15): Daycry\Twig\Twig->render()
 7 SYSTEMPATH/CodeIgniter.php(933): App\Controllers\Home->test()
 8 SYSTEMPATH/CodeIgniter.php(509): CodeIgniter\CodeIgniter->runController()
 9 SYSTEMPATH/CodeIgniter.php(355): CodeIgniter\CodeIgniter->handleRequest()
10 SYSTEMPATH/Boot.php(325): CodeIgniter\CodeIgniter->run()
11 SYSTEMPATH/Boot.php(67): CodeIgniter\Boot::runCodeIgniter()
12 FCPATH/index.php(56): CodeIgniter\Boot::bootWeb()
CRITICAL - 2024-11-14 10:55:04 --> [Caused by] RuntimeException: Failed to write cache file "/home/vagrant/TestCodeIgniter/writable/cache/twig/e2/e26257b4797b55e92c5aea25bbc8caed.php".
in VENDORPATH/twig/twig/src/Cache/FilesystemCache.php on line 76.
 1 VENDORPATH/twig/twig/src/Environment.php(382): Twig\Cache\FilesystemCache->write()
 2 VENDORPATH/twig/twig/src/Template.php(306): Twig\Environment->loadTemplate()
 3 ROOTPATH/writable/cache/twig/ae/ae41490f8a314b1b1e93a1ea57745da1.php(47): Twig\Template->loadTemplate()
 4 VENDORPATH/twig/twig/src/Template.php(393): __TwigTemplate_d1510c981f19555462c62194f6853d68->doDisplay()
 5 VENDORPATH/twig/twig/src/Template.php(349): Twig\Template->yield()
 6 VENDORPATH/twig/twig/src/Template.php(364): Twig\Template->display()
 7 VENDORPATH/twig/twig/src/TemplateWrapper.php(35): Twig\Template->render()
 8 VENDORPATH/twig/twig/src/Environment.php(306): Twig\TemplateWrapper->render()
 9 VENDORPATH/daycry/twig/src/Twig.php(213): Twig\Environment->render()
10 APPPATH/Controllers/Home.php(15): Daycry\Twig\Twig->render()
11 SYSTEMPATH/CodeIgniter.php(933): App\Controllers\Home->test()
12 SYSTEMPATH/CodeIgniter.php(509): CodeIgniter\CodeIgniter->runController()
13 SYSTEMPATH/CodeIgniter.php(355): CodeIgniter\CodeIgniter->handleRequest()
14 SYSTEMPATH/Boot.php(325): CodeIgniter\CodeIgniter->run()
15 SYSTEMPATH/Boot.php(67): CodeIgniter\Boot::runCodeIgniter()
16 FCPATH/index.php(56): CodeIgniter\Boot::bootWeb()
CRITICAL - 2024-11-14 10:57:12 --> Twig\Error\RuntimeError: An exception has been thrown during the rendering of a template ("Failed to write cache file "/home/vagrant/TestCodeIgniter/writable/cache/twig/e2/e26257b4797b55e92c5aea25bbc8caed.php".").
[Method: GET, Route: test]
in APPPATH/Views/hello.twig on line 1.
 1 VENDORPATH/twig/twig/src/Template.php(349): Twig\Template->yield()
 2 VENDORPATH/twig/twig/src/Template.php(364): Twig\Template->display()
 3 VENDORPATH/twig/twig/src/TemplateWrapper.php(35): Twig\Template->render()
 4 VENDORPATH/twig/twig/src/Environment.php(306): Twig\TemplateWrapper->render()
 5 VENDORPATH/daycry/twig/src/Twig.php(213): Twig\Environment->render()
 6 APPPATH/Controllers/Home.php(15): Daycry\Twig\Twig->render()
 7 SYSTEMPATH/CodeIgniter.php(933): App\Controllers\Home->test()
 8 SYSTEMPATH/CodeIgniter.php(509): CodeIgniter\CodeIgniter->runController()
 9 SYSTEMPATH/CodeIgniter.php(355): CodeIgniter\CodeIgniter->handleRequest()
10 SYSTEMPATH/Boot.php(325): CodeIgniter\CodeIgniter->run()
11 SYSTEMPATH/Boot.php(67): CodeIgniter\Boot::runCodeIgniter()
12 FCPATH/index.php(56): CodeIgniter\Boot::bootWeb()
CRITICAL - 2024-11-14 10:57:12 --> [Caused by] RuntimeException: Failed to write cache file "/home/vagrant/TestCodeIgniter/writable/cache/twig/e2/e26257b4797b55e92c5aea25bbc8caed.php".
in VENDORPATH/twig/twig/src/Cache/FilesystemCache.php on line 76.
 1 VENDORPATH/twig/twig/src/Environment.php(382): Twig\Cache\FilesystemCache->write()
 2 VENDORPATH/twig/twig/src/Template.php(306): Twig\Environment->loadTemplate()
 3 ROOTPATH/writable/cache/twig/ae/ae41490f8a314b1b1e93a1ea57745da1.php(47): Twig\Template->loadTemplate()
 4 VENDORPATH/twig/twig/src/Template.php(393): __TwigTemplate_d1510c981f19555462c62194f6853d68->doDisplay()
 5 VENDORPATH/twig/twig/src/Template.php(349): Twig\Template->yield()
 6 VENDORPATH/twig/twig/src/Template.php(364): Twig\Template->display()
 7 VENDORPATH/twig/twig/src/TemplateWrapper.php(35): Twig\Template->render()
 8 VENDORPATH/twig/twig/src/Environment.php(306): Twig\TemplateWrapper->render()
 9 VENDORPATH/daycry/twig/src/Twig.php(213): Twig\Environment->render()
10 APPPATH/Controllers/Home.php(15): Daycry\Twig\Twig->render()
11 SYSTEMPATH/CodeIgniter.php(933): App\Controllers\Home->test()
12 SYSTEMPATH/CodeIgniter.php(509): CodeIgniter\CodeIgniter->runController()
13 SYSTEMPATH/CodeIgniter.php(355): CodeIgniter\CodeIgniter->handleRequest()
14 SYSTEMPATH/Boot.php(325): CodeIgniter\CodeIgniter->run()
15 SYSTEMPATH/Boot.php(67): CodeIgniter\Boot::runCodeIgniter()
16 FCPATH/index.php(56): CodeIgniter\Boot::bootWeb()
CRITICAL - 2024-11-14 11:01:39 --> Twig\Error\SyntaxError: Unexpected "}".
[Method: GET, Route: test]
in APPPATH/Views/hello.twig on line 8.
 1 VENDORPATH/twig/twig/src/Lexer.php(311): Twig\Lexer->lexExpression()
 2 VENDORPATH/twig/twig/src/Lexer.php(205): Twig\Lexer->lexVar()
 3 VENDORPATH/twig/twig/src/Environment.php(504): Twig\Lexer->tokenize()
 4 VENDORPATH/twig/twig/src/Environment.php(551): Twig\Environment->tokenize()
 5 VENDORPATH/twig/twig/src/Environment.php(381): Twig\Environment->compileSource()
 6 VENDORPATH/twig/twig/src/Environment.php(343): Twig\Environment->loadTemplate()
 7 VENDORPATH/twig/twig/src/Environment.php(306): Twig\Environment->load()
 8 VENDORPATH/daycry/twig/src/Twig.php(213): Twig\Environment->render()
 9 APPPATH/Controllers/Home.php(16): Daycry\Twig\Twig->render()
10 SYSTEMPATH/CodeIgniter.php(933): App\Controllers\Home->test()
11 SYSTEMPATH/CodeIgniter.php(509): CodeIgniter\CodeIgniter->runController()
12 SYSTEMPATH/CodeIgniter.php(355): CodeIgniter\CodeIgniter->handleRequest()
13 SYSTEMPATH/Boot.php(325): CodeIgniter\CodeIgniter->run()
14 SYSTEMPATH/Boot.php(67): CodeIgniter\Boot::runCodeIgniter()
15 FCPATH/index.php(56): CodeIgniter\Boot::bootWeb()
CRITICAL - 2024-11-14 11:02:13 --> RuntimeException: Failed to write cache file "/home/vagrant/TestCodeIgniter/writable/cache/twig/ae/ae41490f8a314b1b1e93a1ea57745da1.php".
[Method: GET, Route: test]
in VENDORPATH/twig/twig/src/Cache/FilesystemCache.php on line 76.
 1 VENDORPATH/twig/twig/src/Environment.php(382): Twig\Cache\FilesystemCache->write()
 2 VENDORPATH/twig/twig/src/Environment.php(343): Twig\Environment->loadTemplate()
 3 VENDORPATH/twig/twig/src/Environment.php(306): Twig\Environment->load()
 4 VENDORPATH/daycry/twig/src/Twig.php(213): Twig\Environment->render()
 5 APPPATH/Controllers/Home.php(16): Daycry\Twig\Twig->render()
 6 SYSTEMPATH/CodeIgniter.php(933): App\Controllers\Home->test()
 7 SYSTEMPATH/CodeIgniter.php(509): CodeIgniter\CodeIgniter->runController()
 8 SYSTEMPATH/CodeIgniter.php(355): CodeIgniter\CodeIgniter->handleRequest()
 9 SYSTEMPATH/Boot.php(325): CodeIgniter\CodeIgniter->run()
10 SYSTEMPATH/Boot.php(67): CodeIgniter\Boot::runCodeIgniter()
11 FCPATH/index.php(56): CodeIgniter\Boot::bootWeb()
CRITICAL - 2024-11-14 11:04:19 --> Twig\Error\RuntimeError: An exception has been thrown during the rendering of a template ("Failed to write cache file "/home/vagrant/TestCodeIgniter/writable/cache/twig/e2/e26257b4797b55e92c5aea25bbc8caed.php".").
[Method: GET, Route: test]
in APPPATH/Views/hello.twig on line 1.
 1 VENDORPATH/twig/twig/src/Template.php(349): Twig\Template->yield()
 2 VENDORPATH/twig/twig/src/Template.php(364): Twig\Template->display()
 3 VENDORPATH/twig/twig/src/TemplateWrapper.php(35): Twig\Template->render()
 4 VENDORPATH/twig/twig/src/Environment.php(306): Twig\TemplateWrapper->render()
 5 VENDORPATH/daycry/twig/src/Twig.php(213): Twig\Environment->render()
 6 APPPATH/Controllers/Home.php(16): Daycry\Twig\Twig->render()
 7 SYSTEMPATH/CodeIgniter.php(933): App\Controllers\Home->test()
 8 SYSTEMPATH/CodeIgniter.php(509): CodeIgniter\CodeIgniter->runController()
 9 SYSTEMPATH/CodeIgniter.php(355): CodeIgniter\CodeIgniter->handleRequest()
10 SYSTEMPATH/Boot.php(325): CodeIgniter\CodeIgniter->run()
11 SYSTEMPATH/Boot.php(67): CodeIgniter\Boot::runCodeIgniter()
12 FCPATH/index.php(56): CodeIgniter\Boot::bootWeb()
CRITICAL - 2024-11-14 11:04:19 --> [Caused by] RuntimeException: Failed to write cache file "/home/vagrant/TestCodeIgniter/writable/cache/twig/e2/e26257b4797b55e92c5aea25bbc8caed.php".
in VENDORPATH/twig/twig/src/Cache/FilesystemCache.php on line 76.
 1 VENDORPATH/twig/twig/src/Environment.php(382): Twig\Cache\FilesystemCache->write()
 2 VENDORPATH/twig/twig/src/Template.php(306): Twig\Environment->loadTemplate()
 3 ROOTPATH/writable/cache/twig/ae/ae41490f8a314b1b1e93a1ea57745da1.php(47): Twig\Template->loadTemplate()
 4 VENDORPATH/twig/twig/src/Template.php(393): __TwigTemplate_d1510c981f19555462c62194f6853d68->doDisplay()
 5 VENDORPATH/twig/twig/src/Template.php(349): Twig\Template->yield()
 6 VENDORPATH/twig/twig/src/Template.php(364): Twig\Template->display()
 7 VENDORPATH/twig/twig/src/TemplateWrapper.php(35): Twig\Template->render()
 8 VENDORPATH/twig/twig/src/Environment.php(306): Twig\TemplateWrapper->render()
 9 VENDORPATH/daycry/twig/src/Twig.php(213): Twig\Environment->render()
10 APPPATH/Controllers/Home.php(16): Daycry\Twig\Twig->render()
11 SYSTEMPATH/CodeIgniter.php(933): App\Controllers\Home->test()
12 SYSTEMPATH/CodeIgniter.php(509): CodeIgniter\CodeIgniter->runController()
13 SYSTEMPATH/CodeIgniter.php(355): CodeIgniter\CodeIgniter->handleRequest()
14 SYSTEMPATH/Boot.php(325): CodeIgniter\CodeIgniter->run()
15 SYSTEMPATH/Boot.php(67): CodeIgniter\Boot::runCodeIgniter()
16 FCPATH/index.php(56): CodeIgniter\Boot::bootWeb()
CRITICAL - 2024-11-14 11:18:25 --> Twig\Error\RuntimeError: An exception has been thrown during the rendering of a template ("Failed to write cache file "/home/vagrant/TestCodeIgniter/writable/cache/twig/e2/e26257b4797b55e92c5aea25bbc8caed.php".").
[Method: GET, Route: test]
in APPPATH/Views/hello.twig on line 1.
 1 VENDORPATH/twig/twig/src/Template.php(349): Twig\Template->yield()
 2 VENDORPATH/twig/twig/src/Template.php(364): Twig\Template->display()
 3 VENDORPATH/twig/twig/src/TemplateWrapper.php(35): Twig\Template->render()
 4 VENDORPATH/twig/twig/src/Environment.php(306): Twig\TemplateWrapper->render()
 5 VENDORPATH/daycry/twig/src/Twig.php(213): Twig\Environment->render()
 6 APPPATH/Controllers/Home.php(16): Daycry\Twig\Twig->render()
 7 SYSTEMPATH/CodeIgniter.php(933): App\Controllers\Home->test()
 8 SYSTEMPATH/CodeIgniter.php(509): CodeIgniter\CodeIgniter->runController()
 9 SYSTEMPATH/CodeIgniter.php(355): CodeIgniter\CodeIgniter->handleRequest()
10 SYSTEMPATH/Boot.php(325): CodeIgniter\CodeIgniter->run()
11 SYSTEMPATH/Boot.php(67): CodeIgniter\Boot::runCodeIgniter()
12 FCPATH/index.php(56): CodeIgniter\Boot::bootWeb()
CRITICAL - 2024-11-14 11:18:25 --> [Caused by] RuntimeException: Failed to write cache file "/home/vagrant/TestCodeIgniter/writable/cache/twig/e2/e26257b4797b55e92c5aea25bbc8caed.php".
in VENDORPATH/twig/twig/src/Cache/FilesystemCache.php on line 76.
 1 VENDORPATH/twig/twig/src/Environment.php(382): Twig\Cache\FilesystemCache->write()
 2 VENDORPATH/twig/twig/src/Template.php(306): Twig\Environment->loadTemplate()
 3 ROOTPATH/writable/cache/twig/ae/ae41490f8a314b1b1e93a1ea57745da1.php(47): Twig\Template->loadTemplate()
 4 VENDORPATH/twig/twig/src/Template.php(393): __TwigTemplate_d1510c981f19555462c62194f6853d68->doDisplay()
 5 VENDORPATH/twig/twig/src/Template.php(349): Twig\Template->yield()
 6 VENDORPATH/twig/twig/src/Template.php(364): Twig\Template->display()
 7 VENDORPATH/twig/twig/src/TemplateWrapper.php(35): Twig\Template->render()
 8 VENDORPATH/twig/twig/src/Environment.php(306): Twig\TemplateWrapper->render()
 9 VENDORPATH/daycry/twig/src/Twig.php(213): Twig\Environment->render()
10 APPPATH/Controllers/Home.php(16): Daycry\Twig\Twig->render()
11 SYSTEMPATH/CodeIgniter.php(933): App\Controllers\Home->test()
12 SYSTEMPATH/CodeIgniter.php(509): CodeIgniter\CodeIgniter->runController()
13 SYSTEMPATH/CodeIgniter.php(355): CodeIgniter\CodeIgniter->handleRequest()
14 SYSTEMPATH/Boot.php(325): CodeIgniter\CodeIgniter->run()
15 SYSTEMPATH/Boot.php(67): CodeIgniter\Boot::runCodeIgniter()
16 FCPATH/index.php(56): CodeIgniter\Boot::bootWeb()
CRITICAL - 2024-11-14 14:50:32 --> ArgumentCountError: Too few arguments to function App\Controllers\Home::test(), 0 passed in /home/vagrant/TestCodeIgniter/vendor/codeigniter4/framework/system/CodeIgniter.php on line 933 and exactly 3 expected
[Method: GET, Route: test]
in APPPATH/Controllers/Home.php on line 11.
 1 SYSTEMPATH/CodeIgniter.php(933): App\Controllers\Home->test()
 2 SYSTEMPATH/CodeIgniter.php(509): CodeIgniter\CodeIgniter->runController()
 3 SYSTEMPATH/CodeIgniter.php(355): CodeIgniter\CodeIgniter->handleRequest()
 4 SYSTEMPATH/Boot.php(325): CodeIgniter\CodeIgniter->run()
 5 SYSTEMPATH/Boot.php(67): CodeIgniter\Boot::runCodeIgniter()
 6 FCPATH/index.php(56): CodeIgniter\Boot::bootWeb()
 7 SYSTEMPATH/rewrite.php(44): require_once('/home/vagrant/TestCodeIgniter/public/index.php')
CRITICAL - 2024-11-14 14:51:08 --> ArgumentCountError: Too few arguments to function App\Controllers\Home::test(), 0 passed in /home/vagrant/TestCodeIgniter/vendor/codeigniter4/framework/system/CodeIgniter.php on line 933 and exactly 2 expected
[Method: GET, Route: test]
in APPPATH/Controllers/Home.php on line 11.
 1 SYSTEMPATH/CodeIgniter.php(933): App\Controllers\Home->test()
 2 SYSTEMPATH/CodeIgniter.php(509): CodeIgniter\CodeIgniter->runController()
 3 SYSTEMPATH/CodeIgniter.php(355): CodeIgniter\CodeIgniter->handleRequest()
 4 SYSTEMPATH/Boot.php(325): CodeIgniter\CodeIgniter->run()
 5 SYSTEMPATH/Boot.php(67): CodeIgniter\Boot::runCodeIgniter()
 6 FCPATH/index.php(56): CodeIgniter\Boot::bootWeb()
 7 SYSTEMPATH/rewrite.php(44): require_once('/home/vagrant/TestCodeIgniter/public/index.php')
CRITICAL - 2024-11-14 14:57:21 --> Error: Class "App\Model\BlogModel" not found
[Method: GET, Route: test]
in APPPATH/Controllers/Home.php on line 15.
 1 SYSTEMPATH/CodeIgniter.php(933): App\Controllers\Home->test()
 2 SYSTEMPATH/CodeIgniter.php(509): CodeIgniter\CodeIgniter->runController()
 3 SYSTEMPATH/CodeIgniter.php(355): CodeIgniter\CodeIgniter->handleRequest()
 4 SYSTEMPATH/Boot.php(325): CodeIgniter\CodeIgniter->run()
 5 SYSTEMPATH/Boot.php(67): CodeIgniter\Boot::runCodeIgniter()
 6 FCPATH/index.php(56): CodeIgniter\Boot::bootWeb()
 7 SYSTEMPATH/rewrite.php(44): require_once('/home/vagrant/TestCodeIgniter/public/index.php')
CRITICAL - 2024-11-14 14:57:38 --> ErrorException: Undefined variable $blog_title
[Method: GET, Route: test]
in APPPATH/Controllers/Home.php on line 17.
 1 APPPATH/Controllers/Home.php(17): CodeIgniter\Debug\Exceptions->errorHandler()
 2 SYSTEMPATH/CodeIgniter.php(933): App\Controllers\Home->test()
 3 SYSTEMPATH/CodeIgniter.php(509): CodeIgniter\CodeIgniter->runController()
 4 SYSTEMPATH/CodeIgniter.php(355): CodeIgniter\CodeIgniter->handleRequest()
 5 SYSTEMPATH/Boot.php(325): CodeIgniter\CodeIgniter->run()
 6 SYSTEMPATH/Boot.php(67): CodeIgniter\Boot::runCodeIgniter()
 7 FCPATH/index.php(56): CodeIgniter\Boot::bootWeb()
 8 SYSTEMPATH/rewrite.php(44): require_once('/home/vagrant/TestCodeIgniter/public/index.php')
CRITICAL - 2024-11-14 15:15:14 --> Twig\Error\RuntimeError: An exception has been thrown during the rendering of a template ("Failed to write cache file "/home/vagrant/TestCodeIgniter/writable/cache/twig/e2/e26257b4797b55e92c5aea25bbc8caed.php".").
[Method: GET, Route: test]
in APPPATH/Views/hello.twig on line 1.
 1 VENDORPATH/twig/twig/src/Template.php(349): Twig\Template->yield()
 2 VENDORPATH/twig/twig/src/Template.php(364): Twig\Template->display()
 3 VENDORPATH/twig/twig/src/TemplateWrapper.php(35): Twig\Template->render()
 4 VENDORPATH/twig/twig/src/Environment.php(306): Twig\TemplateWrapper->render()
 5 VENDORPATH/daycry/twig/src/Twig.php(213): Twig\Environment->render()
 6 APPPATH/Controllers/Home.php(19): Daycry\Twig\Twig->render()
 7 SYSTEMPATH/CodeIgniter.php(933): App\Controllers\Home->test()
 8 SYSTEMPATH/CodeIgniter.php(509): CodeIgniter\CodeIgniter->runController()
 9 SYSTEMPATH/CodeIgniter.php(355): CodeIgniter\CodeIgniter->handleRequest()
10 SYSTEMPATH/Boot.php(325): CodeIgniter\CodeIgniter->run()
11 SYSTEMPATH/Boot.php(67): CodeIgniter\Boot::runCodeIgniter()
12 FCPATH/index.php(56): CodeIgniter\Boot::bootWeb()
13 SYSTEMPATH/rewrite.php(44): require_once('/home/vagrant/TestCodeIgniter/public/index.php')
CRITICAL - 2024-11-14 15:15:14 --> [Caused by] RuntimeException: Failed to write cache file "/home/vagrant/TestCodeIgniter/writable/cache/twig/e2/e26257b4797b55e92c5aea25bbc8caed.php".
in VENDORPATH/twig/twig/src/Cache/FilesystemCache.php on line 76.
 1 VENDORPATH/twig/twig/src/Environment.php(382): Twig\Cache\FilesystemCache->write()
 2 VENDORPATH/twig/twig/src/Template.php(306): Twig\Environment->loadTemplate()
 3 ROOTPATH/writable/cache/twig/ae/ae41490f8a314b1b1e93a1ea57745da1.php(47): Twig\Template->loadTemplate()
 4 VENDORPATH/twig/twig/src/Template.php(393): __TwigTemplate_d1510c981f19555462c62194f6853d68->doDisplay()
 5 VENDORPATH/twig/twig/src/Template.php(349): Twig\Template->yield()
 6 VENDORPATH/twig/twig/src/Template.php(364): Twig\Template->display()
 7 VENDORPATH/twig/twig/src/TemplateWrapper.php(35): Twig\Template->render()
 8 VENDORPATH/twig/twig/src/Environment.php(306): Twig\TemplateWrapper->render()
 9 VENDORPATH/daycry/twig/src/Twig.php(213): Twig\Environment->render()
10 APPPATH/Controllers/Home.php(19): Daycry\Twig\Twig->render()
11 SYSTEMPATH/CodeIgniter.php(933): App\Controllers\Home->test()
12 SYSTEMPATH/CodeIgniter.php(509): CodeIgniter\CodeIgniter->runController()
13 SYSTEMPATH/CodeIgniter.php(355): CodeIgniter\CodeIgniter->handleRequest()
14 SYSTEMPATH/Boot.php(325): CodeIgniter\CodeIgniter->run()
15 SYSTEMPATH/Boot.php(67): CodeIgniter\Boot::runCodeIgniter()
16 FCPATH/index.php(56): CodeIgniter\Boot::bootWeb()
17 SYSTEMPATH/rewrite.php(44): require_once('/home/vagrant/TestCodeIgniter/public/index.php')
CRITICAL - 2024-11-14 15:25:22 --> Twig\Error\RuntimeError: An exception has been thrown during the rendering of a template ("Failed to write cache file "/home/vagrant/TestCodeIgniter/writable/cache/twig/e2/e26257b4797b55e92c5aea25bbc8caed.php".").
[Method: GET, Route: test]
in APPPATH/Views/hello.twig on line 1.
 1 VENDORPATH/twig/twig/src/Template.php(349): Twig\Template->yield()
 2 VENDORPATH/twig/twig/src/Template.php(364): Twig\Template->display()
 3 VENDORPATH/twig/twig/src/TemplateWrapper.php(35): Twig\Template->render()
 4 VENDORPATH/twig/twig/src/Environment.php(306): Twig\TemplateWrapper->render()
 5 VENDORPATH/daycry/twig/src/Twig.php(213): Twig\Environment->render()
 6 APPPATH/Controllers/Home.php(19): Daycry\Twig\Twig->render()
 7 SYSTEMPATH/CodeIgniter.php(933): App\Controllers\Home->test()
 8 SYSTEMPATH/CodeIgniter.php(509): CodeIgniter\CodeIgniter->runController()
 9 SYSTEMPATH/CodeIgniter.php(355): CodeIgniter\CodeIgniter->handleRequest()
10 SYSTEMPATH/Boot.php(325): CodeIgniter\CodeIgniter->run()
11 SYSTEMPATH/Boot.php(67): CodeIgniter\Boot::runCodeIgniter()
12 FCPATH/index.php(56): CodeIgniter\Boot::bootWeb()
13 SYSTEMPATH/rewrite.php(44): require_once('/home/vagrant/TestCodeIgniter/public/index.php')
CRITICAL - 2024-11-14 15:25:22 --> [Caused by] RuntimeException: Failed to write cache file "/home/vagrant/TestCodeIgniter/writable/cache/twig/e2/e26257b4797b55e92c5aea25bbc8caed.php".
in VENDORPATH/twig/twig/src/Cache/FilesystemCache.php on line 76.
 1 VENDORPATH/twig/twig/src/Environment.php(382): Twig\Cache\FilesystemCache->write()
 2 VENDORPATH/twig/twig/src/Template.php(306): Twig\Environment->loadTemplate()
 3 ROOTPATH/writable/cache/twig/ae/ae41490f8a314b1b1e93a1ea57745da1.php(47): Twig\Template->loadTemplate()
 4 VENDORPATH/twig/twig/src/Template.php(393): __TwigTemplate_d1510c981f19555462c62194f6853d68->doDisplay()
 5 VENDORPATH/twig/twig/src/Template.php(349): Twig\Template->yield()
 6 VENDORPATH/twig/twig/src/Template.php(364): Twig\Template->display()
 7 VENDORPATH/twig/twig/src/TemplateWrapper.php(35): Twig\Template->render()
 8 VENDORPATH/twig/twig/src/Environment.php(306): Twig\TemplateWrapper->render()
 9 VENDORPATH/daycry/twig/src/Twig.php(213): Twig\Environment->render()
10 APPPATH/Controllers/Home.php(19): Daycry\Twig\Twig->render()
11 SYSTEMPATH/CodeIgniter.php(933): App\Controllers\Home->test()
12 SYSTEMPATH/CodeIgniter.php(509): CodeIgniter\CodeIgniter->runController()
13 SYSTEMPATH/CodeIgniter.php(355): CodeIgniter\CodeIgniter->handleRequest()
14 SYSTEMPATH/Boot.php(325): CodeIgniter\CodeIgniter->run()
15 SYSTEMPATH/Boot.php(67): CodeIgniter\Boot::runCodeIgniter()
16 FCPATH/index.php(56): CodeIgniter\Boot::bootWeb()
17 SYSTEMPATH/rewrite.php(44): require_once('/home/vagrant/TestCodeIgniter/public/index.php')
