CRITICAL - 2024-11-18 10:11:12 --> RuntimeException: Failed to write cache file "/home/vagrant/TestCodeIgniter/writable/cache/twig/e2/e26257b4797b55e92c5aea25bbc8caed.php".
[Method: GET, Route: /]
in VENDORPATH/twig/twig/src/Cache/FilesystemCache.php on line 76.
 1 VENDORPATH/twig/twig/src/Environment.php(382): Twig\Cache\FilesystemCache->write()
 2 VENDORPATH/twig/twig/src/Environment.php(343): Twig\Environment->loadTemplate()
 3 VENDORPATH/twig/twig/src/Environment.php(306): Twig\Environment->load()
 4 VENDORPATH/daycry/twig/src/Twig.php(213): Twig\Environment->render()
 5 APPPATH/Controllers/Home.php(11): Daycry\Twig\Twig->render()
 6 SYSTEMPATH/CodeIgniter.php(933): App\Controllers\Home->index()
 7 SYSTEMPATH/CodeIgniter.php(509): CodeIgniter\CodeIgniter->runController()
 8 SYSTEMPATH/CodeIgniter.php(355): CodeIgniter\CodeIgniter->handleRequest()
 9 SYSTEMPATH/Boot.php(325): CodeIgniter\CodeIgniter->run()
10 SYSTEMPATH/Boot.php(67): CodeIgniter\Boot::runCodeIgniter()
11 FCPATH/index.php(56): CodeIgniter\Boot::bootWeb()
12 SYSTEMPATH/rewrite.php(44): require_once('/home/vagrant/TestCodeIgniter/public/index.php')
ERROR - 2024-11-18 10:36:50 --> mysqli_sql_exception: Access denied for user 'user'@'%' to database 'Patrimoine' in /home/vagrant/TestCodeIgniter/vendor/codeigniter4/framework/system/Database/MySQLi/Connection.php:312
Stack trace:
#0 /home/vagrant/TestCodeIgniter/vendor/codeigniter4/framework/system/Database/MySQLi/Connection.php(312): mysqli->query()
#1 /home/vagrant/TestCodeIgniter/vendor/codeigniter4/framework/system/Database/BaseConnection.php(734): CodeIgniter\Database\MySQLi\Connection->execute()
#2 /home/vagrant/TestCodeIgniter/vendor/codeigniter4/framework/system/Database/BaseConnection.php(648): CodeIgniter\Database\BaseConnection->simpleQuery()
#3 /home/vagrant/TestCodeIgniter/vendor/codeigniter4/framework/system/Database/Forge.php(232): CodeIgniter\Database\BaseConnection->query()
#4 /home/vagrant/TestCodeIgniter/vendor/codeigniter4/framework/system/Commands/Database/CreateDatabase.php(136): CodeIgniter\Database\Forge->createDatabase()
#5 /home/vagrant/TestCodeIgniter/vendor/codeigniter4/framework/system/CLI/Commands.php(70): CodeIgniter\Commands\Database\CreateDatabase->run()
#6 /home/vagrant/TestCodeIgniter/vendor/codeigniter4/framework/system/CLI/Console.php(48): CodeIgniter\CLI\Commands->run()
#7 /home/vagrant/TestCodeIgniter/vendor/codeigniter4/framework/system/Boot.php(351): CodeIgniter\CLI\Console->run()
#8 /home/vagrant/TestCodeIgniter/vendor/codeigniter4/framework/system/Boot.php(104): CodeIgniter\Boot::runCommand()
#9 /home/vagrant/TestCodeIgniter/spark(84): CodeIgniter\Boot::bootSpark()
#10 {main}
CRITICAL - 2024-11-18 10:36:50 --> ErrorException: require(/home/vagrant/TestCodeIgniter/app/Views/errors/cli/error_exception.php): Failed to open stream: No such file or directory
[Method: CLI, Route: db:create]
in SYSTEMPATH/CLI/BaseCommand.php on line 133.
 1 SYSTEMPATH/CLI/BaseCommand.php(133): CodeIgniter\Debug\Exceptions->errorHandler()
 2 SYSTEMPATH/CLI/BaseCommand.php(133): require()
 3 SYSTEMPATH/Commands/Database/CreateDatabase.php(148): CodeIgniter\CLI\BaseCommand->showError()
 4 SYSTEMPATH/CLI/Commands.php(70): CodeIgniter\Commands\Database\CreateDatabase->run()
 5 SYSTEMPATH/CLI/Console.php(48): CodeIgniter\CLI\Commands->run()
 6 SYSTEMPATH/Boot.php(351): CodeIgniter\CLI\Console->run()
 7 SYSTEMPATH/Boot.php(104): CodeIgniter\Boot::runCommand()
 8 ROOTPATH/spark(84): CodeIgniter\Boot::bootSpark()
ERROR - 2024-11-18 10:37:08 --> mysqli_sql_exception: Access denied for user 'user'@'%' to database 'patrimoine' in /home/vagrant/TestCodeIgniter/vendor/codeigniter4/framework/system/Database/MySQLi/Connection.php:312
Stack trace:
#0 /home/vagrant/TestCodeIgniter/vendor/codeigniter4/framework/system/Database/MySQLi/Connection.php(312): mysqli->query()
#1 /home/vagrant/TestCodeIgniter/vendor/codeigniter4/framework/system/Database/BaseConnection.php(734): CodeIgniter\Database\MySQLi\Connection->execute()
#2 /home/vagrant/TestCodeIgniter/vendor/codeigniter4/framework/system/Database/BaseConnection.php(648): CodeIgniter\Database\BaseConnection->simpleQuery()
#3 /home/vagrant/TestCodeIgniter/vendor/codeigniter4/framework/system/Database/Forge.php(232): CodeIgniter\Database\BaseConnection->query()
#4 /home/vagrant/TestCodeIgniter/vendor/codeigniter4/framework/system/Commands/Database/CreateDatabase.php(136): CodeIgniter\Database\Forge->createDatabase()
#5 /home/vagrant/TestCodeIgniter/vendor/codeigniter4/framework/system/CLI/Commands.php(70): CodeIgniter\Commands\Database\CreateDatabase->run()
#6 /home/vagrant/TestCodeIgniter/vendor/codeigniter4/framework/system/CLI/Console.php(48): CodeIgniter\CLI\Commands->run()
#7 /home/vagrant/TestCodeIgniter/vendor/codeigniter4/framework/system/Boot.php(351): CodeIgniter\CLI\Console->run()
#8 /home/vagrant/TestCodeIgniter/vendor/codeigniter4/framework/system/Boot.php(104): CodeIgniter\Boot::runCommand()
#9 /home/vagrant/TestCodeIgniter/spark(84): CodeIgniter\Boot::bootSpark()
#10 {main}
CRITICAL - 2024-11-18 10:37:08 --> ErrorException: require(/home/vagrant/TestCodeIgniter/app/Views/errors/cli/error_exception.php): Failed to open stream: No such file or directory
[Method: CLI, Route: db:create]
in SYSTEMPATH/CLI/BaseCommand.php on line 133.
 1 SYSTEMPATH/CLI/BaseCommand.php(133): CodeIgniter\Debug\Exceptions->errorHandler()
 2 SYSTEMPATH/CLI/BaseCommand.php(133): require()
 3 SYSTEMPATH/Commands/Database/CreateDatabase.php(148): CodeIgniter\CLI\BaseCommand->showError()
 4 SYSTEMPATH/CLI/Commands.php(70): CodeIgniter\Commands\Database\CreateDatabase->run()
 5 SYSTEMPATH/CLI/Console.php(48): CodeIgniter\CLI\Commands->run()
 6 SYSTEMPATH/Boot.php(351): CodeIgniter\CLI\Console->run()
 7 SYSTEMPATH/Boot.php(104): CodeIgniter\Boot::runCommand()
 8 ROOTPATH/spark(84): CodeIgniter\Boot::bootSpark()
CRITICAL - 2024-11-18 10:40:17 --> ErrorException: require(/home/vagrant/TestCodeIgniter/app/Views/errors/cli/error_exception.php): Failed to open stream: No such file or directory
[Method: CLI, Route: db:seed]
in SYSTEMPATH/CLI/BaseCommand.php on line 133.
 1 SYSTEMPATH/CLI/BaseCommand.php(133): CodeIgniter\Debug\Exceptions->errorHandler()
 2 SYSTEMPATH/CLI/BaseCommand.php(133): require()
 3 SYSTEMPATH/Commands/Database/Seed.php(81): CodeIgniter\CLI\BaseCommand->showError()
 4 SYSTEMPATH/CLI/Commands.php(70): CodeIgniter\Commands\Database\Seed->run()
 5 SYSTEMPATH/CLI/Console.php(48): CodeIgniter\CLI\Commands->run()
 6 SYSTEMPATH/Boot.php(351): CodeIgniter\CLI\Console->run()
 7 SYSTEMPATH/Boot.php(104): CodeIgniter\Boot::runCommand()
 8 ROOTPATH/spark(84): CodeIgniter\Boot::bootSpark()
ERROR - 2024-11-18 10:48:19 --> mysqli_sql_exception: Access denied for user 'user'@'%' to database 'Guigui' in /home/vagrant/TestCodeIgniter/vendor/codeigniter4/framework/system/Database/MySQLi/Connection.php:312
Stack trace:
#0 /home/vagrant/TestCodeIgniter/vendor/codeigniter4/framework/system/Database/MySQLi/Connection.php(312): mysqli->query()
#1 /home/vagrant/TestCodeIgniter/vendor/codeigniter4/framework/system/Database/BaseConnection.php(734): CodeIgniter\Database\MySQLi\Connection->execute()
#2 /home/vagrant/TestCodeIgniter/vendor/codeigniter4/framework/system/Database/BaseConnection.php(648): CodeIgniter\Database\BaseConnection->simpleQuery()
#3 /home/vagrant/TestCodeIgniter/vendor/codeigniter4/framework/system/Database/Forge.php(232): CodeIgniter\Database\BaseConnection->query()
#4 /home/vagrant/TestCodeIgniter/vendor/codeigniter4/framework/system/Commands/Database/CreateDatabase.php(136): CodeIgniter\Database\Forge->createDatabase()
#5 /home/vagrant/TestCodeIgniter/vendor/codeigniter4/framework/system/CLI/Commands.php(70): CodeIgniter\Commands\Database\CreateDatabase->run()
#6 /home/vagrant/TestCodeIgniter/vendor/codeigniter4/framework/system/CLI/Console.php(48): CodeIgniter\CLI\Commands->run()
#7 /home/vagrant/TestCodeIgniter/vendor/codeigniter4/framework/system/Boot.php(351): CodeIgniter\CLI\Console->run()
#8 /home/vagrant/TestCodeIgniter/vendor/codeigniter4/framework/system/Boot.php(104): CodeIgniter\Boot::runCommand()
#9 /home/vagrant/TestCodeIgniter/spark(84): CodeIgniter\Boot::bootSpark()
#10 {main}
CRITICAL - 2024-11-18 10:48:19 --> ErrorException: require(/home/vagrant/TestCodeIgniter/app/Views/errors/cli/error_exception.php): Failed to open stream: No such file or directory
[Method: CLI, Route: db:create]
in SYSTEMPATH/CLI/BaseCommand.php on line 133.
 1 SYSTEMPATH/CLI/BaseCommand.php(133): CodeIgniter\Debug\Exceptions->errorHandler()
 2 SYSTEMPATH/CLI/BaseCommand.php(133): require()
 3 SYSTEMPATH/Commands/Database/CreateDatabase.php(148): CodeIgniter\CLI\BaseCommand->showError()
 4 SYSTEMPATH/CLI/Commands.php(70): CodeIgniter\Commands\Database\CreateDatabase->run()
 5 SYSTEMPATH/CLI/Console.php(48): CodeIgniter\CLI\Commands->run()
 6 SYSTEMPATH/Boot.php(351): CodeIgniter\CLI\Console->run()
 7 SYSTEMPATH/Boot.php(104): CodeIgniter\Boot::runCommand()
 8 ROOTPATH/spark(84): CodeIgniter\Boot::bootSpark()
CRITICAL - 2024-11-18 10:54:45 --> ErrorException: require(/home/vagrant/TestCodeIgniter/app/Views/errors/cli/error_exception.php): Failed to open stream: No such file or directory
[Method: CLI, Route: db:seed/Guigui]
in SYSTEMPATH/CLI/BaseCommand.php on line 133.
 1 SYSTEMPATH/CLI/BaseCommand.php(133): CodeIgniter\Debug\Exceptions->errorHandler()
 2 SYSTEMPATH/CLI/BaseCommand.php(133): require()
 3 SYSTEMPATH/Commands/Database/Seed.php(81): CodeIgniter\CLI\BaseCommand->showError()
 4 SYSTEMPATH/CLI/Commands.php(70): CodeIgniter\Commands\Database\Seed->run()
 5 SYSTEMPATH/CLI/Console.php(48): CodeIgniter\CLI\Commands->run()
 6 SYSTEMPATH/Boot.php(351): CodeIgniter\CLI\Console->run()
 7 SYSTEMPATH/Boot.php(104): CodeIgniter\Boot::runCommand()
 8 ROOTPATH/spark(84): CodeIgniter\Boot::bootSpark()
ERROR - 2024-11-18 10:56:01 --> mysqli_sql_exception: Access denied for user 'user'@'%' to database 'Gui' in /home/vagrant/TestCodeIgniter/vendor/codeigniter4/framework/system/Database/MySQLi/Connection.php:312
Stack trace:
#0 /home/vagrant/TestCodeIgniter/vendor/codeigniter4/framework/system/Database/MySQLi/Connection.php(312): mysqli->query()
#1 /home/vagrant/TestCodeIgniter/vendor/codeigniter4/framework/system/Database/BaseConnection.php(734): CodeIgniter\Database\MySQLi\Connection->execute()
#2 /home/vagrant/TestCodeIgniter/vendor/codeigniter4/framework/system/Database/BaseConnection.php(648): CodeIgniter\Database\BaseConnection->simpleQuery()
#3 /home/vagrant/TestCodeIgniter/vendor/codeigniter4/framework/system/Database/Forge.php(232): CodeIgniter\Database\BaseConnection->query()
#4 /home/vagrant/TestCodeIgniter/vendor/codeigniter4/framework/system/Commands/Database/CreateDatabase.php(136): CodeIgniter\Database\Forge->createDatabase()
#5 /home/vagrant/TestCodeIgniter/vendor/codeigniter4/framework/system/CLI/Commands.php(70): CodeIgniter\Commands\Database\CreateDatabase->run()
#6 /home/vagrant/TestCodeIgniter/vendor/codeigniter4/framework/system/CLI/Console.php(48): CodeIgniter\CLI\Commands->run()
#7 /home/vagrant/TestCodeIgniter/vendor/codeigniter4/framework/system/Boot.php(351): CodeIgniter\CLI\Console->run()
#8 /home/vagrant/TestCodeIgniter/vendor/codeigniter4/framework/system/Boot.php(104): CodeIgniter\Boot::runCommand()
#9 /home/vagrant/TestCodeIgniter/spark(84): CodeIgniter\Boot::bootSpark()
#10 {main}
CRITICAL - 2024-11-18 10:56:01 --> ErrorException: require(/home/vagrant/TestCodeIgniter/app/Views/errors/cli/error_exception.php): Failed to open stream: No such file or directory
[Method: CLI, Route: db:create]
in SYSTEMPATH/CLI/BaseCommand.php on line 133.
 1 SYSTEMPATH/CLI/BaseCommand.php(133): CodeIgniter\Debug\Exceptions->errorHandler()
 2 SYSTEMPATH/CLI/BaseCommand.php(133): require()
 3 SYSTEMPATH/Commands/Database/CreateDatabase.php(148): CodeIgniter\CLI\BaseCommand->showError()
 4 SYSTEMPATH/CLI/Commands.php(70): CodeIgniter\Commands\Database\CreateDatabase->run()
 5 SYSTEMPATH/CLI/Console.php(48): CodeIgniter\CLI\Commands->run()
 6 SYSTEMPATH/Boot.php(351): CodeIgniter\CLI\Console->run()
 7 SYSTEMPATH/Boot.php(104): CodeIgniter\Boot::runCommand()
 8 ROOTPATH/spark(84): CodeIgniter\Boot::bootSpark()
ERROR - 2024-11-18 10:56:21 --> mysqli_sql_exception: Access denied for user 'user'@'%' to database 'Guigui' in /home/vagrant/TestCodeIgniter/vendor/codeigniter4/framework/system/Database/MySQLi/Connection.php:312
Stack trace:
#0 /home/vagrant/TestCodeIgniter/vendor/codeigniter4/framework/system/Database/MySQLi/Connection.php(312): mysqli->query()
#1 /home/vagrant/TestCodeIgniter/vendor/codeigniter4/framework/system/Database/BaseConnection.php(734): CodeIgniter\Database\MySQLi\Connection->execute()
#2 /home/vagrant/TestCodeIgniter/vendor/codeigniter4/framework/system/Database/BaseConnection.php(648): CodeIgniter\Database\BaseConnection->simpleQuery()
#3 /home/vagrant/TestCodeIgniter/vendor/codeigniter4/framework/system/Database/Forge.php(232): CodeIgniter\Database\BaseConnection->query()
#4 /home/vagrant/TestCodeIgniter/vendor/codeigniter4/framework/system/Commands/Database/CreateDatabase.php(136): CodeIgniter\Database\Forge->createDatabase()
#5 /home/vagrant/TestCodeIgniter/vendor/codeigniter4/framework/system/CLI/Commands.php(70): CodeIgniter\Commands\Database\CreateDatabase->run()
#6 /home/vagrant/TestCodeIgniter/vendor/codeigniter4/framework/system/CLI/Console.php(48): CodeIgniter\CLI\Commands->run()
#7 /home/vagrant/TestCodeIgniter/vendor/codeigniter4/framework/system/Boot.php(351): CodeIgniter\CLI\Console->run()
#8 /home/vagrant/TestCodeIgniter/vendor/codeigniter4/framework/system/Boot.php(104): CodeIgniter\Boot::runCommand()
#9 /home/vagrant/TestCodeIgniter/spark(84): CodeIgniter\Boot::bootSpark()
#10 {main}
CRITICAL - 2024-11-18 10:56:21 --> ErrorException: require(/home/vagrant/TestCodeIgniter/app/Views/errors/cli/error_exception.php): Failed to open stream: No such file or directory
[Method: CLI, Route: db:create]
in SYSTEMPATH/CLI/BaseCommand.php on line 133.
 1 SYSTEMPATH/CLI/BaseCommand.php(133): CodeIgniter\Debug\Exceptions->errorHandler()
 2 SYSTEMPATH/CLI/BaseCommand.php(133): require()
 3 SYSTEMPATH/Commands/Database/CreateDatabase.php(148): CodeIgniter\CLI\BaseCommand->showError()
 4 SYSTEMPATH/CLI/Commands.php(70): CodeIgniter\Commands\Database\CreateDatabase->run()
 5 SYSTEMPATH/CLI/Console.php(48): CodeIgniter\CLI\Commands->run()
 6 SYSTEMPATH/Boot.php(351): CodeIgniter\CLI\Console->run()
 7 SYSTEMPATH/Boot.php(104): CodeIgniter\Boot::runCommand()
 8 ROOTPATH/spark(84): CodeIgniter\Boot::bootSpark()
ERROR - 2024-11-18 10:56:25 --> mysqli_sql_exception: Access denied for user 'user'@'%' to database 'aze' in /home/vagrant/TestCodeIgniter/vendor/codeigniter4/framework/system/Database/MySQLi/Connection.php:312
Stack trace:
#0 /home/vagrant/TestCodeIgniter/vendor/codeigniter4/framework/system/Database/MySQLi/Connection.php(312): mysqli->query()
#1 /home/vagrant/TestCodeIgniter/vendor/codeigniter4/framework/system/Database/BaseConnection.php(734): CodeIgniter\Database\MySQLi\Connection->execute()
#2 /home/vagrant/TestCodeIgniter/vendor/codeigniter4/framework/system/Database/BaseConnection.php(648): CodeIgniter\Database\BaseConnection->simpleQuery()
#3 /home/vagrant/TestCodeIgniter/vendor/codeigniter4/framework/system/Database/Forge.php(232): CodeIgniter\Database\BaseConnection->query()
#4 /home/vagrant/TestCodeIgniter/vendor/codeigniter4/framework/system/Commands/Database/CreateDatabase.php(136): CodeIgniter\Database\Forge->createDatabase()
#5 /home/vagrant/TestCodeIgniter/vendor/codeigniter4/framework/system/CLI/Commands.php(70): CodeIgniter\Commands\Database\CreateDatabase->run()
#6 /home/vagrant/TestCodeIgniter/vendor/codeigniter4/framework/system/CLI/Console.php(48): CodeIgniter\CLI\Commands->run()
#7 /home/vagrant/TestCodeIgniter/vendor/codeigniter4/framework/system/Boot.php(351): CodeIgniter\CLI\Console->run()
#8 /home/vagrant/TestCodeIgniter/vendor/codeigniter4/framework/system/Boot.php(104): CodeIgniter\Boot::runCommand()
#9 /home/vagrant/TestCodeIgniter/spark(84): CodeIgniter\Boot::bootSpark()
#10 {main}
CRITICAL - 2024-11-18 10:56:25 --> ErrorException: require(/home/vagrant/TestCodeIgniter/app/Views/errors/cli/error_exception.php): Failed to open stream: No such file or directory
[Method: CLI, Route: db:create]
in SYSTEMPATH/CLI/BaseCommand.php on line 133.
 1 SYSTEMPATH/CLI/BaseCommand.php(133): CodeIgniter\Debug\Exceptions->errorHandler()
 2 SYSTEMPATH/CLI/BaseCommand.php(133): require()
 3 SYSTEMPATH/Commands/Database/CreateDatabase.php(148): CodeIgniter\CLI\BaseCommand->showError()
 4 SYSTEMPATH/CLI/Commands.php(70): CodeIgniter\Commands\Database\CreateDatabase->run()
 5 SYSTEMPATH/CLI/Console.php(48): CodeIgniter\CLI\Commands->run()
 6 SYSTEMPATH/Boot.php(351): CodeIgniter\CLI\Console->run()
 7 SYSTEMPATH/Boot.php(104): CodeIgniter\Boot::runCommand()
 8 ROOTPATH/spark(84): CodeIgniter\Boot::bootSpark()
CRITICAL - 2024-11-18 11:12:20 --> ErrorException: require(/home/vagrant/TestCodeIgniter/app/Views/errors/cli/error_exception.php): Failed to open stream: No such file or directory
[Method: CLI, Route: db:seed/guigui]
in SYSTEMPATH/CLI/BaseCommand.php on line 133.
 1 SYSTEMPATH/CLI/BaseCommand.php(133): CodeIgniter\Debug\Exceptions->errorHandler()
 2 SYSTEMPATH/CLI/BaseCommand.php(133): require()
 3 SYSTEMPATH/Commands/Database/Seed.php(81): CodeIgniter\CLI\BaseCommand->showError()
 4 SYSTEMPATH/CLI/Commands.php(70): CodeIgniter\Commands\Database\Seed->run()
 5 SYSTEMPATH/CLI/Console.php(48): CodeIgniter\CLI\Commands->run()
 6 SYSTEMPATH/Boot.php(351): CodeIgniter\CLI\Console->run()
 7 SYSTEMPATH/Boot.php(104): CodeIgniter\Boot::runCommand()
 8 ROOTPATH/spark(84): CodeIgniter\Boot::bootSpark()
ERROR - 2024-11-18 11:15:13 --> mysqli_sql_exception: Access denied for user 'user'@'%' to database 'guigui' in /home/vagrant/TestCodeIgniter/vendor/codeigniter4/framework/system/Database/MySQLi/Connection.php:312
Stack trace:
#0 /home/vagrant/TestCodeIgniter/vendor/codeigniter4/framework/system/Database/MySQLi/Connection.php(312): mysqli->query()
#1 /home/vagrant/TestCodeIgniter/vendor/codeigniter4/framework/system/Database/BaseConnection.php(734): CodeIgniter\Database\MySQLi\Connection->execute()
#2 /home/vagrant/TestCodeIgniter/vendor/codeigniter4/framework/system/Database/BaseConnection.php(648): CodeIgniter\Database\BaseConnection->simpleQuery()
#3 /home/vagrant/TestCodeIgniter/vendor/codeigniter4/framework/system/Database/Forge.php(232): CodeIgniter\Database\BaseConnection->query()
#4 /home/vagrant/TestCodeIgniter/vendor/codeigniter4/framework/system/Commands/Database/CreateDatabase.php(136): CodeIgniter\Database\Forge->createDatabase()
#5 /home/vagrant/TestCodeIgniter/vendor/codeigniter4/framework/system/CLI/Commands.php(70): CodeIgniter\Commands\Database\CreateDatabase->run()
#6 /home/vagrant/TestCodeIgniter/vendor/codeigniter4/framework/system/CLI/Console.php(48): CodeIgniter\CLI\Commands->run()
#7 /home/vagrant/TestCodeIgniter/vendor/codeigniter4/framework/system/Boot.php(351): CodeIgniter\CLI\Console->run()
#8 /home/vagrant/TestCodeIgniter/vendor/codeigniter4/framework/system/Boot.php(104): CodeIgniter\Boot::runCommand()
#9 /home/vagrant/TestCodeIgniter/spark(84): CodeIgniter\Boot::bootSpark()
#10 {main}
CRITICAL - 2024-11-18 11:15:13 --> ErrorException: require(/home/vagrant/TestCodeIgniter/app/Views/errors/cli/error_exception.php): Failed to open stream: No such file or directory
[Method: CLI, Route: db:create/guigui]
in SYSTEMPATH/CLI/BaseCommand.php on line 133.
 1 SYSTEMPATH/CLI/BaseCommand.php(133): CodeIgniter\Debug\Exceptions->errorHandler()
 2 SYSTEMPATH/CLI/BaseCommand.php(133): require()
 3 SYSTEMPATH/Commands/Database/CreateDatabase.php(148): CodeIgniter\CLI\BaseCommand->showError()
 4 SYSTEMPATH/CLI/Commands.php(70): CodeIgniter\Commands\Database\CreateDatabase->run()
 5 SYSTEMPATH/CLI/Console.php(48): CodeIgniter\CLI\Commands->run()
 6 SYSTEMPATH/Boot.php(351): CodeIgniter\CLI\Console->run()
 7 SYSTEMPATH/Boot.php(104): CodeIgniter\Boot::runCommand()
 8 ROOTPATH/spark(84): CodeIgniter\Boot::bootSpark()
CRITICAL - 2024-11-18 11:15:17 --> ErrorException: require(/home/vagrant/TestCodeIgniter/app/Views/errors/cli/error_exception.php): Failed to open stream: No such file or directory
[Method: CLI, Route: db:seed/guigui]
in SYSTEMPATH/CLI/BaseCommand.php on line 133.
 1 SYSTEMPATH/CLI/BaseCommand.php(133): CodeIgniter\Debug\Exceptions->errorHandler()
 2 SYSTEMPATH/CLI/BaseCommand.php(133): require()
 3 SYSTEMPATH/Commands/Database/Seed.php(81): CodeIgniter\CLI\BaseCommand->showError()
 4 SYSTEMPATH/CLI/Commands.php(70): CodeIgniter\Commands\Database\Seed->run()
 5 SYSTEMPATH/CLI/Console.php(48): CodeIgniter\CLI\Commands->run()
 6 SYSTEMPATH/Boot.php(351): CodeIgniter\CLI\Console->run()
 7 SYSTEMPATH/Boot.php(104): CodeIgniter\Boot::runCommand()
 8 ROOTPATH/spark(84): CodeIgniter\Boot::bootSpark()
ERROR - 2024-11-18 11:16:36 --> mysqli_sql_exception: Table 'guigui' already exists in /home/vagrant/TestCodeIgniter/vendor/codeigniter4/framework/system/Database/MySQLi/Connection.php:312
Stack trace:
#0 /home/vagrant/TestCodeIgniter/vendor/codeigniter4/framework/system/Database/MySQLi/Connection.php(312): mysqli->query()
#1 /home/vagrant/TestCodeIgniter/vendor/codeigniter4/framework/system/Database/BaseConnection.php(734): CodeIgniter\Database\MySQLi\Connection->execute()
#2 /home/vagrant/TestCodeIgniter/vendor/codeigniter4/framework/system/Database/BaseConnection.php(648): CodeIgniter\Database\BaseConnection->simpleQuery()
#3 /home/vagrant/TestCodeIgniter/vendor/codeigniter4/framework/system/Database/Forge.php(570): CodeIgniter\Database\BaseConnection->query()
#4 /home/vagrant/TestCodeIgniter/app/Database/Migrations/2024-11-18-111614_Guigui.php(28): CodeIgniter\Database\Forge->createTable()
#5 /home/vagrant/TestCodeIgniter/vendor/codeigniter4/framework/system/Database/MigrationRunner.php(867): App\Database\Migrations\Blog->up()
#6 /home/vagrant/TestCodeIgniter/vendor/codeigniter4/framework/system/Database/MigrationRunner.php(183): CodeIgniter\Database\MigrationRunner->migrate()
#7 /home/vagrant/TestCodeIgniter/vendor/codeigniter4/framework/system/Commands/Database/Migrate.php(85): CodeIgniter\Database\MigrationRunner->latest()
#8 /home/vagrant/TestCodeIgniter/vendor/codeigniter4/framework/system/CLI/Commands.php(70): CodeIgniter\Commands\Database\Migrate->run()
#9 /home/vagrant/TestCodeIgniter/vendor/codeigniter4/framework/system/CLI/Console.php(48): CodeIgniter\CLI\Commands->run()
#10 /home/vagrant/TestCodeIgniter/vendor/codeigniter4/framework/system/Boot.php(351): CodeIgniter\CLI\Console->run()
#11 /home/vagrant/TestCodeIgniter/vendor/codeigniter4/framework/system/Boot.php(104): CodeIgniter\Boot::runCommand()
#12 /home/vagrant/TestCodeIgniter/spark(84): CodeIgniter\Boot::bootSpark()
#13 {main}
CRITICAL - 2024-11-18 11:16:36 --> ErrorException: require(/home/vagrant/TestCodeIgniter/app/Views/errors/cli/error_exception.php): Failed to open stream: No such file or directory
[Method: CLI, Route: migrate]
in SYSTEMPATH/CLI/BaseCommand.php on line 133.
 1 SYSTEMPATH/CLI/BaseCommand.php(133): CodeIgniter\Debug\Exceptions->errorHandler()
 2 SYSTEMPATH/CLI/BaseCommand.php(133): require()
 3 SYSTEMPATH/Commands/Database/Migrate.php(99): CodeIgniter\CLI\BaseCommand->showError()
 4 SYSTEMPATH/CLI/Commands.php(70): CodeIgniter\Commands\Database\Migrate->run()
 5 SYSTEMPATH/CLI/Console.php(48): CodeIgniter\CLI\Commands->run()
 6 SYSTEMPATH/Boot.php(351): CodeIgniter\CLI\Console->run()
 7 SYSTEMPATH/Boot.php(104): CodeIgniter\Boot::runCommand()
 8 ROOTPATH/spark(84): CodeIgniter\Boot::bootSpark()
CRITICAL - 2024-11-18 11:17:01 --> ErrorException: require(/home/vagrant/TestCodeIgniter/app/Views/errors/cli/error_exception.php): Failed to open stream: No such file or directory
[Method: CLI, Route: db:seed/Guigui]
in SYSTEMPATH/CLI/BaseCommand.php on line 133.
 1 SYSTEMPATH/CLI/BaseCommand.php(133): CodeIgniter\Debug\Exceptions->errorHandler()
 2 SYSTEMPATH/CLI/BaseCommand.php(133): require()
 3 SYSTEMPATH/Commands/Database/Seed.php(81): CodeIgniter\CLI\BaseCommand->showError()
 4 SYSTEMPATH/CLI/Commands.php(70): CodeIgniter\Commands\Database\Seed->run()
 5 SYSTEMPATH/CLI/Console.php(48): CodeIgniter\CLI\Commands->run()
 6 SYSTEMPATH/Boot.php(351): CodeIgniter\CLI\Console->run()
 7 SYSTEMPATH/Boot.php(104): CodeIgniter\Boot::runCommand()
 8 ROOTPATH/spark(84): CodeIgniter\Boot::bootSpark()
ERROR - 2024-11-18 11:17:11 --> mysqli_sql_exception: Access denied for user 'user'@'%' to database 'guigui' in /home/vagrant/TestCodeIgniter/vendor/codeigniter4/framework/system/Database/MySQLi/Connection.php:312
Stack trace:
#0 /home/vagrant/TestCodeIgniter/vendor/codeigniter4/framework/system/Database/MySQLi/Connection.php(312): mysqli->query()
#1 /home/vagrant/TestCodeIgniter/vendor/codeigniter4/framework/system/Database/BaseConnection.php(734): CodeIgniter\Database\MySQLi\Connection->execute()
#2 /home/vagrant/TestCodeIgniter/vendor/codeigniter4/framework/system/Database/BaseConnection.php(648): CodeIgniter\Database\BaseConnection->simpleQuery()
#3 /home/vagrant/TestCodeIgniter/vendor/codeigniter4/framework/system/Database/Forge.php(232): CodeIgniter\Database\BaseConnection->query()
#4 /home/vagrant/TestCodeIgniter/vendor/codeigniter4/framework/system/Commands/Database/CreateDatabase.php(136): CodeIgniter\Database\Forge->createDatabase()
#5 /home/vagrant/TestCodeIgniter/vendor/codeigniter4/framework/system/CLI/Commands.php(70): CodeIgniter\Commands\Database\CreateDatabase->run()
#6 /home/vagrant/TestCodeIgniter/vendor/codeigniter4/framework/system/CLI/Console.php(48): CodeIgniter\CLI\Commands->run()
#7 /home/vagrant/TestCodeIgniter/vendor/codeigniter4/framework/system/Boot.php(351): CodeIgniter\CLI\Console->run()
#8 /home/vagrant/TestCodeIgniter/vendor/codeigniter4/framework/system/Boot.php(104): CodeIgniter\Boot::runCommand()
#9 /home/vagrant/TestCodeIgniter/spark(84): CodeIgniter\Boot::bootSpark()
#10 {main}
CRITICAL - 2024-11-18 11:17:11 --> ErrorException: require(/home/vagrant/TestCodeIgniter/app/Views/errors/cli/error_exception.php): Failed to open stream: No such file or directory
[Method: CLI, Route: db:create/guigui]
in SYSTEMPATH/CLI/BaseCommand.php on line 133.
 1 SYSTEMPATH/CLI/BaseCommand.php(133): CodeIgniter\Debug\Exceptions->errorHandler()
 2 SYSTEMPATH/CLI/BaseCommand.php(133): require()
 3 SYSTEMPATH/Commands/Database/CreateDatabase.php(148): CodeIgniter\CLI\BaseCommand->showError()
 4 SYSTEMPATH/CLI/Commands.php(70): CodeIgniter\Commands\Database\CreateDatabase->run()
 5 SYSTEMPATH/CLI/Console.php(48): CodeIgniter\CLI\Commands->run()
 6 SYSTEMPATH/Boot.php(351): CodeIgniter\CLI\Console->run()
 7 SYSTEMPATH/Boot.php(104): CodeIgniter\Boot::runCommand()
 8 ROOTPATH/spark(84): CodeIgniter\Boot::bootSpark()
ERROR - 2024-11-18 11:17:36 --> mysqli_sql_exception: Access denied for user 'user'@'%' to database 'guigui' in /home/vagrant/TestCodeIgniter/vendor/codeigniter4/framework/system/Database/MySQLi/Connection.php:312
Stack trace:
#0 /home/vagrant/TestCodeIgniter/vendor/codeigniter4/framework/system/Database/MySQLi/Connection.php(312): mysqli->query()
#1 /home/vagrant/TestCodeIgniter/vendor/codeigniter4/framework/system/Database/BaseConnection.php(734): CodeIgniter\Database\MySQLi\Connection->execute()
#2 /home/vagrant/TestCodeIgniter/vendor/codeigniter4/framework/system/Database/BaseConnection.php(648): CodeIgniter\Database\BaseConnection->simpleQuery()
#3 /home/vagrant/TestCodeIgniter/vendor/codeigniter4/framework/system/Database/Forge.php(232): CodeIgniter\Database\BaseConnection->query()
#4 /home/vagrant/TestCodeIgniter/vendor/codeigniter4/framework/system/Commands/Database/CreateDatabase.php(136): CodeIgniter\Database\Forge->createDatabase()
#5 /home/vagrant/TestCodeIgniter/vendor/codeigniter4/framework/system/CLI/Commands.php(70): CodeIgniter\Commands\Database\CreateDatabase->run()
#6 /home/vagrant/TestCodeIgniter/vendor/codeigniter4/framework/system/CLI/Console.php(48): CodeIgniter\CLI\Commands->run()
#7 /home/vagrant/TestCodeIgniter/vendor/codeigniter4/framework/system/Boot.php(351): CodeIgniter\CLI\Console->run()
#8 /home/vagrant/TestCodeIgniter/vendor/codeigniter4/framework/system/Boot.php(104): CodeIgniter\Boot::runCommand()
#9 /home/vagrant/TestCodeIgniter/spark(84): CodeIgniter\Boot::bootSpark()
#10 {main}
CRITICAL - 2024-11-18 11:17:36 --> ErrorException: require(/home/vagrant/TestCodeIgniter/app/Views/errors/cli/error_exception.php): Failed to open stream: No such file or directory
[Method: CLI, Route: db:create]
in SYSTEMPATH/CLI/BaseCommand.php on line 133.
 1 SYSTEMPATH/CLI/BaseCommand.php(133): CodeIgniter\Debug\Exceptions->errorHandler()
 2 SYSTEMPATH/CLI/BaseCommand.php(133): require()
 3 SYSTEMPATH/Commands/Database/CreateDatabase.php(148): CodeIgniter\CLI\BaseCommand->showError()
 4 SYSTEMPATH/CLI/Commands.php(70): CodeIgniter\Commands\Database\CreateDatabase->run()
 5 SYSTEMPATH/CLI/Console.php(48): CodeIgniter\CLI\Commands->run()
 6 SYSTEMPATH/Boot.php(351): CodeIgniter\CLI\Console->run()
 7 SYSTEMPATH/Boot.php(104): CodeIgniter\Boot::runCommand()
 8 ROOTPATH/spark(84): CodeIgniter\Boot::bootSpark()
ERROR - 2024-11-18 11:17:43 --> mysqli_sql_exception: Access denied for user 'user'@'%' to database 'guigui' in /home/vagrant/TestCodeIgniter/vendor/codeigniter4/framework/system/Database/MySQLi/Connection.php:312
Stack trace:
#0 /home/vagrant/TestCodeIgniter/vendor/codeigniter4/framework/system/Database/MySQLi/Connection.php(312): mysqli->query()
#1 /home/vagrant/TestCodeIgniter/vendor/codeigniter4/framework/system/Database/BaseConnection.php(734): CodeIgniter\Database\MySQLi\Connection->execute()
#2 /home/vagrant/TestCodeIgniter/vendor/codeigniter4/framework/system/Database/BaseConnection.php(648): CodeIgniter\Database\BaseConnection->simpleQuery()
#3 /home/vagrant/TestCodeIgniter/vendor/codeigniter4/framework/system/Database/Forge.php(232): CodeIgniter\Database\BaseConnection->query()
#4 /home/vagrant/TestCodeIgniter/vendor/codeigniter4/framework/system/Commands/Database/CreateDatabase.php(136): CodeIgniter\Database\Forge->createDatabase()
#5 /home/vagrant/TestCodeIgniter/vendor/codeigniter4/framework/system/CLI/Commands.php(70): CodeIgniter\Commands\Database\CreateDatabase->run()
#6 /home/vagrant/TestCodeIgniter/vendor/codeigniter4/framework/system/CLI/Console.php(48): CodeIgniter\CLI\Commands->run()
#7 /home/vagrant/TestCodeIgniter/vendor/codeigniter4/framework/system/Boot.php(351): CodeIgniter\CLI\Console->run()
#8 /home/vagrant/TestCodeIgniter/vendor/codeigniter4/framework/system/Boot.php(104): CodeIgniter\Boot::runCommand()
#9 /home/vagrant/TestCodeIgniter/spark(84): CodeIgniter\Boot::bootSpark()
#10 {main}
CRITICAL - 2024-11-18 11:17:43 --> ErrorException: require(/home/vagrant/TestCodeIgniter/app/Views/errors/cli/error_exception.php): Failed to open stream: No such file or directory
[Method: CLI, Route: db:create/guigui]
in SYSTEMPATH/CLI/BaseCommand.php on line 133.
 1 SYSTEMPATH/CLI/BaseCommand.php(133): CodeIgniter\Debug\Exceptions->errorHandler()
 2 SYSTEMPATH/CLI/BaseCommand.php(133): require()
 3 SYSTEMPATH/Commands/Database/CreateDatabase.php(148): CodeIgniter\CLI\BaseCommand->showError()
 4 SYSTEMPATH/CLI/Commands.php(70): CodeIgniter\Commands\Database\CreateDatabase->run()
 5 SYSTEMPATH/CLI/Console.php(48): CodeIgniter\CLI\Commands->run()
 6 SYSTEMPATH/Boot.php(351): CodeIgniter\CLI\Console->run()
 7 SYSTEMPATH/Boot.php(104): CodeIgniter\Boot::runCommand()
 8 ROOTPATH/spark(84): CodeIgniter\Boot::bootSpark()
ERROR - 2024-11-18 11:17:57 --> mysqli_sql_exception: Access denied for user 'user'@'%' to database 'guigui' in /home/vagrant/TestCodeIgniter/vendor/codeigniter4/framework/system/Database/MySQLi/Connection.php:312
Stack trace:
#0 /home/vagrant/TestCodeIgniter/vendor/codeigniter4/framework/system/Database/MySQLi/Connection.php(312): mysqli->query()
#1 /home/vagrant/TestCodeIgniter/vendor/codeigniter4/framework/system/Database/BaseConnection.php(734): CodeIgniter\Database\MySQLi\Connection->execute()
#2 /home/vagrant/TestCodeIgniter/vendor/codeigniter4/framework/system/Database/BaseConnection.php(648): CodeIgniter\Database\BaseConnection->simpleQuery()
#3 /home/vagrant/TestCodeIgniter/vendor/codeigniter4/framework/system/Database/Forge.php(232): CodeIgniter\Database\BaseConnection->query()
#4 /home/vagrant/TestCodeIgniter/vendor/codeigniter4/framework/system/Commands/Database/CreateDatabase.php(136): CodeIgniter\Database\Forge->createDatabase()
#5 /home/vagrant/TestCodeIgniter/vendor/codeigniter4/framework/system/CLI/Commands.php(70): CodeIgniter\Commands\Database\CreateDatabase->run()
#6 /home/vagrant/TestCodeIgniter/vendor/codeigniter4/framework/system/CLI/Console.php(48): CodeIgniter\CLI\Commands->run()
#7 /home/vagrant/TestCodeIgniter/vendor/codeigniter4/framework/system/Boot.php(351): CodeIgniter\CLI\Console->run()
#8 /home/vagrant/TestCodeIgniter/vendor/codeigniter4/framework/system/Boot.php(104): CodeIgniter\Boot::runCommand()
#9 /home/vagrant/TestCodeIgniter/spark(84): CodeIgniter\Boot::bootSpark()
#10 {main}
CRITICAL - 2024-11-18 11:17:57 --> ErrorException: require(/home/vagrant/TestCodeIgniter/app/Views/errors/cli/error_exception.php): Failed to open stream: No such file or directory
[Method: CLI, Route: db:create/guigui]
in SYSTEMPATH/CLI/BaseCommand.php on line 133.
 1 SYSTEMPATH/CLI/BaseCommand.php(133): CodeIgniter\Debug\Exceptions->errorHandler()
 2 SYSTEMPATH/CLI/BaseCommand.php(133): require()
 3 SYSTEMPATH/Commands/Database/CreateDatabase.php(148): CodeIgniter\CLI\BaseCommand->showError()
 4 SYSTEMPATH/CLI/Commands.php(70): CodeIgniter\Commands\Database\CreateDatabase->run()
 5 SYSTEMPATH/CLI/Console.php(48): CodeIgniter\CLI\Commands->run()
 6 SYSTEMPATH/Boot.php(351): CodeIgniter\CLI\Console->run()
 7 SYSTEMPATH/Boot.php(104): CodeIgniter\Boot::runCommand()
 8 ROOTPATH/spark(84): CodeIgniter\Boot::bootSpark()
CRITICAL - 2024-11-18 11:19:26 --> ErrorException: require(/home/vagrant/TestCodeIgniter/app/Views/errors/cli/error_exception.php): Failed to open stream: No such file or directory
[Method: CLI, Route: db:seed/guigui]
in SYSTEMPATH/CLI/BaseCommand.php on line 133.
 1 SYSTEMPATH/CLI/BaseCommand.php(133): CodeIgniter\Debug\Exceptions->errorHandler()
 2 SYSTEMPATH/CLI/BaseCommand.php(133): require()
 3 SYSTEMPATH/Commands/Database/Seed.php(81): CodeIgniter\CLI\BaseCommand->showError()
 4 SYSTEMPATH/CLI/Commands.php(70): CodeIgniter\Commands\Database\Seed->run()
 5 SYSTEMPATH/CLI/Console.php(48): CodeIgniter\CLI\Commands->run()
 6 SYSTEMPATH/Boot.php(351): CodeIgniter\CLI\Console->run()
 7 SYSTEMPATH/Boot.php(104): CodeIgniter\Boot::runCommand()
 8 ROOTPATH/spark(84): CodeIgniter\Boot::bootSpark()
CRITICAL - 2024-11-18 11:20:06 --> ErrorException: require(/home/vagrant/TestCodeIgniter/app/Views/errors/cli/error_exception.php): Failed to open stream: No such file or directory
[Method: CLI, Route: db:seed/Guigui]
in SYSTEMPATH/CLI/BaseCommand.php on line 133.
 1 SYSTEMPATH/CLI/BaseCommand.php(133): CodeIgniter\Debug\Exceptions->errorHandler()
 2 SYSTEMPATH/CLI/BaseCommand.php(133): require()
 3 SYSTEMPATH/Commands/Database/Seed.php(81): CodeIgniter\CLI\BaseCommand->showError()
 4 SYSTEMPATH/CLI/Commands.php(70): CodeIgniter\Commands\Database\Seed->run()
 5 SYSTEMPATH/CLI/Console.php(48): CodeIgniter\CLI\Commands->run()
 6 SYSTEMPATH/Boot.php(351): CodeIgniter\CLI\Console->run()
 7 SYSTEMPATH/Boot.php(104): CodeIgniter\Boot::runCommand()
 8 ROOTPATH/spark(84): CodeIgniter\Boot::bootSpark()
CRITICAL - 2024-11-18 11:21:31 --> ErrorException: require(/home/vagrant/TestCodeIgniter/app/Views/errors/cli/error_exception.php): Failed to open stream: No such file or directory
[Method: CLI, Route: db:seed/Guigui]
in SYSTEMPATH/CLI/BaseCommand.php on line 133.
 1 SYSTEMPATH/CLI/BaseCommand.php(133): CodeIgniter\Debug\Exceptions->errorHandler()
 2 SYSTEMPATH/CLI/BaseCommand.php(133): require()
 3 SYSTEMPATH/Commands/Database/Seed.php(81): CodeIgniter\CLI\BaseCommand->showError()
 4 SYSTEMPATH/CLI/Commands.php(70): CodeIgniter\Commands\Database\Seed->run()
 5 SYSTEMPATH/CLI/Console.php(48): CodeIgniter\CLI\Commands->run()
 6 SYSTEMPATH/Boot.php(351): CodeIgniter\CLI\Console->run()
 7 SYSTEMPATH/Boot.php(104): CodeIgniter\Boot::runCommand()
 8 ROOTPATH/spark(84): CodeIgniter\Boot::bootSpark()
CRITICAL - 2024-11-18 11:22:56 --> ErrorException: require(/home/vagrant/TestCodeIgniter/app/Views/errors/cli/error_exception.php): Failed to open stream: No such file or directory
[Method: CLI, Route: db:seed/Guigui]
in SYSTEMPATH/CLI/BaseCommand.php on line 133.
 1 SYSTEMPATH/CLI/BaseCommand.php(133): CodeIgniter\Debug\Exceptions->errorHandler()
 2 SYSTEMPATH/CLI/BaseCommand.php(133): require()
 3 SYSTEMPATH/Commands/Database/Seed.php(81): CodeIgniter\CLI\BaseCommand->showError()
 4 SYSTEMPATH/CLI/Commands.php(70): CodeIgniter\Commands\Database\Seed->run()
 5 SYSTEMPATH/CLI/Console.php(48): CodeIgniter\CLI\Commands->run()
 6 SYSTEMPATH/Boot.php(351): CodeIgniter\CLI\Console->run()
 7 SYSTEMPATH/Boot.php(104): CodeIgniter\Boot::runCommand()
 8 ROOTPATH/spark(84): CodeIgniter\Boot::bootSpark()
CRITICAL - 2024-11-18 11:23:51 --> ErrorException: require(/home/vagrant/TestCodeIgniter/app/Views/errors/cli/error_exception.php): Failed to open stream: No such file or directory
[Method: CLI, Route: db:seed/Guigui]
in SYSTEMPATH/CLI/BaseCommand.php on line 133.
 1 SYSTEMPATH/CLI/BaseCommand.php(133): CodeIgniter\Debug\Exceptions->errorHandler()
 2 SYSTEMPATH/CLI/BaseCommand.php(133): require()
 3 SYSTEMPATH/Commands/Database/Seed.php(81): CodeIgniter\CLI\BaseCommand->showError()
 4 SYSTEMPATH/CLI/Commands.php(70): CodeIgniter\Commands\Database\Seed->run()
 5 SYSTEMPATH/CLI/Console.php(48): CodeIgniter\CLI\Commands->run()
 6 SYSTEMPATH/Boot.php(351): CodeIgniter\CLI\Console->run()
 7 SYSTEMPATH/Boot.php(104): CodeIgniter\Boot::runCommand()
 8 ROOTPATH/spark(84): CodeIgniter\Boot::bootSpark()
CRITICAL - 2024-11-18 11:24:37 --> ErrorException: require(/home/vagrant/TestCodeIgniter/app/Views/errors/cli/error_exception.php): Failed to open stream: No such file or directory
[Method: CLI, Route: db:seed/Guigui]
in SYSTEMPATH/CLI/BaseCommand.php on line 133.
 1 SYSTEMPATH/CLI/BaseCommand.php(133): CodeIgniter\Debug\Exceptions->errorHandler()
 2 SYSTEMPATH/CLI/BaseCommand.php(133): require()
 3 SYSTEMPATH/Commands/Database/Seed.php(81): CodeIgniter\CLI\BaseCommand->showError()
 4 SYSTEMPATH/CLI/Commands.php(70): CodeIgniter\Commands\Database\Seed->run()
 5 SYSTEMPATH/CLI/Console.php(48): CodeIgniter\CLI\Commands->run()
 6 SYSTEMPATH/Boot.php(351): CodeIgniter\CLI\Console->run()
 7 SYSTEMPATH/Boot.php(104): CodeIgniter\Boot::runCommand()
 8 ROOTPATH/spark(84): CodeIgniter\Boot::bootSpark()
CRITICAL - 2024-11-18 11:24:41 --> ErrorException: require(/home/vagrant/TestCodeIgniter/app/Views/errors/cli/error_exception.php): Failed to open stream: No such file or directory
[Method: CLI, Route: db:seed/guigui]
in SYSTEMPATH/CLI/BaseCommand.php on line 133.
 1 SYSTEMPATH/CLI/BaseCommand.php(133): CodeIgniter\Debug\Exceptions->errorHandler()
 2 SYSTEMPATH/CLI/BaseCommand.php(133): require()
 3 SYSTEMPATH/Commands/Database/Seed.php(81): CodeIgniter\CLI\BaseCommand->showError()
 4 SYSTEMPATH/CLI/Commands.php(70): CodeIgniter\Commands\Database\Seed->run()
 5 SYSTEMPATH/CLI/Console.php(48): CodeIgniter\CLI\Commands->run()
 6 SYSTEMPATH/Boot.php(351): CodeIgniter\CLI\Console->run()
 7 SYSTEMPATH/Boot.php(104): CodeIgniter\Boot::runCommand()
 8 ROOTPATH/spark(84): CodeIgniter\Boot::bootSpark()
CRITICAL - 2024-11-18 11:26:49 --> ErrorException: require(/home/vagrant/TestCodeIgniter/app/Views/errors/cli/error_exception.php): Failed to open stream: No such file or directory
[Method: CLI, Route: db:seed/guigui]
in SYSTEMPATH/CLI/BaseCommand.php on line 133.
 1 SYSTEMPATH/CLI/BaseCommand.php(133): CodeIgniter\Debug\Exceptions->errorHandler()
 2 SYSTEMPATH/CLI/BaseCommand.php(133): require()
 3 SYSTEMPATH/Commands/Database/Seed.php(81): CodeIgniter\CLI\BaseCommand->showError()
 4 SYSTEMPATH/CLI/Commands.php(70): CodeIgniter\Commands\Database\Seed->run()
 5 SYSTEMPATH/CLI/Console.php(48): CodeIgniter\CLI\Commands->run()
 6 SYSTEMPATH/Boot.php(351): CodeIgniter\CLI\Console->run()
 7 SYSTEMPATH/Boot.php(104): CodeIgniter\Boot::runCommand()
 8 ROOTPATH/spark(84): CodeIgniter\Boot::bootSpark()
CRITICAL - 2024-11-18 11:27:08 --> ErrorException: require(/home/vagrant/TestCodeIgniter/app/Views/errors/cli/error_exception.php): Failed to open stream: No such file or directory
[Method: CLI, Route: db:seed/guigui]
in SYSTEMPATH/CLI/BaseCommand.php on line 133.
 1 SYSTEMPATH/CLI/BaseCommand.php(133): CodeIgniter\Debug\Exceptions->errorHandler()
 2 SYSTEMPATH/CLI/BaseCommand.php(133): require()
 3 SYSTEMPATH/Commands/Database/Seed.php(81): CodeIgniter\CLI\BaseCommand->showError()
 4 SYSTEMPATH/CLI/Commands.php(70): CodeIgniter\Commands\Database\Seed->run()
 5 SYSTEMPATH/CLI/Console.php(48): CodeIgniter\CLI\Commands->run()
 6 SYSTEMPATH/Boot.php(351): CodeIgniter\CLI\Console->run()
 7 SYSTEMPATH/Boot.php(104): CodeIgniter\Boot::runCommand()
 8 ROOTPATH/spark(84): CodeIgniter\Boot::bootSpark()
CRITICAL - 2024-11-18 12:53:47 --> ErrorException: require(/home/vagrant/TestCodeIgniter/app/Views/errors/cli/error_exception.php): Failed to open stream: No such file or directory
[Method: CLI, Route: db:seed/guigui]
in SYSTEMPATH/CLI/BaseCommand.php on line 133.
 1 SYSTEMPATH/CLI/BaseCommand.php(133): CodeIgniter\Debug\Exceptions->errorHandler()
 2 SYSTEMPATH/CLI/BaseCommand.php(133): require()
 3 SYSTEMPATH/Commands/Database/Seed.php(81): CodeIgniter\CLI\BaseCommand->showError()
 4 SYSTEMPATH/CLI/Commands.php(70): CodeIgniter\Commands\Database\Seed->run()
 5 SYSTEMPATH/CLI/Console.php(48): CodeIgniter\CLI\Commands->run()
 6 SYSTEMPATH/Boot.php(351): CodeIgniter\CLI\Console->run()
 7 SYSTEMPATH/Boot.php(104): CodeIgniter\Boot::runCommand()
 8 ROOTPATH/spark(84): CodeIgniter\Boot::bootSpark()
CRITICAL - 2024-11-18 13:14:07 --> ErrorException: require(/home/vagrant/TestCodeIgniter/app/Views/errors/cli/error_exception.php): Failed to open stream: No such file or directory
[Method: CLI, Route: db:seed/Guigui]
in SYSTEMPATH/CLI/BaseCommand.php on line 133.
 1 SYSTEMPATH/CLI/BaseCommand.php(133): CodeIgniter\Debug\Exceptions->errorHandler()
 2 SYSTEMPATH/CLI/BaseCommand.php(133): require()
 3 SYSTEMPATH/Commands/Database/Seed.php(81): CodeIgniter\CLI\BaseCommand->showError()
 4 SYSTEMPATH/CLI/Commands.php(70): CodeIgniter\Commands\Database\Seed->run()
 5 SYSTEMPATH/CLI/Console.php(48): CodeIgniter\CLI\Commands->run()
 6 SYSTEMPATH/Boot.php(351): CodeIgniter\CLI\Console->run()
 7 SYSTEMPATH/Boot.php(104): CodeIgniter\Boot::runCommand()
 8 ROOTPATH/spark(84): CodeIgniter\Boot::bootSpark()
CRITICAL - 2024-11-18 13:14:24 --> ErrorException: require(/home/vagrant/TestCodeIgniter/app/Views/errors/cli/error_exception.php): Failed to open stream: No such file or directory
[Method: CLI, Route: db:seed/Guigui]
in SYSTEMPATH/CLI/BaseCommand.php on line 133.
 1 SYSTEMPATH/CLI/BaseCommand.php(133): CodeIgniter\Debug\Exceptions->errorHandler()
 2 SYSTEMPATH/CLI/BaseCommand.php(133): require()
 3 SYSTEMPATH/Commands/Database/Seed.php(81): CodeIgniter\CLI\BaseCommand->showError()
 4 SYSTEMPATH/CLI/Commands.php(70): CodeIgniter\Commands\Database\Seed->run()
 5 SYSTEMPATH/CLI/Console.php(48): CodeIgniter\CLI\Commands->run()
 6 SYSTEMPATH/Boot.php(351): CodeIgniter\CLI\Console->run()
 7 SYSTEMPATH/Boot.php(104): CodeIgniter\Boot::runCommand()
 8 ROOTPATH/spark(84): CodeIgniter\Boot::bootSpark()
CRITICAL - 2024-11-18 13:16:09 --> ErrorException: require(/home/vagrant/TestCodeIgniter/app/Views/errors/cli/error_exception.php): Failed to open stream: No such file or directory
[Method: CLI, Route: db:seed/Guigui]
in SYSTEMPATH/CLI/BaseCommand.php on line 133.
 1 SYSTEMPATH/CLI/BaseCommand.php(133): CodeIgniter\Debug\Exceptions->errorHandler()
 2 SYSTEMPATH/CLI/BaseCommand.php(133): require()
 3 SYSTEMPATH/Commands/Database/Seed.php(81): CodeIgniter\CLI\BaseCommand->showError()
 4 SYSTEMPATH/CLI/Commands.php(70): CodeIgniter\Commands\Database\Seed->run()
 5 SYSTEMPATH/CLI/Console.php(48): CodeIgniter\CLI\Commands->run()
 6 SYSTEMPATH/Boot.php(351): CodeIgniter\CLI\Console->run()
 7 SYSTEMPATH/Boot.php(104): CodeIgniter\Boot::runCommand()
 8 ROOTPATH/spark(84): CodeIgniter\Boot::bootSpark()
CRITICAL - 2024-11-18 13:16:26 --> ErrorException: require(/home/vagrant/TestCodeIgniter/app/Views/errors/cli/error_exception.php): Failed to open stream: No such file or directory
[Method: CLI, Route: db:seed/Guigui]
in SYSTEMPATH/CLI/BaseCommand.php on line 133.
 1 SYSTEMPATH/CLI/BaseCommand.php(133): CodeIgniter\Debug\Exceptions->errorHandler()
 2 SYSTEMPATH/CLI/BaseCommand.php(133): require()
 3 SYSTEMPATH/Commands/Database/Seed.php(81): CodeIgniter\CLI\BaseCommand->showError()
 4 SYSTEMPATH/CLI/Commands.php(70): CodeIgniter\Commands\Database\Seed->run()
 5 SYSTEMPATH/CLI/Console.php(48): CodeIgniter\CLI\Commands->run()
 6 SYSTEMPATH/Boot.php(351): CodeIgniter\CLI\Console->run()
 7 SYSTEMPATH/Boot.php(104): CodeIgniter\Boot::runCommand()
 8 ROOTPATH/spark(84): CodeIgniter\Boot::bootSpark()
CRITICAL - 2024-11-18 13:16:37 --> ErrorException: require(/home/vagrant/TestCodeIgniter/app/Views/errors/cli/error_exception.php): Failed to open stream: No such file or directory
[Method: CLI, Route: db:seed/guigui]
in SYSTEMPATH/CLI/BaseCommand.php on line 133.
 1 SYSTEMPATH/CLI/BaseCommand.php(133): CodeIgniter\Debug\Exceptions->errorHandler()
 2 SYSTEMPATH/CLI/BaseCommand.php(133): require()
 3 SYSTEMPATH/Commands/Database/Seed.php(81): CodeIgniter\CLI\BaseCommand->showError()
 4 SYSTEMPATH/CLI/Commands.php(70): CodeIgniter\Commands\Database\Seed->run()
 5 SYSTEMPATH/CLI/Console.php(48): CodeIgniter\CLI\Commands->run()
 6 SYSTEMPATH/Boot.php(351): CodeIgniter\CLI\Console->run()
 7 SYSTEMPATH/Boot.php(104): CodeIgniter\Boot::runCommand()
 8 ROOTPATH/spark(84): CodeIgniter\Boot::bootSpark()
ERROR - 2024-11-18 13:17:30 --> mysqli_sql_exception: Unknown column 'nom' in 'field list' in /home/vagrant/TestCodeIgniter/vendor/codeigniter4/framework/system/Database/MySQLi/Connection.php:312
Stack trace:
#0 /home/vagrant/TestCodeIgniter/vendor/codeigniter4/framework/system/Database/MySQLi/Connection.php(312): mysqli->query()
#1 /home/vagrant/TestCodeIgniter/vendor/codeigniter4/framework/system/Database/BaseConnection.php(734): CodeIgniter\Database\MySQLi\Connection->execute()
#2 /home/vagrant/TestCodeIgniter/vendor/codeigniter4/framework/system/Database/BaseConnection.php(648): CodeIgniter\Database\BaseConnection->simpleQuery()
#3 /home/vagrant/TestCodeIgniter/vendor/codeigniter4/framework/system/Database/BaseBuilder.php(2340): CodeIgniter\Database\BaseConnection->query()
#4 /home/vagrant/TestCodeIgniter/app/Database/Seeds/Guigui.php(20): CodeIgniter\Database\BaseBuilder->insert()
#5 /home/vagrant/TestCodeIgniter/vendor/codeigniter4/framework/system/Database/Seeder.php(147): App\Database\Seeds\Guigui->run()
#6 /home/vagrant/TestCodeIgniter/vendor/codeigniter4/framework/system/Commands/Database/Seed.php(79): CodeIgniter\Database\Seeder->call()
#7 /home/vagrant/TestCodeIgniter/vendor/codeigniter4/framework/system/CLI/Commands.php(70): CodeIgniter\Commands\Database\Seed->run()
#8 /home/vagrant/TestCodeIgniter/vendor/codeigniter4/framework/system/CLI/Console.php(48): CodeIgniter\CLI\Commands->run()
#9 /home/vagrant/TestCodeIgniter/vendor/codeigniter4/framework/system/Boot.php(351): CodeIgniter\CLI\Console->run()
#10 /home/vagrant/TestCodeIgniter/vendor/codeigniter4/framework/system/Boot.php(104): CodeIgniter\Boot::runCommand()
#11 /home/vagrant/TestCodeIgniter/spark(84): CodeIgniter\Boot::bootSpark()
#12 {main}
CRITICAL - 2024-11-18 13:17:30 --> ErrorException: require(/home/vagrant/TestCodeIgniter/app/Views/errors/cli/error_exception.php): Failed to open stream: No such file or directory
[Method: CLI, Route: db:seed/Guigui]
in SYSTEMPATH/CLI/BaseCommand.php on line 133.
 1 SYSTEMPATH/CLI/BaseCommand.php(133): CodeIgniter\Debug\Exceptions->errorHandler()
 2 SYSTEMPATH/CLI/BaseCommand.php(133): require()
 3 SYSTEMPATH/Commands/Database/Seed.php(81): CodeIgniter\CLI\BaseCommand->showError()
 4 SYSTEMPATH/CLI/Commands.php(70): CodeIgniter\Commands\Database\Seed->run()
 5 SYSTEMPATH/CLI/Console.php(48): CodeIgniter\CLI\Commands->run()
 6 SYSTEMPATH/Boot.php(351): CodeIgniter\CLI\Console->run()
 7 SYSTEMPATH/Boot.php(104): CodeIgniter\Boot::runCommand()
 8 ROOTPATH/spark(84): CodeIgniter\Boot::bootSpark()
ERROR - 2024-11-18 13:17:33 --> mysqli_sql_exception: Unknown column 'nom' in 'field list' in /home/vagrant/TestCodeIgniter/vendor/codeigniter4/framework/system/Database/MySQLi/Connection.php:312
Stack trace:
#0 /home/vagrant/TestCodeIgniter/vendor/codeigniter4/framework/system/Database/MySQLi/Connection.php(312): mysqli->query()
#1 /home/vagrant/TestCodeIgniter/vendor/codeigniter4/framework/system/Database/BaseConnection.php(734): CodeIgniter\Database\MySQLi\Connection->execute()
#2 /home/vagrant/TestCodeIgniter/vendor/codeigniter4/framework/system/Database/BaseConnection.php(648): CodeIgniter\Database\BaseConnection->simpleQuery()
#3 /home/vagrant/TestCodeIgniter/vendor/codeigniter4/framework/system/Database/BaseBuilder.php(2340): CodeIgniter\Database\BaseConnection->query()
#4 /home/vagrant/TestCodeIgniter/app/Database/Seeds/guigui.php(20): CodeIgniter\Database\BaseBuilder->insert()
#5 /home/vagrant/TestCodeIgniter/vendor/codeigniter4/framework/system/Database/Seeder.php(147): App\Database\Seeds\Guigui->run()
#6 /home/vagrant/TestCodeIgniter/vendor/codeigniter4/framework/system/Commands/Database/Seed.php(79): CodeIgniter\Database\Seeder->call()
#7 /home/vagrant/TestCodeIgniter/vendor/codeigniter4/framework/system/CLI/Commands.php(70): CodeIgniter\Commands\Database\Seed->run()
#8 /home/vagrant/TestCodeIgniter/vendor/codeigniter4/framework/system/CLI/Console.php(48): CodeIgniter\CLI\Commands->run()
#9 /home/vagrant/TestCodeIgniter/vendor/codeigniter4/framework/system/Boot.php(351): CodeIgniter\CLI\Console->run()
#10 /home/vagrant/TestCodeIgniter/vendor/codeigniter4/framework/system/Boot.php(104): CodeIgniter\Boot::runCommand()
#11 /home/vagrant/TestCodeIgniter/spark(84): CodeIgniter\Boot::bootSpark()
#12 {main}
CRITICAL - 2024-11-18 13:17:33 --> ErrorException: require(/home/vagrant/TestCodeIgniter/app/Views/errors/cli/error_exception.php): Failed to open stream: No such file or directory
[Method: CLI, Route: db:seed/guigui]
in SYSTEMPATH/CLI/BaseCommand.php on line 133.
 1 SYSTEMPATH/CLI/BaseCommand.php(133): CodeIgniter\Debug\Exceptions->errorHandler()
 2 SYSTEMPATH/CLI/BaseCommand.php(133): require()
 3 SYSTEMPATH/Commands/Database/Seed.php(81): CodeIgniter\CLI\BaseCommand->showError()
 4 SYSTEMPATH/CLI/Commands.php(70): CodeIgniter\Commands\Database\Seed->run()
 5 SYSTEMPATH/CLI/Console.php(48): CodeIgniter\CLI\Commands->run()
 6 SYSTEMPATH/Boot.php(351): CodeIgniter\CLI\Console->run()
 7 SYSTEMPATH/Boot.php(104): CodeIgniter\Boot::runCommand()
 8 ROOTPATH/spark(84): CodeIgniter\Boot::bootSpark()
ERROR - 2024-11-18 13:17:39 --> mysqli_sql_exception: Unknown column 'nom' in 'field list' in /home/vagrant/TestCodeIgniter/vendor/codeigniter4/framework/system/Database/MySQLi/Connection.php:312
Stack trace:
#0 /home/vagrant/TestCodeIgniter/vendor/codeigniter4/framework/system/Database/MySQLi/Connection.php(312): mysqli->query()
#1 /home/vagrant/TestCodeIgniter/vendor/codeigniter4/framework/system/Database/BaseConnection.php(734): CodeIgniter\Database\MySQLi\Connection->execute()
#2 /home/vagrant/TestCodeIgniter/vendor/codeigniter4/framework/system/Database/BaseConnection.php(648): CodeIgniter\Database\BaseConnection->simpleQuery()
#3 /home/vagrant/TestCodeIgniter/vendor/codeigniter4/framework/system/Database/BaseBuilder.php(2340): CodeIgniter\Database\BaseConnection->query()
#4 /home/vagrant/TestCodeIgniter/app/Database/Seeds/Guigui.php(20): CodeIgniter\Database\BaseBuilder->insert()
#5 /home/vagrant/TestCodeIgniter/vendor/codeigniter4/framework/system/Database/Seeder.php(147): App\Database\Seeds\Guigui->run()
#6 /home/vagrant/TestCodeIgniter/vendor/codeigniter4/framework/system/Commands/Database/Seed.php(79): CodeIgniter\Database\Seeder->call()
#7 /home/vagrant/TestCodeIgniter/vendor/codeigniter4/framework/system/CLI/Commands.php(70): CodeIgniter\Commands\Database\Seed->run()
#8 /home/vagrant/TestCodeIgniter/vendor/codeigniter4/framework/system/CLI/Console.php(48): CodeIgniter\CLI\Commands->run()
#9 /home/vagrant/TestCodeIgniter/vendor/codeigniter4/framework/system/Boot.php(351): CodeIgniter\CLI\Console->run()
#10 /home/vagrant/TestCodeIgniter/vendor/codeigniter4/framework/system/Boot.php(104): CodeIgniter\Boot::runCommand()
#11 /home/vagrant/TestCodeIgniter/spark(84): CodeIgniter\Boot::bootSpark()
#12 {main}
CRITICAL - 2024-11-18 13:17:39 --> ErrorException: require(/home/vagrant/TestCodeIgniter/app/Views/errors/cli/error_exception.php): Failed to open stream: No such file or directory
[Method: CLI, Route: db:seed/Guigui]
in SYSTEMPATH/CLI/BaseCommand.php on line 133.
 1 SYSTEMPATH/CLI/BaseCommand.php(133): CodeIgniter\Debug\Exceptions->errorHandler()
 2 SYSTEMPATH/CLI/BaseCommand.php(133): require()
 3 SYSTEMPATH/Commands/Database/Seed.php(81): CodeIgniter\CLI\BaseCommand->showError()
 4 SYSTEMPATH/CLI/Commands.php(70): CodeIgniter\Commands\Database\Seed->run()
 5 SYSTEMPATH/CLI/Console.php(48): CodeIgniter\CLI\Commands->run()
 6 SYSTEMPATH/Boot.php(351): CodeIgniter\CLI\Console->run()
 7 SYSTEMPATH/Boot.php(104): CodeIgniter\Boot::runCommand()
 8 ROOTPATH/spark(84): CodeIgniter\Boot::bootSpark()
ERROR - 2024-11-18 13:18:56 --> mysqli_sql_exception: Unknown column 'nom' in 'field list' in /home/vagrant/TestCodeIgniter/vendor/codeigniter4/framework/system/Database/MySQLi/Connection.php:312
Stack trace:
#0 /home/vagrant/TestCodeIgniter/vendor/codeigniter4/framework/system/Database/MySQLi/Connection.php(312): mysqli->query()
#1 /home/vagrant/TestCodeIgniter/vendor/codeigniter4/framework/system/Database/BaseConnection.php(734): CodeIgniter\Database\MySQLi\Connection->execute()
#2 /home/vagrant/TestCodeIgniter/vendor/codeigniter4/framework/system/Database/BaseConnection.php(648): CodeIgniter\Database\BaseConnection->simpleQuery()
#3 /home/vagrant/TestCodeIgniter/vendor/codeigniter4/framework/system/Database/BaseBuilder.php(2340): CodeIgniter\Database\BaseConnection->query()
#4 /home/vagrant/TestCodeIgniter/app/Database/Seeds/Guigui.php(20): CodeIgniter\Database\BaseBuilder->insert()
#5 /home/vagrant/TestCodeIgniter/vendor/codeigniter4/framework/system/Database/Seeder.php(147): App\Database\Seeds\Guigui->run()
#6 /home/vagrant/TestCodeIgniter/vendor/codeigniter4/framework/system/Commands/Database/Seed.php(79): CodeIgniter\Database\Seeder->call()
#7 /home/vagrant/TestCodeIgniter/vendor/codeigniter4/framework/system/CLI/Commands.php(70): CodeIgniter\Commands\Database\Seed->run()
#8 /home/vagrant/TestCodeIgniter/vendor/codeigniter4/framework/system/CLI/Console.php(48): CodeIgniter\CLI\Commands->run()
#9 /home/vagrant/TestCodeIgniter/vendor/codeigniter4/framework/system/Boot.php(351): CodeIgniter\CLI\Console->run()
#10 /home/vagrant/TestCodeIgniter/vendor/codeigniter4/framework/system/Boot.php(104): CodeIgniter\Boot::runCommand()
#11 /home/vagrant/TestCodeIgniter/spark(84): CodeIgniter\Boot::bootSpark()
#12 {main}
CRITICAL - 2024-11-18 13:18:56 --> ErrorException: require(/home/vagrant/TestCodeIgniter/app/Views/errors/cli/error_exception.php): Failed to open stream: No such file or directory
[Method: CLI, Route: db:seed/Guigui]
in SYSTEMPATH/CLI/BaseCommand.php on line 133.
 1 SYSTEMPATH/CLI/BaseCommand.php(133): CodeIgniter\Debug\Exceptions->errorHandler()
 2 SYSTEMPATH/CLI/BaseCommand.php(133): require()
 3 SYSTEMPATH/Commands/Database/Seed.php(81): CodeIgniter\CLI\BaseCommand->showError()
 4 SYSTEMPATH/CLI/Commands.php(70): CodeIgniter\Commands\Database\Seed->run()
 5 SYSTEMPATH/CLI/Console.php(48): CodeIgniter\CLI\Commands->run()
 6 SYSTEMPATH/Boot.php(351): CodeIgniter\CLI\Console->run()
 7 SYSTEMPATH/Boot.php(104): CodeIgniter\Boot::runCommand()
 8 ROOTPATH/spark(84): CodeIgniter\Boot::bootSpark()
ERROR - 2024-11-18 13:18:59 --> mysqli_sql_exception: Unknown column 'nom' in 'field list' in /home/vagrant/TestCodeIgniter/vendor/codeigniter4/framework/system/Database/MySQLi/Connection.php:312
Stack trace:
#0 /home/vagrant/TestCodeIgniter/vendor/codeigniter4/framework/system/Database/MySQLi/Connection.php(312): mysqli->query()
#1 /home/vagrant/TestCodeIgniter/vendor/codeigniter4/framework/system/Database/BaseConnection.php(734): CodeIgniter\Database\MySQLi\Connection->execute()
#2 /home/vagrant/TestCodeIgniter/vendor/codeigniter4/framework/system/Database/BaseConnection.php(648): CodeIgniter\Database\BaseConnection->simpleQuery()
#3 /home/vagrant/TestCodeIgniter/vendor/codeigniter4/framework/system/Database/BaseBuilder.php(2340): CodeIgniter\Database\BaseConnection->query()
#4 /home/vagrant/TestCodeIgniter/app/Database/Seeds/guigui.php(20): CodeIgniter\Database\BaseBuilder->insert()
#5 /home/vagrant/TestCodeIgniter/vendor/codeigniter4/framework/system/Database/Seeder.php(147): App\Database\Seeds\Guigui->run()
#6 /home/vagrant/TestCodeIgniter/vendor/codeigniter4/framework/system/Commands/Database/Seed.php(79): CodeIgniter\Database\Seeder->call()
#7 /home/vagrant/TestCodeIgniter/vendor/codeigniter4/framework/system/CLI/Commands.php(70): CodeIgniter\Commands\Database\Seed->run()
#8 /home/vagrant/TestCodeIgniter/vendor/codeigniter4/framework/system/CLI/Console.php(48): CodeIgniter\CLI\Commands->run()
#9 /home/vagrant/TestCodeIgniter/vendor/codeigniter4/framework/system/Boot.php(351): CodeIgniter\CLI\Console->run()
#10 /home/vagrant/TestCodeIgniter/vendor/codeigniter4/framework/system/Boot.php(104): CodeIgniter\Boot::runCommand()
#11 /home/vagrant/TestCodeIgniter/spark(84): CodeIgniter\Boot::bootSpark()
#12 {main}
CRITICAL - 2024-11-18 13:18:59 --> ErrorException: require(/home/vagrant/TestCodeIgniter/app/Views/errors/cli/error_exception.php): Failed to open stream: No such file or directory
[Method: CLI, Route: db:seed/guigui]
in SYSTEMPATH/CLI/BaseCommand.php on line 133.
 1 SYSTEMPATH/CLI/BaseCommand.php(133): CodeIgniter\Debug\Exceptions->errorHandler()
 2 SYSTEMPATH/CLI/BaseCommand.php(133): require()
 3 SYSTEMPATH/Commands/Database/Seed.php(81): CodeIgniter\CLI\BaseCommand->showError()
 4 SYSTEMPATH/CLI/Commands.php(70): CodeIgniter\Commands\Database\Seed->run()
 5 SYSTEMPATH/CLI/Console.php(48): CodeIgniter\CLI\Commands->run()
 6 SYSTEMPATH/Boot.php(351): CodeIgniter\CLI\Console->run()
 7 SYSTEMPATH/Boot.php(104): CodeIgniter\Boot::runCommand()
 8 ROOTPATH/spark(84): CodeIgniter\Boot::bootSpark()
ERROR - 2024-11-18 13:23:12 --> mysqli_sql_exception: Unknown column 'nom' in 'field list' in /home/vagrant/TestCodeIgniter/vendor/codeigniter4/framework/system/Database/MySQLi/Connection.php:312
Stack trace:
#0 /home/vagrant/TestCodeIgniter/vendor/codeigniter4/framework/system/Database/MySQLi/Connection.php(312): mysqli->query()
#1 /home/vagrant/TestCodeIgniter/vendor/codeigniter4/framework/system/Database/BaseConnection.php(734): CodeIgniter\Database\MySQLi\Connection->execute()
#2 /home/vagrant/TestCodeIgniter/vendor/codeigniter4/framework/system/Database/BaseConnection.php(648): CodeIgniter\Database\BaseConnection->simpleQuery()
#3 /home/vagrant/TestCodeIgniter/vendor/codeigniter4/framework/system/Database/BaseBuilder.php(2340): CodeIgniter\Database\BaseConnection->query()
#4 /home/vagrant/TestCodeIgniter/app/Database/Seeds/Guigui.php(20): CodeIgniter\Database\BaseBuilder->insert()
#5 /home/vagrant/TestCodeIgniter/vendor/codeigniter4/framework/system/Database/Seeder.php(147): App\Database\Seeds\Guigui->run()
#6 /home/vagrant/TestCodeIgniter/vendor/codeigniter4/framework/system/Commands/Database/Seed.php(79): CodeIgniter\Database\Seeder->call()
#7 /home/vagrant/TestCodeIgniter/vendor/codeigniter4/framework/system/CLI/Commands.php(70): CodeIgniter\Commands\Database\Seed->run()
#8 /home/vagrant/TestCodeIgniter/vendor/codeigniter4/framework/system/CLI/Console.php(48): CodeIgniter\CLI\Commands->run()
#9 /home/vagrant/TestCodeIgniter/vendor/codeigniter4/framework/system/Boot.php(351): CodeIgniter\CLI\Console->run()
#10 /home/vagrant/TestCodeIgniter/vendor/codeigniter4/framework/system/Boot.php(104): CodeIgniter\Boot::runCommand()
#11 /home/vagrant/TestCodeIgniter/spark(84): CodeIgniter\Boot::bootSpark()
#12 {main}
CRITICAL - 2024-11-18 13:23:12 --> ErrorException: require(/home/vagrant/TestCodeIgniter/app/Views/errors/cli/error_exception.php): Failed to open stream: No such file or directory
[Method: CLI, Route: db:seed/Guigui]
in SYSTEMPATH/CLI/BaseCommand.php on line 133.
 1 SYSTEMPATH/CLI/BaseCommand.php(133): CodeIgniter\Debug\Exceptions->errorHandler()
 2 SYSTEMPATH/CLI/BaseCommand.php(133): require()
 3 SYSTEMPATH/Commands/Database/Seed.php(81): CodeIgniter\CLI\BaseCommand->showError()
 4 SYSTEMPATH/CLI/Commands.php(70): CodeIgniter\Commands\Database\Seed->run()
 5 SYSTEMPATH/CLI/Console.php(48): CodeIgniter\CLI\Commands->run()
 6 SYSTEMPATH/Boot.php(351): CodeIgniter\CLI\Console->run()
 7 SYSTEMPATH/Boot.php(104): CodeIgniter\Boot::runCommand()
 8 ROOTPATH/spark(84): CodeIgniter\Boot::bootSpark()
CRITICAL - 2024-11-18 13:24:32 --> ErrorException: require(/home/vagrant/TestCodeIgniter/app/Views/errors/cli/error_exception.php): Failed to open stream: No such file or directory
[Method: CLI, Route: db:seed/Guigui]
in SYSTEMPATH/CLI/BaseCommand.php on line 133.
 1 SYSTEMPATH/CLI/BaseCommand.php(133): CodeIgniter\Debug\Exceptions->errorHandler()
 2 SYSTEMPATH/CLI/BaseCommand.php(133): require()
 3 SYSTEMPATH/Commands/Database/Seed.php(81): CodeIgniter\CLI\BaseCommand->showError()
 4 SYSTEMPATH/CLI/Commands.php(70): CodeIgniter\Commands\Database\Seed->run()
 5 SYSTEMPATH/CLI/Console.php(48): CodeIgniter\CLI\Commands->run()
 6 SYSTEMPATH/Boot.php(351): CodeIgniter\CLI\Console->run()
 7 SYSTEMPATH/Boot.php(104): CodeIgniter\Boot::runCommand()
 8 ROOTPATH/spark(84): CodeIgniter\Boot::bootSpark()
CRITICAL - 2024-11-18 13:24:40 --> ErrorException: require(/home/vagrant/TestCodeIgniter/app/Views/errors/cli/error_exception.php): Failed to open stream: No such file or directory
[Method: CLI, Route: db:seed/Guigui]
in SYSTEMPATH/CLI/BaseCommand.php on line 133.
 1 SYSTEMPATH/CLI/BaseCommand.php(133): CodeIgniter\Debug\Exceptions->errorHandler()
 2 SYSTEMPATH/CLI/BaseCommand.php(133): require()
 3 SYSTEMPATH/Commands/Database/Seed.php(81): CodeIgniter\CLI\BaseCommand->showError()
 4 SYSTEMPATH/CLI/Commands.php(70): CodeIgniter\Commands\Database\Seed->run()
 5 SYSTEMPATH/CLI/Console.php(48): CodeIgniter\CLI\Commands->run()
 6 SYSTEMPATH/Boot.php(351): CodeIgniter\CLI\Console->run()
 7 SYSTEMPATH/Boot.php(104): CodeIgniter\Boot::runCommand()
 8 ROOTPATH/spark(84): CodeIgniter\Boot::bootSpark()
CRITICAL - 2024-11-18 13:24:44 --> ErrorException: require(/home/vagrant/TestCodeIgniter/app/Views/errors/cli/error_exception.php): Failed to open stream: No such file or directory
[Method: CLI, Route: db:seed/guigui]
in SYSTEMPATH/CLI/BaseCommand.php on line 133.
 1 SYSTEMPATH/CLI/BaseCommand.php(133): CodeIgniter\Debug\Exceptions->errorHandler()
 2 SYSTEMPATH/CLI/BaseCommand.php(133): require()
 3 SYSTEMPATH/Commands/Database/Seed.php(81): CodeIgniter\CLI\BaseCommand->showError()
 4 SYSTEMPATH/CLI/Commands.php(70): CodeIgniter\Commands\Database\Seed->run()
 5 SYSTEMPATH/CLI/Console.php(48): CodeIgniter\CLI\Commands->run()
 6 SYSTEMPATH/Boot.php(351): CodeIgniter\CLI\Console->run()
 7 SYSTEMPATH/Boot.php(104): CodeIgniter\Boot::runCommand()
 8 ROOTPATH/spark(84): CodeIgniter\Boot::bootSpark()
CRITICAL - 2024-11-18 13:28:28 --> ErrorException: require(/home/vagrant/TestCodeIgniter/app/Views/errors/cli/error_exception.php): Failed to open stream: No such file or directory
[Method: CLI, Route: db:seed/Guigui]
in SYSTEMPATH/CLI/BaseCommand.php on line 133.
 1 SYSTEMPATH/CLI/BaseCommand.php(133): CodeIgniter\Debug\Exceptions->errorHandler()
 2 SYSTEMPATH/CLI/BaseCommand.php(133): require()
 3 SYSTEMPATH/Commands/Database/Seed.php(81): CodeIgniter\CLI\BaseCommand->showError()
 4 SYSTEMPATH/CLI/Commands.php(70): CodeIgniter\Commands\Database\Seed->run()
 5 SYSTEMPATH/CLI/Console.php(48): CodeIgniter\CLI\Commands->run()
 6 SYSTEMPATH/Boot.php(351): CodeIgniter\CLI\Console->run()
 7 SYSTEMPATH/Boot.php(104): CodeIgniter\Boot::runCommand()
 8 ROOTPATH/spark(84): CodeIgniter\Boot::bootSpark()
CRITICAL - 2024-11-18 13:28:38 --> ErrorException: require(/home/vagrant/TestCodeIgniter/app/Views/errors/cli/error_exception.php): Failed to open stream: No such file or directory
[Method: CLI, Route: db:seed/guigui]
in SYSTEMPATH/CLI/BaseCommand.php on line 133.
 1 SYSTEMPATH/CLI/BaseCommand.php(133): CodeIgniter\Debug\Exceptions->errorHandler()
 2 SYSTEMPATH/CLI/BaseCommand.php(133): require()
 3 SYSTEMPATH/Commands/Database/Seed.php(81): CodeIgniter\CLI\BaseCommand->showError()
 4 SYSTEMPATH/CLI/Commands.php(70): CodeIgniter\Commands\Database\Seed->run()
 5 SYSTEMPATH/CLI/Console.php(48): CodeIgniter\CLI\Commands->run()
 6 SYSTEMPATH/Boot.php(351): CodeIgniter\CLI\Console->run()
 7 SYSTEMPATH/Boot.php(104): CodeIgniter\Boot::runCommand()
 8 ROOTPATH/spark(84): CodeIgniter\Boot::bootSpark()
ERROR - 2024-11-18 13:31:23 --> mysqli_sql_exception: Unknown column 'nom' in 'field list' in /home/vagrant/TestCodeIgniter/vendor/codeigniter4/framework/system/Database/MySQLi/Connection.php:312
Stack trace:
#0 /home/vagrant/TestCodeIgniter/vendor/codeigniter4/framework/system/Database/MySQLi/Connection.php(312): mysqli->query()
#1 /home/vagrant/TestCodeIgniter/vendor/codeigniter4/framework/system/Database/BaseConnection.php(734): CodeIgniter\Database\MySQLi\Connection->execute()
#2 /home/vagrant/TestCodeIgniter/vendor/codeigniter4/framework/system/Database/BaseConnection.php(648): CodeIgniter\Database\BaseConnection->simpleQuery()
#3 /home/vagrant/TestCodeIgniter/vendor/codeigniter4/framework/system/Database/BaseBuilder.php(2340): CodeIgniter\Database\BaseConnection->query()
#4 /home/vagrant/TestCodeIgniter/app/Database/Seeds/GuiguiSeeder.php(20): CodeIgniter\Database\BaseBuilder->insert()
#5 /home/vagrant/TestCodeIgniter/vendor/codeigniter4/framework/system/Database/Seeder.php(147): App\Database\Seeds\GuiguiSeeder->run()
#6 /home/vagrant/TestCodeIgniter/vendor/codeigniter4/framework/system/Commands/Database/Seed.php(79): CodeIgniter\Database\Seeder->call()
#7 /home/vagrant/TestCodeIgniter/vendor/codeigniter4/framework/system/CLI/Commands.php(70): CodeIgniter\Commands\Database\Seed->run()
#8 /home/vagrant/TestCodeIgniter/vendor/codeigniter4/framework/system/CLI/Console.php(48): CodeIgniter\CLI\Commands->run()
#9 /home/vagrant/TestCodeIgniter/vendor/codeigniter4/framework/system/Boot.php(351): CodeIgniter\CLI\Console->run()
#10 /home/vagrant/TestCodeIgniter/vendor/codeigniter4/framework/system/Boot.php(104): CodeIgniter\Boot::runCommand()
#11 /home/vagrant/TestCodeIgniter/spark(84): CodeIgniter\Boot::bootSpark()
#12 {main}
CRITICAL - 2024-11-18 13:31:23 --> ErrorException: require(/home/vagrant/TestCodeIgniter/app/Views/errors/cli/error_exception.php): Failed to open stream: No such file or directory
[Method: CLI, Route: db:seed]
in SYSTEMPATH/CLI/BaseCommand.php on line 133.
 1 SYSTEMPATH/CLI/BaseCommand.php(133): CodeIgniter\Debug\Exceptions->errorHandler()
 2 SYSTEMPATH/CLI/BaseCommand.php(133): require()
 3 SYSTEMPATH/Commands/Database/Seed.php(81): CodeIgniter\CLI\BaseCommand->showError()
 4 SYSTEMPATH/CLI/Commands.php(70): CodeIgniter\Commands\Database\Seed->run()
 5 SYSTEMPATH/CLI/Console.php(48): CodeIgniter\CLI\Commands->run()
 6 SYSTEMPATH/Boot.php(351): CodeIgniter\CLI\Console->run()
 7 SYSTEMPATH/Boot.php(104): CodeIgniter\Boot::runCommand()
 8 ROOTPATH/spark(84): CodeIgniter\Boot::bootSpark()
CRITICAL - 2024-11-18 13:32:39 --> ErrorException: require(/home/vagrant/TestCodeIgniter/app/Views/errors/cli/error_exception.php): Failed to open stream: No such file or directory
[Method: CLI, Route: db:seed/guigui]
in SYSTEMPATH/CLI/BaseCommand.php on line 133.
 1 SYSTEMPATH/CLI/BaseCommand.php(133): CodeIgniter\Debug\Exceptions->errorHandler()
 2 SYSTEMPATH/CLI/BaseCommand.php(133): require()
 3 SYSTEMPATH/Commands/Database/Seed.php(81): CodeIgniter\CLI\BaseCommand->showError()
 4 SYSTEMPATH/CLI/Commands.php(70): CodeIgniter\Commands\Database\Seed->run()
 5 SYSTEMPATH/CLI/Console.php(48): CodeIgniter\CLI\Commands->run()
 6 SYSTEMPATH/Boot.php(351): CodeIgniter\CLI\Console->run()
 7 SYSTEMPATH/Boot.php(104): CodeIgniter\Boot::runCommand()
 8 ROOTPATH/spark(84): CodeIgniter\Boot::bootSpark()
CRITICAL - 2024-11-18 13:32:43 --> ErrorException: require(/home/vagrant/TestCodeIgniter/app/Views/errors/cli/error_exception.php): Failed to open stream: No such file or directory
[Method: CLI, Route: db:seed/Guigui]
in SYSTEMPATH/CLI/BaseCommand.php on line 133.
 1 SYSTEMPATH/CLI/BaseCommand.php(133): CodeIgniter\Debug\Exceptions->errorHandler()
 2 SYSTEMPATH/CLI/BaseCommand.php(133): require()
 3 SYSTEMPATH/Commands/Database/Seed.php(81): CodeIgniter\CLI\BaseCommand->showError()
 4 SYSTEMPATH/CLI/Commands.php(70): CodeIgniter\Commands\Database\Seed->run()
 5 SYSTEMPATH/CLI/Console.php(48): CodeIgniter\CLI\Commands->run()
 6 SYSTEMPATH/Boot.php(351): CodeIgniter\CLI\Console->run()
 7 SYSTEMPATH/Boot.php(104): CodeIgniter\Boot::runCommand()
 8 ROOTPATH/spark(84): CodeIgniter\Boot::bootSpark()
ERROR - 2024-11-18 13:34:06 --> mysqli_sql_exception: Table 'Test.users' doesn't exist in /home/vagrant/TestCodeIgniter/vendor/codeigniter4/framework/system/Database/MySQLi/Connection.php:312
Stack trace:
#0 /home/vagrant/TestCodeIgniter/vendor/codeigniter4/framework/system/Database/MySQLi/Connection.php(312): mysqli->query()
#1 /home/vagrant/TestCodeIgniter/vendor/codeigniter4/framework/system/Database/BaseConnection.php(734): CodeIgniter\Database\MySQLi\Connection->execute()
#2 /home/vagrant/TestCodeIgniter/vendor/codeigniter4/framework/system/Database/BaseConnection.php(648): CodeIgniter\Database\BaseConnection->simpleQuery()
#3 /home/vagrant/TestCodeIgniter/vendor/codeigniter4/framework/system/Database/BaseBuilder.php(2340): CodeIgniter\Database\BaseConnection->query()
#4 /home/vagrant/TestCodeIgniter/app/Database/Seeds/TestSeeder.php(17): CodeIgniter\Database\BaseBuilder->insert()
#5 /home/vagrant/TestCodeIgniter/vendor/codeigniter4/framework/system/Database/Seeder.php(147): App\Database\Seeds\TestSeeder->run()
#6 /home/vagrant/TestCodeIgniter/vendor/codeigniter4/framework/system/Commands/Database/Seed.php(79): CodeIgniter\Database\Seeder->call()
#7 /home/vagrant/TestCodeIgniter/vendor/codeigniter4/framework/system/CLI/Commands.php(70): CodeIgniter\Commands\Database\Seed->run()
#8 /home/vagrant/TestCodeIgniter/vendor/codeigniter4/framework/system/CLI/Console.php(48): CodeIgniter\CLI\Commands->run()
#9 /home/vagrant/TestCodeIgniter/vendor/codeigniter4/framework/system/Boot.php(351): CodeIgniter\CLI\Console->run()
#10 /home/vagrant/TestCodeIgniter/vendor/codeigniter4/framework/system/Boot.php(104): CodeIgniter\Boot::runCommand()
#11 /home/vagrant/TestCodeIgniter/spark(84): CodeIgniter\Boot::bootSpark()
#12 {main}
CRITICAL - 2024-11-18 13:34:06 --> ErrorException: require(/home/vagrant/TestCodeIgniter/app/Views/errors/cli/error_exception.php): Failed to open stream: No such file or directory
[Method: CLI, Route: db:seed/TestSeeder]
in SYSTEMPATH/CLI/BaseCommand.php on line 133.
 1 SYSTEMPATH/CLI/BaseCommand.php(133): CodeIgniter\Debug\Exceptions->errorHandler()
 2 SYSTEMPATH/CLI/BaseCommand.php(133): require()
 3 SYSTEMPATH/Commands/Database/Seed.php(81): CodeIgniter\CLI\BaseCommand->showError()
 4 SYSTEMPATH/CLI/Commands.php(70): CodeIgniter\Commands\Database\Seed->run()
 5 SYSTEMPATH/CLI/Console.php(48): CodeIgniter\CLI\Commands->run()
 6 SYSTEMPATH/Boot.php(351): CodeIgniter\CLI\Console->run()
 7 SYSTEMPATH/Boot.php(104): CodeIgniter\Boot::runCommand()
 8 ROOTPATH/spark(84): CodeIgniter\Boot::bootSpark()
ERROR - 2024-11-18 13:35:16 --> mysqli_sql_exception: Table 'Test.users' doesn't exist in /home/vagrant/TestCodeIgniter/vendor/codeigniter4/framework/system/Database/MySQLi/Connection.php:312
Stack trace:
#0 /home/vagrant/TestCodeIgniter/vendor/codeigniter4/framework/system/Database/MySQLi/Connection.php(312): mysqli->query()
#1 /home/vagrant/TestCodeIgniter/vendor/codeigniter4/framework/system/Database/BaseConnection.php(734): CodeIgniter\Database\MySQLi\Connection->execute()
#2 /home/vagrant/TestCodeIgniter/vendor/codeigniter4/framework/system/Database/BaseConnection.php(648): CodeIgniter\Database\BaseConnection->simpleQuery()
#3 /home/vagrant/TestCodeIgniter/vendor/codeigniter4/framework/system/Database/BaseBuilder.php(2340): CodeIgniter\Database\BaseConnection->query()
#4 /home/vagrant/TestCodeIgniter/app/Database/Seeds/TestSeeder.php(17): CodeIgniter\Database\BaseBuilder->insert()
#5 /home/vagrant/TestCodeIgniter/vendor/codeigniter4/framework/system/Database/Seeder.php(147): App\Database\Seeds\TestSeeder->run()
#6 /home/vagrant/TestCodeIgniter/vendor/codeigniter4/framework/system/Commands/Database/Seed.php(79): CodeIgniter\Database\Seeder->call()
#7 /home/vagrant/TestCodeIgniter/vendor/codeigniter4/framework/system/CLI/Commands.php(70): CodeIgniter\Commands\Database\Seed->run()
#8 /home/vagrant/TestCodeIgniter/vendor/codeigniter4/framework/system/CLI/Console.php(48): CodeIgniter\CLI\Commands->run()
#9 /home/vagrant/TestCodeIgniter/vendor/codeigniter4/framework/system/Boot.php(351): CodeIgniter\CLI\Console->run()
#10 /home/vagrant/TestCodeIgniter/vendor/codeigniter4/framework/system/Boot.php(104): CodeIgniter\Boot::runCommand()
#11 /home/vagrant/TestCodeIgniter/spark(84): CodeIgniter\Boot::bootSpark()
#12 {main}
CRITICAL - 2024-11-18 13:35:16 --> ErrorException: require(/home/vagrant/TestCodeIgniter/app/Views/errors/cli/error_exception.php): Failed to open stream: No such file or directory
[Method: CLI, Route: db:seed/TestSeeder]
in SYSTEMPATH/CLI/BaseCommand.php on line 133.
 1 SYSTEMPATH/CLI/BaseCommand.php(133): CodeIgniter\Debug\Exceptions->errorHandler()
 2 SYSTEMPATH/CLI/BaseCommand.php(133): require()
 3 SYSTEMPATH/Commands/Database/Seed.php(81): CodeIgniter\CLI\BaseCommand->showError()
 4 SYSTEMPATH/CLI/Commands.php(70): CodeIgniter\Commands\Database\Seed->run()
 5 SYSTEMPATH/CLI/Console.php(48): CodeIgniter\CLI\Commands->run()
 6 SYSTEMPATH/Boot.php(351): CodeIgniter\CLI\Console->run()
 7 SYSTEMPATH/Boot.php(104): CodeIgniter\Boot::runCommand()
 8 ROOTPATH/spark(84): CodeIgniter\Boot::bootSpark()
